[7l----total-cpu-usage---- ------memory-usage----- ---load-avg--- -dsk/total- ----system----
usr sys idl wai hiq siq| used  buff  cach  free| 1m   5m  15m | read  writ|  date/time   
  1   1  97   1   0   0| 600M 7312k 2969M  382M|5.32 4.61 4.12| 198k  525k|05-06 00:00:39
  2  14  74  11   0   0| 546M 1692k 17.9M 3393M|5.32 4.61 4.12|7544k    0 |05-06 00:00:40
  1   1  75  23   0   0| 552M 3556k 29.4M 3374M|5.06 4.57 4.11|  27M    0 |05-06 00:00:41
  3   1  72  24   0   0| 557M 4000k 36.2M 3362M|5.06 4.57 4.11|  14M  408k|05-06 00:00:42
  7   3  64  25   0   0| 564M 4784k 44.4M 3346M|5.06 4.57 4.11|  18M    0 |05-06 00:00:43
  7   1  71  21   0   0| 572M 5824k 48.8M 3332M|5.06 4.57 4.11|  11M    0 |05-06 00:00:44
  2   2  82  14   0   0| 572M 6484k 52.8M 3327M|5.06 4.57 4.11|8040k 1088k|05-06 00:00:45
 10   2  71  17   0   0| 589M 6664k 56.2M 3307M|4.81 4.53 4.10|7328k    0 |05-06 00:00:46
 30   3  55  12   0   0| 621M 6668k 59.1M 3273M|4.81 4.53 4.10|6096k    0 |05-06 00:00:47
 41   2  53   4   0   0| 637M 6668k 60.0M 3256M|4.81 4.53 4.10|1952k    0 |05-06 00:00:48
 49   2  40   9   0   0| 656M 7036k 61.6M 3234M|4.81 4.53 4.10|3744k    0 |05-06 00:00:49
 60   3  26  12   0   0| 682M 7428k 63.4M 3206M|4.81 4.53 4.10|4320k 1592k|05-06 00:00:50
 41   4  38  16   0   0| 718M 7452k 69.3M 3164M|4.67 4.50 4.09|  12M    0 |05-06 00:00:51
 56   4  27  14   0   0| 723M 7456k 72.7M 3156M|4.67 4.50 4.09|7144k    0 |05-06 00:00:52
 74   4  16   6   0   0| 741M 8384k 74.6M 3135M|4.67 4.50 4.09|5152k    0 |05-06 00:00:53
 47   2  37  14   0   0| 753M 8628k 76.5M 3121M|4.67 4.50 4.09|4592k    0 |05-06 00:00:54
 64   4  19  13   0   0| 760M 9192k 77.9M 3112M|4.67 4.50 4.09|3392k 1568k|05-06 00:00:55
 58   6  30   6   0   0| 733M 9216k 79.8M 3137M|4.53 4.48 4.08|3000k    0 |05-06 00:00:56
 16   6  63  15   0   0| 577M 10.1M 92.5M 3279M|4.53 4.48 4.08|  27M    0 |05-06 00:00:57
 44  12  39   5   0   0| 999M 11.0M 96.8M 2852M|4.53 4.48 4.08|1800k    0 |05-06 00:00:58
 96   3   1   0   0   0|1088M 11.1M  103M 2757M|4.53 4.48 4.08|  12M    0 |05-06 00:00:59
 96   3   1   0   0   0|1096M 11.1M  108M 2744M|4.53 4.48 4.08|  11M   12M|05-06 00:01:00
 94   5   1   0   0   0|1097M 11.1M  142M 2709M|5.13 4.60 4.13|8192B    0 |05-06 00:01:01
 93   5   2   1   0   0|1098M 11.8M  171M 2678M|5.13 4.60 4.13|3600k    0 |05-06 00:01:02
 94   5   2   0   0   0|1091M 12.2M  206M 2649M|5.13 4.60 4.13|8192B    0 |05-06 00:01:03
 94   3   3   0   0   0|1093M 14.2M  239M 2612M|5.13 4.60 4.13|   0     0 |05-06 00:01:04
 94   4   1   0   0   0|1095M 15.6M  279M 2569M|5.13 4.60 4.13|8192B 5840k|05-06 00:01:05
 94   4   1   1   0   0|1099M 15.6M  314M 2530M|5.60 4.71 4.16|   0    20M|05-06 00:01:06
 93   6   1   1   1   0|1101M 15.6M  351M 2491M|5.60 4.71 4.16| 144k   37M|05-06 00:01:07
 86   7   1   7   0   0|1098M 15.6M  386M 2458M|5.60 4.71 4.16| 232k   46M|05-06 00:01:08
 93   5   2   1   0   0|1100M 15.7M  424M 2418M|5.60 4.71 4.16| 640k   48M|05-06 00:01:09
 94   4   1   0   0   0|1100M 15.7M  461M 2382M|5.60 4.71 4.16| 168k   55M|05-06 00:01:10
 93   4   2   1   1   0|1101M 15.7M  496M 2347M|6.03 4.81 4.20|   0    40M|05-06 00:01:11
 93   5   1   1   1   0|1102M 15.7M  536M 2305M|6.03 4.81 4.20|   0    62M|05-06 00:01:12
 94   4   1   0   1   0|1104M 15.7M  576M 2263M|6.03 4.81 4.20|   0    66M|05-06 00:01:13
 67   5   1  28   0   0|1105M 15.7M  605M 2233M|6.03 4.81 4.20|  16k   40M|05-06 00:01:14
 67   4   1  28   0   0|1106M 15.7M  632M 2205M|6.03 4.81 4.20| 144k   33M|05-06 00:01:15
 92   4   2   2   0   0|1108M 15.7M  668M 2168M|6.51 4.93 4.24|  16k   30M|05-06 00:01:16
 94   4   1   1   1   0|1108M 15.7M  707M 2128M|6.51 4.93 4.24|   0    47M|05-06 00:01:17
 92   5   1   2   0   0|1110M 15.7M  745M 2088M|6.51 4.93 4.24|   0    32M|05-06 00:01:18
 93   4   2   1   1   0|1111M 15.7M  784M 2048M|6.51 4.93 4.24| 784k   65M|05-06 00:01:19
 93   5   1   0   0   0|1114M 15.9M  822M 2007M|6.51 4.93 4.24|1720k   41M|05-06 00:01:20
 93   4   1   1   0   0|1113M 15.9M  860M 1970M|6.95 5.05 4.28| 240k 2976k|05-06 00:01:21
 92   5   2   1   1   0|1114M 15.9M  898M 1931M|6.95 5.05 4.28|   0    49M|05-06 00:01:22
 93   4   1   0   1   0|1116M 15.9M  937M 1890M|6.95 5.05 4.28|   0    77M|05-06 00:01:23
 94   4   1   0   0   0|1117M 15.9M  975M 1851M|6.95 5.05 4.28|   0    55M|05-06 00:01:24
 94   4   1   1   1   0|1118M 15.9M 1013M 1811M|6.95 5.05 4.28|   0    51M|05-06 00:01:25
 94   4   1   1   0   0|1119M 15.9M 1051M 1773M|7.35 5.16 4.32|   0    19M|05-06 00:01:26
 88   5   1   6   1   0|1121M 15.9M 1088M 1733M|7.35 5.16 4.32|8192B   59M|05-06 00:01:27
 65   4   1  31   0   0|1122M 15.9M 1115M 1706M|7.35 5.16 4.32| 208k   25M|05-06 00:01:28
 57   3   4  35   1   0|1122M 16.0M 1142M 1678M|7.35 5.16 4.32| 144k   71M|05-06 00:01:29
 69   5   4  22   1   0|1121M 16.0M 1173M 1648M|7.35 5.16 4.32|  72k   68M|05-06 00:01:30
 89   4   0   7   0   0|1123M 16.1M 1211M 1609M|7.73 5.28 4.37|  24k   51M|05-06 00:01:31
 93   4   1   1   1   0|1126M 16.2M 1248M 1569M|7.73 5.28 4.37| 328k   58M|05-06 00:01:32
 93   5   1   0   1   0|1128M 16.2M 1288M 1527M|7.73 5.28 4.37|1904k   64M|05-06 00:01:33
 94   5   1   0   1   0|1130M 16.3M 1327M 1486M|7.73 5.28 4.37|1160k   78M|05-06 00:01:34
 92   5   2   1   1   0|1131M 16.3M 1365M 1447M|7.73 5.28 4.37| 160k   75M|05-06 00:01:35
 93   5   1   0   1   0|1135M 16.3M 1401M 1407M|8.07 5.39 4.41|   0    72M|05-06 00:01:36
 94   4   1   1   1   0|1134M 16.3M 1439M 1370M|8.07 5.39 4.41|   0    54M|05-06 00:01:37
 94   4   1   1   1   0|1135M 16.3M 1478M 1329M|8.07 5.39 4.41|8192B   69M|05-06 00:01:38
 91   5   2   2   1   0|1137M 16.3M 1516M 1289M|8.07 5.39 4.41|   0    52M|05-06 00:01:39
 57   3   4  36   1   0|1137M 16.3M 1541M 1265M|8.07 5.39 4.41|   0    57M|05-06 00:01:40
 87   4   0   8   1   0|1138M 16.3M 1576M 1229M|8.30 5.48 4.44|   0    70M|05-06 00:01:41
 92   4   1   2   1   0|1139M 16.3M 1614M 1189M|8.30 5.48 4.44| 256k   73M|05-06 00:01:42
 86   5   1   8   1   0|1141M 16.3M 1650M 1152M|8.30 5.48 4.44|   0    77M|05-06 00:01:43
 93   5   1   1   1   0|1143M 16.3M 1688M 1112M|8.30 5.48 4.44| 304k   77M|05-06 00:01:44
 90   5   2   3   1   0|1149M 16.3M 1725M 1069M|8.30 5.48 4.44|   0    71M|05-06 00:01:45
 53   3   1  43   0   0|1148M 16.3M 1745M 1050M|7.80 5.43 4.43|   0    46M|05-06 00:01:46
 79   4   2  14   1   0|1146M 16.3M 1777M 1019M|7.80 5.43 4.43|  16k   61M|05-06 00:01:47
 93   5   2   0   1   0|1147M 16.3M 1815M  981M|7.80 5.43 4.43|   0    78M|05-06 00:01:48
 92   5   1   2   1   0|1148M 16.5M 1853M  942M|7.80 5.43 4.43| 536k   85M|05-06 00:01:49
 93   4   1   1   1   0|1149M 16.5M 1891M  902M|7.80 5.43 4.43| 336k   79M|05-06 00:01:50
 86   4   2   8   0   0|1152M 16.5M 1925M  866M|8.14 5.53 4.47|  64k   52M|05-06 00:01:51
 32   2   0  65   0   0|1151M 16.5M 1939M  852M|8.14 5.53 4.47|   0    36M|05-06 00:01:52
 92   6   2   1   1   0|1152M 16.5M 1977M  814M|8.14 5.53 4.47| 104k   81M|05-06 00:01:53
 65   4   8  22   1   0|1153M 16.5M 2004M  785M|8.14 5.53 4.47|   0    50M|05-06 00:01:54
 85   4   1  10   1   0|1154M 16.5M 2038M  751M|8.14 5.53 4.47|8192B   54M|05-06 00:01:55
  7   1   5  87   0   0|1154M 16.5M 2041M  747M|7.80 5.51 4.47| 240k   17M|05-06 00:01:56
 70   4   1  24   1   0|1155M 16.5M 2070M  717M|7.80 5.51 4.47| 928k   65M|05-06 00:01:57
 68   4   6  22   0   0|1156M 16.5M 2098M  688M|7.80 5.51 4.47|8192B   61M|05-06 00:01:58
 54   3   2  40   1   0|1157M 16.5M 2121M  664M|7.80 5.51 4.47|  24k   45M|05-06 00:01:59
 81   4   2  12   1   0|1155M 16.6M 2155M  632M|7.80 5.51 4.47| 136k   67M|05-06 00:02:00
 77   7   1  15   1   0|1166M 16.6M 2182M  593M|8.38 5.67 4.52|2168k   80M|05-06 00:02:01
 52   5   3  40   1   0|1168M 16.7M 2209M  565M|8.38 5.67 4.52| 248k   80M|05-06 00:02:02
 28   3   0  69   0   0|1167M 16.7M 2223M  552M|8.38 5.67 4.52| 280k   47M|05-06 00:02:03
 37   3   0  59   1   0|1164M 16.7M 2240M  538M|8.38 5.67 4.52|  72k   58M|05-06 00:02:04
 34   3   1  62   0   0|1170M 16.7M 2254M  518M|8.38 5.67 4.52|  48k   76M|05-06 00:02:05
 15   5   2  77   1   0|1169M 16.7M 2261M  512M|8.35 5.71 4.54|  32k   35M|05-06 00:02:06
 36   3   6  55   0   0|1169M 16.7M 2278M  495M|8.35 5.71 4.54|  56k   57M|05-06 00:02:07
 54   3   1  42   0   0|1165M 16.8M 2303M  474M|8.35 5.71 4.54|8192B   44M|05-06 00:02:08
 95   4   1   0   1   0|1167M 16.8M 2341M  434M|8.35 5.71 4.54|   0    51M|05-06 00:02:09
 93   5   2   1   1   0|1168M 16.8M 2379M  395M|8.35 5.71 4.54|   0    72M|05-06 00:02:10
 93   4   1   1   1   0|1170M 16.8M 2419M  353M|8.24 5.73 4.56|   0    78M|05-06 00:02:11
 44   7  34  15   0   0| 692M 16.9M 2440M  810M|8.24 5.73 4.56| 352k   78M|05-06 00:02:12
 92   6   1   0   1   0| 882M 17.0M 2440M  620M|8.24 5.73 4.56| 392k   72M|05-06 00:02:13
 95   3   1   0   0   0| 979M 17.0M 2440M  523M|8.24 5.73 4.56|  40k   29M|05-06 00:02:14
 96   3   1   0   0   0| 992M 17.0M 2440M  510M|8.24 5.73 4.56| 128k   73M|05-06 00:02:15
 94   3   2   1   1   0| 992M 17.0M 2440M  509M|8.78 5.88 4.61| 256k   56M|05-06 00:02:16
 92   3   3   1   1   0| 985M 17.0M 2440M  517M|8.78 5.88 4.61| 136k   80M|05-06 00:02:17
 92   2   5   1   0   0| 985M 17.0M 2440M  516M|8.78 5.88 4.61| 136k   58M|05-06 00:02:18
 93   3   3   1   1   0| 987M 17.0M 2441M  513M|8.78 5.88 4.61| 952k   69M|05-06 00:02:19
 93   3   2   1   1   0| 990M 17.0M 2441M  511M|8.78 5.88 4.61|  56k   65M|05-06 00:02:20
 96   2   2   0   0   0| 990M 17.0M 2441M  511M|8.88 5.95 4.64|  72k   52M|05-06 00:02:21
 93   4   3   1   0   0| 990M 17.0M 2441M  511M|8.88 5.95 4.64| 152k   68M|05-06 00:02:22
 95   2   1   1   0   0| 990M 17.2M 2441M  510M|8.88 5.95 4.64| 648k   20M|05-06 00:02:23
 95   3   2   1   0   0| 994M 17.2M 2442M  506M|8.88 5.95 4.64|1064k   26M|05-06 00:02:24
 96   2   2   1   0   0| 994M 17.2M 2442M  506M|8.88 5.95 4.64| 232k   23M|05-06 00:02:25
 95   2   2   1   1   0| 995M 17.2M 2442M  505M|9.37 6.10 4.70| 304k   50M|05-06 00:02:26
 94   2   2   1   1   0| 992M 17.2M 2442M  508M|9.37 6.10 4.70|  88k   73M|05-06 00:02:27
 95   3   2   1   1   0| 993M 17.2M 2442M  507M|9.37 6.10 4.70| 104k   79M|05-06 00:02:28
 95   3   1   1   0   0|1006M 17.2M 2442M  494M|9.37 6.10 4.70| 600k   50M|05-06 00:02:29
 94   2   4   0   0   0| 971M 17.2M 2442M  528M|9.37 6.10 4.70|  24k    0 |05-06 00:02:30
 94   3   4   0   0   0| 971M 17.2M 2442M  528M|9.34 6.15 4.72|8192B  152k|05-06 00:02:31
 93   4   3   0   0   0| 971M 17.2M 2442M  528M|9.34 6.15 4.72|   0   784k|05-06 00:02:32
 94   2   4   0   0   0| 971M 17.2M 2442M  528M|9.34 6.15 4.72|8192B    0 |05-06 00:02:33
 95   3   3   0   0   0| 971M 17.2M 2442M  528M|9.34 6.15 4.72|   0     0 |05-06 00:02:34
 96   2   2   0   0   0| 971M 17.2M 2442M  528M|9.34 6.15 4.72|   0     0 |05-06 00:02:35
 95   2   4   0   0   0| 971M 17.2M 2442M  528M|9.39 6.21 4.75|   0     0 |05-06 00:02:36
 93   2   5   0   0   0| 971M 17.2M 2442M  529M|9.39 6.21 4.75|   0   736k|05-06 00:02:37
 95   2   3   0   0   0| 971M 17.2M 2442M  528M|9.39 6.21 4.75|   0     0 |05-06 00:02:38
 95   2   4   0   0   0| 971M 17.2M 2442M  528M|9.39 6.21 4.75|   0     0 |05-06 00:02:39
 95   3   2   0   0   0| 972M 17.2M 2442M  528M|9.39 6.21 4.75|   0     0 |05-06 00:02:40
 96   2   2   0   0   0| 972M 17.2M 2442M  528M|9.36 6.26 4.77|   0     0 |05-06 00:02:41
 95   2   3   0   0   0| 971M 17.2M 2442M  528M|9.36 6.26 4.77|   0   784k|05-06 00:02:42
 95   2   3   0   0   0| 971M 17.2M 2442M  529M|9.36 6.26 4.77|8192B    0 |05-06 00:02:43
 96   2   2   0   0   0| 976M 17.2M 2442M  523M|9.36 6.26 4.77|   0     0 |05-06 00:02:44
 96   2   2   0   0   0| 978M 17.2M 2442M  521M|9.36 6.26 4.77|   0     0 |05-06 00:02:45
 95   3   3   0   0   0| 978M 17.2M 2442M  521M|9.41 6.32 4.80|   0     0 |05-06 00:02:46
 95   2   3   0   0   0| 974M 17.2M 2443M  525M|9.41 6.32 4.80|   0   800k|05-06 00:02:47
 76   4  20   0   0   0| 671M 17.2M 2443M  828M|9.41 6.32 4.80|   0     0 |05-06 00:02:48
