Linux 2.6.32-220.23.2.ali878.el6.x86_64 (e010125010225.bja) 	06/05/2017 	_x86_64_	(4 CPU)

06/05/2017 12:00:39 AM
avg-cpu:  %user   %nice %system %iowait  %steal   %idle
           1.34    0.01    0.91    0.71    0.00   97.03

Device:         rrqm/s   wrqm/s     r/s     w/s    rMB/s    wMB/s avgrq-sz avgqu-sz   await  svctm  %util
xvda              0.05    53.54    3.38   12.01     0.10     0.26    46.93     0.80   51.97   1.81   2.79

06/05/2017 12:00:40 AM
avg-cpu:  %user   %nice %system %iowait  %steal   %idle
          13.20    0.00   13.96    9.39    0.00   63.45

Device:         rrqm/s   wrqm/s     r/s     w/s    rMB/s    wMB/s avgrq-sz avgqu-sz   await  svctm  %util
xvda              0.00     0.00  178.00    0.00     1.87     0.00    21.48     3.16   17.75   2.50  44.50

06/05/2017 12:00:41 AM
avg-cpu:  %user   %nice %system %iowait  %steal   %idle
           0.76    0.00    2.02   23.93    0.00   73.30

Device:         rrqm/s   wrqm/s     r/s     w/s    rMB/s    wMB/s avgrq-sz avgqu-sz   await  svctm  %util
xvda             95.00     0.00 1037.00    0.00    12.32     0.00    24.32    10.87   10.49   0.93  96.10

06/05/2017 12:00:42 AM
avg-cpu:  %user   %nice %system %iowait  %steal   %idle
           2.54    0.00    1.02   22.65    0.00   73.79

Device:         rrqm/s   wrqm/s     r/s     w/s    rMB/s    wMB/s avgrq-sz avgqu-sz   await  svctm  %util
xvda              0.00    15.00  530.00   36.00     5.90     0.20    22.06     2.42    4.20   1.67  94.50

06/05/2017 12:00:43 AM
avg-cpu:  %user   %nice %system %iowait  %steal   %idle
           5.30    0.00    3.03   28.28    0.00   63.38

Device:         rrqm/s   wrqm/s     r/s     w/s    rMB/s    wMB/s avgrq-sz avgqu-sz   await  svctm  %util
xvda              0.00     0.00  691.00    0.00    12.11     0.00    35.89     4.07    5.95   1.38  95.10

06/05/2017 12:00:44 AM
avg-cpu:  %user   %nice %system %iowait  %steal   %idle
           9.41    0.00    1.78   19.08    0.00   69.72

Device:         rrqm/s   wrqm/s     r/s     w/s    rMB/s    wMB/s avgrq-sz avgqu-sz   await  svctm  %util
xvda              2.00     0.00  771.00    0.00     6.93     0.00    18.42     3.49    4.52   1.03  79.50

06/05/2017 12:00:45 AM
avg-cpu:  %user   %nice %system %iowait  %steal   %idle
           1.26    0.00    1.01   13.64    0.00   84.09

Device:         rrqm/s   wrqm/s     r/s     w/s    rMB/s    wMB/s avgrq-sz avgqu-sz   await  svctm  %util
xvda              0.00    73.00   62.00   47.00     1.04     0.47    28.33     2.95   22.54   5.03  54.80

06/05/2017 12:00:46 AM
avg-cpu:  %user   %nice %system %iowait  %steal   %idle
           6.11    0.00    3.05   20.36    0.00   70.48

Device:         rrqm/s   wrqm/s     r/s     w/s    rMB/s    wMB/s avgrq-sz avgqu-sz   await  svctm  %util
xvda              0.00     0.00  478.00   15.00     5.72     0.06    24.00     3.49    8.09   1.66  81.70

06/05/2017 12:00:47 AM
avg-cpu:  %user   %nice %system %iowait  %steal   %idle
          18.23    0.00    2.28   14.43    0.00   65.06

Device:         rrqm/s   wrqm/s     r/s     w/s    rMB/s    wMB/s avgrq-sz avgqu-sz   await  svctm  %util
xvda              0.00     0.00  339.00    0.00     3.39     0.00    20.48     1.25    3.68   1.93  65.40

06/05/2017 12:00:48 AM
avg-cpu:  %user   %nice %system %iowait  %steal   %idle
          40.55    0.00    2.77    6.55    0.00   50.13

Device:         rrqm/s   wrqm/s     r/s     w/s    rMB/s    wMB/s avgrq-sz avgqu-sz   await  svctm  %util
xvda              0.00     0.00  192.00    0.00     1.38     0.00    14.71     0.36    1.91   1.64  31.50

06/05/2017 12:00:49 AM
avg-cpu:  %user   %nice %system %iowait  %steal   %idle
          47.86    0.00    1.51    5.54    0.00   45.09

Device:         rrqm/s   wrqm/s     r/s     w/s    rMB/s    wMB/s avgrq-sz avgqu-sz   await  svctm  %util
xvda              0.00     0.00  141.00    0.00     1.26     0.00    18.33     0.29    2.06   1.78  25.10

06/05/2017 12:00:50 AM
avg-cpu:  %user   %nice %system %iowait  %steal   %idle
          62.22    0.00    2.77   11.59    0.00   23.43

Device:         rrqm/s   wrqm/s     r/s     w/s    rMB/s    wMB/s avgrq-sz avgqu-sz   await  svctm  %util
xvda              0.00     0.00  330.00    0.00     1.97     0.00    12.22     0.64    1.94   1.52  50.10

06/05/2017 12:00:51 AM
avg-cpu:  %user   %nice %system %iowait  %steal   %idle
          40.30    0.00    4.28   14.36    0.00   41.06

Device:         rrqm/s   wrqm/s     r/s     w/s    rMB/s    wMB/s avgrq-sz avgqu-sz   await  svctm  %util
xvda              0.00   132.00  380.00   55.00     5.11     0.78    27.70     2.02    4.66   1.51  65.90

06/05/2017 12:00:52 AM
avg-cpu:  %user   %nice %system %iowait  %steal   %idle
          55.58    0.00    3.30   16.50    0.00   24.62

Device:         rrqm/s   wrqm/s     r/s     w/s    rMB/s    wMB/s avgrq-sz avgqu-sz   await  svctm  %util
xvda              0.00     0.00  179.00    0.00     4.42     0.00    50.59     2.48   13.87   3.70  66.30

06/05/2017 12:00:53 AM
avg-cpu:  %user   %nice %system %iowait  %steal   %idle
          63.73    0.00    4.28    8.56    0.00   23.43

Device:         rrqm/s   wrqm/s     r/s     w/s    rMB/s    wMB/s avgrq-sz avgqu-sz   await  svctm  %util
xvda              0.00     0.00  407.00    0.00     3.00     0.00    15.08     1.57    3.86   1.21  49.40

06/05/2017 12:00:54 AM
avg-cpu:  %user   %nice %system %iowait  %steal   %idle
          56.78    0.00    2.51    8.54    0.00   32.16

Device:         rrqm/s   wrqm/s     r/s     w/s    rMB/s    wMB/s avgrq-sz avgqu-sz   await  svctm  %util
xvda              0.00     0.00  247.00    0.00     2.00     0.00    16.62     0.44    1.67   1.46  36.10

06/05/2017 12:00:55 AM
avg-cpu:  %user   %nice %system %iowait  %steal   %idle
          62.18    0.00    3.05   14.47    0.00   20.30

Device:         rrqm/s   wrqm/s     r/s     w/s    rMB/s    wMB/s avgrq-sz avgqu-sz   await  svctm  %util
xvda              0.00     0.00  259.00    0.00     1.45     0.00    11.49     0.75    2.99   2.44  63.30

06/05/2017 12:00:56 AM
avg-cpu:  %user   %nice %system %iowait  %steal   %idle
          57.83    0.00    4.04   10.61    0.00   27.53

Device:         rrqm/s   wrqm/s     r/s     w/s    rMB/s    wMB/s avgrq-sz avgqu-sz   await  svctm  %util
xvda              0.00   129.00  216.00   62.00     1.83     0.77    19.14     1.79    6.45   1.74  48.50

06/05/2017 12:00:57 AM
avg-cpu:  %user   %nice %system %iowait  %steal   %idle
          32.91    0.00    9.44    9.18    0.00   48.47

Device:         rrqm/s   wrqm/s     r/s     w/s    rMB/s    wMB/s avgrq-sz avgqu-sz   await  svctm  %util
xvda              0.00     0.00  489.00    0.00     7.77     0.00    32.54     2.77    5.65   0.96  47.00

06/05/2017 12:00:58 AM
avg-cpu:  %user   %nice %system %iowait  %steal   %idle
          24.56    0.00    6.33   10.38    0.00   58.73

Device:         rrqm/s   wrqm/s     r/s     w/s    rMB/s    wMB/s avgrq-sz avgqu-sz   await  svctm  %util
xvda              0.00     0.00  374.00    0.00     6.62     0.00    36.24     1.65    4.42   1.26  47.20

06/05/2017 12:00:59 AM
avg-cpu:  %user   %nice %system %iowait  %steal   %idle
          88.41    0.00    9.07    0.00    0.00    2.52

Device:         rrqm/s   wrqm/s     r/s     w/s    rMB/s    wMB/s avgrq-sz avgqu-sz   await  svctm  %util
xvda              0.00     0.00  106.00    0.00     1.65     0.00    31.85     0.63    5.84   1.51  16.00

06/05/2017 12:01:00 AM
avg-cpu:  %user   %nice %system %iowait  %steal   %idle
          96.51    0.00    2.24    0.25    0.00    1.00

Device:         rrqm/s   wrqm/s     r/s     w/s    rMB/s    wMB/s avgrq-sz avgqu-sz   await  svctm  %util
xvda              0.00     0.00  278.00    0.00    10.04     0.00    73.99     1.54    5.58   2.18  60.50

06/05/2017 12:01:01 AM
avg-cpu:  %user   %nice %system %iowait  %steal   %idle
          96.50    0.00    3.00    0.00    0.00    0.50

Device:         rrqm/s   wrqm/s     r/s     w/s    rMB/s    wMB/s avgrq-sz avgqu-sz   await  svctm  %util
xvda              0.00  1314.85    0.00  182.18     0.00     5.86    65.83    16.99   93.26   1.19  21.68

06/05/2017 12:01:02 AM
avg-cpu:  %user   %nice %system %iowait  %steal   %idle
          91.73    0.00    6.52    0.25    0.00    1.50

Device:         rrqm/s   wrqm/s     r/s     w/s    rMB/s    wMB/s avgrq-sz avgqu-sz   await  svctm  %util
xvda             28.00     0.00  186.00    0.00     1.75     0.00    19.27     3.37   18.11   2.01  37.30

06/05/2017 12:01:03 AM
avg-cpu:  %user   %nice %system %iowait  %steal   %idle
          94.22    0.00    3.77    0.25    0.00    1.76

Device:         rrqm/s   wrqm/s     r/s     w/s    rMB/s    wMB/s avgrq-sz avgqu-sz   await  svctm  %util
xvda              0.00     0.00    3.00    0.00     0.01     0.00     8.00     0.01    7.00   5.00   1.50

06/05/2017 12:01:04 AM
avg-cpu:  %user   %nice %system %iowait  %steal   %idle
          93.25    0.00    4.75    0.00    0.00    2.00

Device:         rrqm/s   wrqm/s     r/s     w/s    rMB/s    wMB/s avgrq-sz avgqu-sz   await  svctm  %util
xvda              0.00     0.00    1.00    0.00     0.00     0.00     8.00     0.00    2.00   2.00   0.20

06/05/2017 12:01:05 AM
avg-cpu:  %user   %nice %system %iowait  %steal   %idle
          94.50    0.00    3.50    0.00    0.00    2.00

Device:         rrqm/s   wrqm/s     r/s     w/s    rMB/s    wMB/s avgrq-sz avgqu-sz   await  svctm  %util
xvda              0.00     0.00    1.00    0.00     0.00     0.00     8.00     0.00    2.00   2.00   0.20

06/05/2017 12:01:06 AM
avg-cpu:  %user   %nice %system %iowait  %steal   %idle
          93.75    0.00    4.25    0.75    0.00    1.25

Device:         rrqm/s   wrqm/s     r/s     w/s    rMB/s    wMB/s avgrq-sz avgqu-sz   await  svctm  %util
xvda              0.00  2372.00    0.00  315.00     0.00     7.28    47.31   136.48  320.21   2.96  93.20

06/05/2017 12:01:07 AM
avg-cpu:  %user   %nice %system %iowait  %steal   %idle
          93.00    0.00    5.50    0.50    0.00    1.00

Device:         rrqm/s   wrqm/s     r/s     w/s    rMB/s    wMB/s avgrq-sz avgqu-sz   await  svctm  %util
xvda              0.00  4534.00    4.00  757.00     0.07    20.73    55.97   143.89  212.71   1.31 100.00

06/05/2017 12:01:08 AM
avg-cpu:  %user   %nice %system %iowait  %steal   %idle
          86.22    0.00    7.02    6.27    0.00    0.50

Device:         rrqm/s   wrqm/s     r/s     w/s    rMB/s    wMB/s avgrq-sz avgqu-sz   await  svctm  %util
xvda              0.00  4396.00    4.00  665.00     0.03    19.34    59.30   141.16  202.12   1.49 100.00

06/05/2017 12:01:09 AM
avg-cpu:  %user   %nice %system %iowait  %steal   %idle
          93.50    0.00    4.75    0.50    0.00    1.25

Device:         rrqm/s   wrqm/s     r/s     w/s    rMB/s    wMB/s avgrq-sz avgqu-sz   await  svctm  %util
xvda              0.00  5496.00   13.00  785.00     0.39    24.34    63.47   140.17  181.81   1.25 100.00

06/05/2017 12:01:10 AM
avg-cpu:  %user   %nice %system %iowait  %steal   %idle
          92.27    0.00    5.99    1.00    0.00    0.75

Device:         rrqm/s   wrqm/s     r/s     w/s    rMB/s    wMB/s avgrq-sz avgqu-sz   await  svctm  %util
xvda              0.00  5921.00    7.00  801.00     0.09    25.84    65.71   143.73  177.79   1.24 100.00

06/05/2017 12:01:11 AM
avg-cpu:  %user   %nice %system %iowait  %steal   %idle
          93.22    0.00    4.52    0.50    0.00    1.76

Device:         rrqm/s   wrqm/s     r/s     w/s    rMB/s    wMB/s avgrq-sz avgqu-sz   await  svctm  %util
xvda              0.00  5769.00    0.00  755.00     0.00    24.43    66.28   142.91  192.44   1.32 100.00

06/05/2017 12:01:12 AM
avg-cpu:  %user   %nice %system %iowait  %steal   %idle
          93.25    0.00    5.00    0.75    0.00    1.00

Device:         rrqm/s   wrqm/s     r/s     w/s    rMB/s    wMB/s avgrq-sz avgqu-sz   await  svctm  %util
xvda              0.00  5575.00    0.00  790.00     0.00    25.69    66.59   146.09  190.00   1.27 100.00

06/05/2017 12:01:13 AM
avg-cpu:  %user   %nice %system %iowait  %steal   %idle
          93.52    0.00    4.74    0.50    0.00    1.25

Device:         rrqm/s   wrqm/s     r/s     w/s    rMB/s    wMB/s avgrq-sz avgqu-sz   await  svctm  %util
xvda              0.00  7489.00    0.00  975.00     0.00    32.79    68.88   144.99  149.60   1.03 100.00

06/05/2017 12:01:14 AM
avg-cpu:  %user   %nice %system %iowait  %steal   %idle
          68.92    0.00    3.26   27.32    0.00    0.50

Device:         rrqm/s   wrqm/s     r/s     w/s    rMB/s    wMB/s avgrq-sz avgqu-sz   await  svctm  %util
xvda              0.00  4651.00    1.00  582.00     0.00    20.23    71.07   142.20  213.06   1.72 100.00

06/05/2017 12:01:15 AM
avg-cpu:  %user   %nice %system %iowait  %steal   %idle
          67.42    0.00    5.01   27.07    0.00    0.50

Device:         rrqm/s   wrqm/s     r/s     w/s    rMB/s    wMB/s avgrq-sz avgqu-sz   await  svctm  %util
xvda             15.00  5920.00    3.00  587.00     0.07    20.54    71.55   283.77  212.70   1.69 100.00

06/05/2017 12:01:16 AM
avg-cpu:  %user   %nice %system %iowait  %steal   %idle
          90.95    0.00    5.28    2.76    0.00    1.01

Device:         rrqm/s   wrqm/s     r/s     w/s    rMB/s    wMB/s avgrq-sz avgqu-sz   await  svctm  %util
xvda              0.00  3608.00    3.00  573.00     0.01    20.05    71.32   285.74  289.98   1.74 100.10

06/05/2017 12:01:17 AM
avg-cpu:  %user   %nice %system %iowait  %steal   %idle
          93.50    0.00    4.25    1.00    0.00    1.25

Device:         rrqm/s   wrqm/s     r/s     w/s    rMB/s    wMB/s avgrq-sz avgqu-sz   await  svctm  %util
xvda              0.00  4528.00    0.00  459.00     0.00    16.15    72.05   225.64  684.88   2.18  99.90

06/05/2017 12:01:18 AM
avg-cpu:  %user   %nice %system %iowait  %steal   %idle
          92.25    0.00    4.75    1.75    0.00    1.25

Device:         rrqm/s   wrqm/s     r/s     w/s    rMB/s    wMB/s avgrq-sz avgqu-sz   await  svctm  %util
xvda              0.00  3860.00    0.00  597.00     0.00    22.07    75.73   186.55  570.01   1.68 100.10

06/05/2017 12:01:19 AM
avg-cpu:  %user   %nice %system %iowait  %steal   %idle
          92.98    0.00    5.26    0.50    0.00    1.25

Device:         rrqm/s   wrqm/s     r/s     w/s    rMB/s    wMB/s avgrq-sz avgqu-sz   await  svctm  %util
xvda              0.00  6466.00    8.00  674.00     0.21    23.66    71.66   261.35  272.81   1.47 100.00

06/05/2017 12:01:20 AM
avg-cpu:  %user   %nice %system %iowait  %steal   %idle
          93.00    0.00    5.50    0.50    0.00    1.00

Device:         rrqm/s   wrqm/s     r/s     w/s    rMB/s    wMB/s avgrq-sz avgqu-sz   await  svctm  %util
xvda             28.00  5417.00   24.00  759.00     0.57    28.00    74.73   221.02  270.16   1.28 100.00

06/05/2017 12:01:21 AM
avg-cpu:  %user   %nice %system %iowait  %steal   %idle
          93.77    0.00    4.24    0.75    0.00    1.25

Device:         rrqm/s   wrqm/s     r/s     w/s    rMB/s    wMB/s avgrq-sz avgqu-sz   await  svctm  %util
xvda              0.00   834.00   19.00  109.00     0.51     4.14    74.50   139.91 1072.77   7.81 100.00

06/05/2017 12:01:22 AM
avg-cpu:  %user   %nice %system %iowait  %steal   %idle
          91.98    0.00    5.01    1.00    0.00    2.01

Device:         rrqm/s   wrqm/s     r/s     w/s    rMB/s    wMB/s avgrq-sz avgqu-sz   await  svctm  %util
xvda              0.00  5341.00    7.00  450.00     0.05    17.02    76.50   213.89  405.06   2.19 100.00

06/05/2017 12:01:23 AM
avg-cpu:  %user   %nice %system %iowait  %steal   %idle
          93.25    0.00    5.00    0.50    0.00    1.25

Device:         rrqm/s   wrqm/s     r/s     w/s    rMB/s    wMB/s avgrq-sz avgqu-sz   await  svctm  %util
xvda              0.00  8311.00    0.00  968.00     0.00    36.30    76.79   287.25  271.44   1.03 100.00

06/05/2017 12:01:24 AM
avg-cpu:  %user   %nice %system %iowait  %steal   %idle
          93.25    0.00    4.75    0.50    0.00    1.50

Device:         rrqm/s   wrqm/s     r/s     w/s    rMB/s    wMB/s avgrq-sz avgqu-sz   await  svctm  %util
xvda              0.00  6935.00    0.00  802.00     0.00    30.52    77.93   259.68  337.39   1.25 100.00

06/05/2017 12:01:25 AM
avg-cpu:  %user   %nice %system %iowait  %steal   %idle
          94.24    0.00    4.51    0.25    0.00    1.00

Device:         rrqm/s   wrqm/s     r/s     w/s    rMB/s    wMB/s avgrq-sz avgqu-sz   await  svctm  %util
xvda              0.00  4966.00    0.00  544.00     0.00    20.71    77.97   199.32  566.63   1.84 100.00

06/05/2017 12:01:26 AM
avg-cpu:  %user   %nice %system %iowait  %steal   %idle
          93.75    0.00    4.25    0.75    0.00    1.25

Device:         rrqm/s   wrqm/s     r/s     w/s    rMB/s    wMB/s avgrq-sz avgqu-sz   await  svctm  %util
xvda              0.00  4890.00    0.00  566.00     0.00    21.45    77.63   296.93  203.27   1.77 100.00

06/05/2017 12:01:27 AM
avg-cpu:  %user   %nice %system %iowait  %steal   %idle
          89.72    0.00    4.26    5.51    0.00    0.50

Device:         rrqm/s   wrqm/s     r/s     w/s    rMB/s    wMB/s avgrq-sz avgqu-sz   await  svctm  %util
xvda              0.00  4626.00    1.00  669.00     0.00    26.02    79.55   267.00  491.06   1.49 100.00

06/05/2017 12:01:28 AM
avg-cpu:  %user   %nice %system %iowait  %steal   %idle
          66.67    0.00    5.01   27.82    0.00    0.50

Device:         rrqm/s   wrqm/s     r/s     w/s    rMB/s    wMB/s avgrq-sz avgqu-sz   await  svctm  %util
xvda              0.00  2369.00    9.00  255.00     0.09    10.09    78.94   146.19 1096.53   3.79 100.00

06/05/2017 12:01:29 AM
avg-cpu:  %user   %nice %system %iowait  %steal   %idle
          57.68    0.00    3.53   34.51    0.00    4.28

Device:         rrqm/s   wrqm/s     r/s     w/s    rMB/s    wMB/s avgrq-sz avgqu-sz   await  svctm  %util
xvda              0.00  6782.00   16.00  765.00     0.06    30.37    79.80   143.91  248.91   1.28 100.00

06/05/2017 12:01:30 AM
avg-cpu:  %user   %nice %system %iowait  %steal   %idle
          70.68    0.25    4.51   23.81    0.00    0.75

Device:         rrqm/s   wrqm/s     r/s     w/s    rMB/s    wMB/s avgrq-sz avgqu-sz   await  svctm  %util
xvda              0.00  9594.00   14.00  931.00     0.05    35.70    77.48   192.05  141.15   1.06 100.00

06/05/2017 12:01:31 AM
avg-cpu:  %user   %nice %system %iowait  %steal   %idle
          83.38    0.00    4.53    8.56    0.00    3.53

Device:         rrqm/s   wrqm/s     r/s     w/s    rMB/s    wMB/s avgrq-sz avgqu-sz   await  svctm  %util
xvda              0.00  8221.00    3.00  921.00     0.01    35.08    77.77   293.63  165.10   1.08 100.00

06/05/2017 12:01:32 AM
avg-cpu:  %user   %nice %system %iowait  %steal   %idle
          92.73    0.00    5.51    1.25    0.00    0.50

Device:         rrqm/s   wrqm/s     r/s     w/s    rMB/s    wMB/s avgrq-sz avgqu-sz   await  svctm  %util
xvda              0.00  4758.00    3.00  610.00     0.01    23.81    79.58   287.05  353.32   1.63 100.00

06/05/2017 12:01:33 AM
avg-cpu:  %user   %nice %system %iowait  %steal   %idle
          93.03    0.00    4.98    0.25    0.00    1.74

Device:         rrqm/s   wrqm/s     r/s     w/s    rMB/s    wMB/s avgrq-sz avgqu-sz   await  svctm  %util
xvda             28.00  6530.00   28.00  628.00     0.88    24.82    80.24   219.94  587.57   1.52 100.00

06/05/2017 12:01:34 AM
avg-cpu:  %user   %nice %system %iowait  %steal   %idle
          93.48    0.00    5.26    0.50    0.00    0.75

Device:         rrqm/s   wrqm/s     r/s     w/s    rMB/s    wMB/s avgrq-sz avgqu-sz   await  svctm  %util
xvda              0.00  9312.00   17.00 1016.00     0.61    40.44    81.38   290.86  168.41   0.97 100.00

06/05/2017 12:01:35 AM
avg-cpu:  %user   %nice %system %iowait  %steal   %idle
          92.02    0.00    5.49    0.75    0.00    1.75

Device:         rrqm/s   wrqm/s     r/s     w/s    rMB/s    wMB/s avgrq-sz avgqu-sz   await  svctm  %util
xvda             29.00  8707.00   14.00  889.00     0.23    35.81    81.75   277.23  200.13   1.11 100.00

06/05/2017 12:01:36 AM
avg-cpu:  %user   %nice %system %iowait  %steal   %idle
          93.23    0.00    5.26    0.50    0.00    1.00

Device:         rrqm/s   wrqm/s     r/s     w/s    rMB/s    wMB/s avgrq-sz avgqu-sz   await  svctm  %util
xvda              0.00  8352.00    1.00  931.00     0.00    37.89    83.26   292.21  282.49   1.07 100.00

06/05/2017 12:01:37 AM
avg-cpu:  %user   %nice %system %iowait  %steal   %idle
          93.23    0.00    5.26    0.50    0.00    1.00

Device:         rrqm/s   wrqm/s     r/s     w/s    rMB/s    wMB/s avgrq-sz avgqu-sz   await  svctm  %util
xvda              0.00  7056.00    0.00  759.00     0.00    30.73    82.91   285.19  540.99   1.32 100.00

06/05/2017 12:01:38 AM
avg-cpu:  %user   %nice %system %iowait  %steal   %idle
          93.50    0.00    5.00    0.75    0.00    0.75

Device:         rrqm/s   wrqm/s     r/s     w/s    rMB/s    wMB/s avgrq-sz avgqu-sz   await  svctm  %util
xvda              0.00  7762.00    1.00  823.00     0.00    33.19    82.50   299.89  364.47   1.21 100.00

06/05/2017 12:01:39 AM
avg-cpu:  %user   %nice %system %iowait  %steal   %idle
          94.47    0.00    4.02    0.25    0.00    1.26

Device:         rrqm/s   wrqm/s     r/s     w/s    rMB/s    wMB/s avgrq-sz avgqu-sz   await  svctm  %util
xvda              0.00  5574.00    0.00  594.00     0.00    23.91    82.45   285.26  411.62   1.68 100.00

06/05/2017 12:01:40 AM
avg-cpu:  %user   %nice %system %iowait  %steal   %idle
          54.41    0.00    4.03   38.29    0.00    3.27

Device:         rrqm/s   wrqm/s     r/s     w/s    rMB/s    wMB/s avgrq-sz avgqu-sz   await  svctm  %util
xvda              0.00  6638.00    0.00  704.00     0.00    28.41    82.65   241.67  474.10   1.42 100.00

06/05/2017 12:01:41 AM
avg-cpu:  %user   %nice %system %iowait  %steal   %idle
          88.44    0.00    4.02    6.53    0.00    1.01

Device:         rrqm/s   wrqm/s     r/s     w/s    rMB/s    wMB/s avgrq-sz avgqu-sz   await  svctm  %util
xvda              0.00  7177.00    0.00  783.00     0.00    31.86    83.32   287.78  374.61   1.28 100.10

06/05/2017 12:01:42 AM
avg-cpu:  %user   %nice %system %iowait  %steal   %idle
          90.25    0.00    5.25    4.00    0.00    0.50

Device:         rrqm/s   wrqm/s     r/s     w/s    rMB/s    wMB/s avgrq-sz avgqu-sz   await  svctm  %util
xvda              0.00  9331.00    5.00  997.00     0.11    40.46    82.92   285.05  267.13   1.00 100.00

06/05/2017 12:01:43 AM
avg-cpu:  %user   %nice %system %iowait  %steal   %idle
          86.93    0.00    5.03    7.29    0.00    0.75

Device:         rrqm/s   wrqm/s     r/s     w/s    rMB/s    wMB/s avgrq-sz avgqu-sz   await  svctm  %util
xvda              0.00  7917.00    1.00  849.00     0.02    34.48    83.12   264.17  349.14   1.18 100.00

06/05/2017 12:01:44 AM
avg-cpu:  %user   %nice %system %iowait  %steal   %idle
          91.77    0.00    5.74    1.75    0.00    0.75

Device:         rrqm/s   wrqm/s     r/s     w/s    rMB/s    wMB/s avgrq-sz avgqu-sz   await  svctm  %util
xvda              0.00  9553.00    4.00 1011.00     0.14    40.93    82.88   286.25  192.74   0.99 100.00

06/05/2017 12:01:45 AM
avg-cpu:  %user   %nice %system %iowait  %steal   %idle
          93.75    0.00    4.75    0.75    0.00    0.75

Device:         rrqm/s   wrqm/s     r/s     w/s    rMB/s    wMB/s avgrq-sz avgqu-sz   await  svctm  %util
xvda              0.00  8525.00    1.00  905.00     0.00    36.74    83.06   286.66  270.18   1.10 100.00

06/05/2017 12:01:46 AM
avg-cpu:  %user   %nice %system %iowait  %steal   %idle
          50.13    0.00    3.78   44.84    0.00    1.26

Device:         rrqm/s   wrqm/s     r/s     w/s    rMB/s    wMB/s avgrq-sz avgqu-sz   await  svctm  %util
xvda              0.00  4674.00    0.00  503.00     0.00    20.65    84.09   288.37  540.32   1.99 100.00

06/05/2017 12:01:47 AM
avg-cpu:  %user   %nice %system %iowait  %steal   %idle
          89.97    0.00    5.51    3.01    0.00    1.50

Device:         rrqm/s   wrqm/s     r/s     w/s    rMB/s    wMB/s avgrq-sz avgqu-sz   await  svctm  %util
xvda              0.00  7334.00    0.00  782.00     0.00    31.98    83.76   279.24  378.93   1.28 100.00

06/05/2017 12:01:48 AM
avg-cpu:  %user   %nice %system %iowait  %steal   %idle
          82.00    0.00    4.75   11.25    0.00    2.00

Device:         rrqm/s   wrqm/s     r/s     w/s    rMB/s    wMB/s avgrq-sz avgqu-sz   await  svctm  %util
xvda              0.00  9526.00    1.00  960.00     0.01    39.54    84.27   289.59  347.59   1.04 100.00

06/05/2017 12:01:49 AM
avg-cpu:  %user   %nice %system %iowait  %steal   %idle
          91.96    0.00    5.28    1.26    0.00    1.51

Device:         rrqm/s   wrqm/s     r/s     w/s    rMB/s    wMB/s avgrq-sz avgqu-sz   await  svctm  %util
xvda             25.00  8462.00   13.00  942.00     0.21    38.80    83.65   287.78  310.83   1.05 100.00

06/05/2017 12:01:50 AM
avg-cpu:  %user   %nice %system %iowait  %steal   %idle
          93.50    0.00    4.50    0.75    0.00    1.25

Device:         rrqm/s   wrqm/s     r/s     w/s    rMB/s    wMB/s avgrq-sz avgqu-sz   await  svctm  %util
xvda              0.00  9606.00    8.00  972.00     0.07    40.41    84.61   287.45  211.40   1.02 100.00

06/05/2017 12:01:51 AM
avg-cpu:  %user   %nice %system %iowait  %steal   %idle
          93.00    0.00    5.00    0.50    0.00    1.50

Device:         rrqm/s   wrqm/s     r/s     w/s    rMB/s    wMB/s avgrq-sz avgqu-sz   await  svctm  %util
xvda              0.00  8820.00   12.00  893.00     0.18    37.10    84.36   288.27  300.16   1.10 100.00

06/05/2017 12:01:52 AM
avg-cpu:  %user   %nice %system %iowait  %steal   %idle
          40.15    0.00    2.78   56.82    0.00    0.25

Device:         rrqm/s   wrqm/s     r/s     w/s    rMB/s    wMB/s avgrq-sz avgqu-sz   await  svctm  %util
xvda              0.00  1277.00    0.00  280.00     0.00    11.61    84.94   254.78 1421.39   3.57 100.00

06/05/2017 12:01:53 AM
avg-cpu:  %user   %nice %system %iowait  %steal   %idle
          77.39    0.00    5.53   15.83    0.00    1.26

Device:         rrqm/s   wrqm/s     r/s     w/s    rMB/s    wMB/s avgrq-sz avgqu-sz   await  svctm  %util
xvda              0.00  9312.00    0.00  840.00     0.00    34.93    85.16   251.04  399.56   1.19 100.00

06/05/2017 12:01:54 AM
avg-cpu:  %user   %nice %system %iowait  %steal   %idle
          65.08    0.00    4.27   22.61    0.00    8.04

Device:         rrqm/s   wrqm/s     r/s     w/s    rMB/s    wMB/s avgrq-sz avgqu-sz   await  svctm  %util
xvda              0.00  6582.00    4.00  675.00     0.05    27.96    84.48   240.54  299.94   1.47 100.00

06/05/2017 12:01:55 AM
avg-cpu:  %user   %nice %system %iowait  %steal   %idle
          85.43    0.00    5.03    8.79    0.00    0.75

Device:         rrqm/s   wrqm/s     r/s     w/s    rMB/s    wMB/s avgrq-sz avgqu-sz   await  svctm  %util
xvda              0.00  8232.00    1.00  854.00     0.00    35.45    84.91   284.13  260.61   1.17 100.00

06/05/2017 12:01:56 AM
avg-cpu:  %user   %nice %system %iowait  %steal   %idle
          27.20    0.00    1.51   71.03    0.00    0.25

Device:         rrqm/s   wrqm/s     r/s     w/s    rMB/s    wMB/s avgrq-sz avgqu-sz   await  svctm  %util
xvda              0.00   308.00    0.00   37.00     0.00     1.47    81.30   288.25  515.24  27.03 100.00

06/05/2017 12:01:57 AM
avg-cpu:  %user   %nice %system %iowait  %steal   %idle
          71.11    0.00    4.77   17.84    0.00    6.28

Device:         rrqm/s   wrqm/s     r/s     w/s    rMB/s    wMB/s avgrq-sz avgqu-sz   await  svctm  %util
xvda              0.00  7017.00   26.00  882.00     0.57    36.44    83.47   271.88  426.04   1.10 100.00

06/05/2017 12:01:58 AM
avg-cpu:  %user   %nice %system %iowait  %steal   %idle
          47.09    0.00    2.78   44.30    0.00    5.82

Device:         rrqm/s   wrqm/s     r/s     w/s    rMB/s    wMB/s avgrq-sz avgqu-sz   await  svctm  %util
xvda              0.00  5572.00    0.00  576.00     0.00    23.59    83.86   143.74  848.93   1.74 100.00

06/05/2017 12:01:59 AM
avg-cpu:  %user   %nice %system %iowait  %steal   %idle
          77.25    0.00    4.75   15.75    0.00    2.25

Device:         rrqm/s   wrqm/s     r/s     w/s    rMB/s    wMB/s avgrq-sz avgqu-sz   await  svctm  %util
xvda              0.00  6603.00    4.00  687.00     0.02    28.27    83.84   142.31  166.30   1.45 100.00

06/05/2017 12:02:00 AM
avg-cpu:  %user   %nice %system %iowait  %steal   %idle
          61.81    0.00    3.77   32.16    0.00    2.26

Device:         rrqm/s   wrqm/s     r/s     w/s    rMB/s    wMB/s avgrq-sz avgqu-sz   await  svctm  %util
xvda              0.00  7997.00    8.00  779.00     0.05    30.50    79.51   190.46  215.82   1.27 100.00

06/05/2017 12:02:01 AM
avg-cpu:  %user   %nice %system %iowait  %steal   %idle
          82.41    0.00    6.78   10.55    0.00    0.25

Device:         rrqm/s   wrqm/s     r/s     w/s    rMB/s    wMB/s avgrq-sz avgqu-sz   await  svctm  %util
xvda              0.00  9028.00   23.00  984.00     0.33    38.03    78.01   282.64  162.31   0.99 100.00

06/05/2017 12:02:02 AM
avg-cpu:  %user   %nice %system %iowait  %steal   %idle
          57.54    0.00    5.78   34.67    0.00    2.01

Device:         rrqm/s   wrqm/s     r/s     w/s    rMB/s    wMB/s avgrq-sz avgqu-sz   await  svctm  %util
xvda              0.00  9244.00   30.00  984.00     0.86    39.63    81.78   285.14  192.89   0.99 100.00

06/05/2017 12:02:03 AM
avg-cpu:  %user   %nice %system %iowait  %steal   %idle
          31.06    0.00    3.28   63.64    0.00    2.02

Device:         rrqm/s   wrqm/s     r/s     w/s    rMB/s    wMB/s avgrq-sz avgqu-sz   await  svctm  %util
xvda              0.00  7769.00   12.00  851.00     0.15    34.71    82.73   290.51  214.75   1.16 100.00

06/05/2017 12:02:04 AM
avg-cpu:  %user   %nice %system %iowait  %steal   %idle
          33.08    0.00    3.79   63.13    0.00    0.00

Device:         rrqm/s   wrqm/s     r/s     w/s    rMB/s    wMB/s avgrq-sz avgqu-sz   await  svctm  %util
xvda              0.00  4324.00    5.00  449.00     0.03    18.17    82.10   277.37  790.97   2.20 100.00

06/05/2017 12:02:05 AM
avg-cpu:  %user   %nice %system %iowait  %steal   %idle
          43.43    0.00    3.03   52.78    0.00    0.76

Device:         rrqm/s   wrqm/s     r/s     w/s    rMB/s    wMB/s avgrq-sz avgqu-sz   await  svctm  %util
xvda              0.00  8690.00    5.00  927.00     0.02    37.68    82.84   290.36  345.93   1.07 100.10

06/05/2017 12:02:06 AM
avg-cpu:  %user   %nice %system %iowait  %steal   %idle
          10.41    0.00    5.33   82.23    0.00    2.03

Device:         rrqm/s   wrqm/s     r/s     w/s    rMB/s    wMB/s avgrq-sz avgqu-sz   await  svctm  %util
xvda              0.00  6352.00    6.00  671.00     0.02    27.48    83.20   292.69  361.40   1.48 100.00

06/05/2017 12:02:07 AM
avg-cpu:  %user   %nice %system %iowait  %steal   %idle
          30.63    0.00    2.28   60.76    0.00    6.33

Device:         rrqm/s   wrqm/s     r/s     w/s    rMB/s    wMB/s avgrq-sz avgqu-sz   await  svctm  %util
xvda              0.00  4935.00    4.00  504.00     0.02    20.52    82.79   287.82  506.41   1.97 100.00

06/05/2017 12:02:08 AM
avg-cpu:  %user   %nice %system %iowait  %steal   %idle
          42.42    0.00    2.78   54.80    0.00    0.00

Device:         rrqm/s   wrqm/s     r/s     w/s    rMB/s    wMB/s avgrq-sz avgqu-sz   await  svctm  %util
xvda              0.00  4746.00    3.00  495.00     0.01    20.01    82.33   288.72  313.77   2.01 100.00

06/05/2017 12:02:09 AM
avg-cpu:  %user   %nice %system %iowait  %steal   %idle
          91.25    0.00    4.50    3.00    0.00    1.25

Device:         rrqm/s   wrqm/s     r/s     w/s    rMB/s    wMB/s avgrq-sz avgqu-sz   await  svctm  %util
xvda              0.00  6141.00    1.00  656.00     0.00    27.12    84.57   279.15  825.03   1.52 100.00

06/05/2017 12:02:10 AM
avg-cpu:  %user   %nice %system %iowait  %steal   %idle
          92.50    0.00    5.50    0.50    0.00    1.50

Device:         rrqm/s   wrqm/s     r/s     w/s    rMB/s    wMB/s avgrq-sz avgqu-sz   await  svctm  %util
xvda              0.00  7228.00    0.00  762.00     0.00    31.35    84.25   288.13  371.99   1.31 100.10

06/05/2017 12:02:11 AM
avg-cpu:  %user   %nice %system %iowait  %steal   %idle
          93.73    0.00    4.51    0.50    0.00    1.25

Device:         rrqm/s   wrqm/s     r/s     w/s    rMB/s    wMB/s avgrq-sz avgqu-sz   await  svctm  %util
xvda              0.00  9720.00    0.00 1006.00     0.00    41.36    84.21   286.25  285.51   0.99 100.00

06/05/2017 12:02:12 AM
avg-cpu:  %user   %nice %system %iowait  %steal   %idle
          57.43    0.00    7.81   11.59    0.00   23.17

Device:         rrqm/s   wrqm/s     r/s     w/s    rMB/s    wMB/s avgrq-sz avgqu-sz   await  svctm  %util
xvda             28.00  9193.00    4.00  975.00     0.05    40.20    84.19   287.51  282.67   1.02 100.00

06/05/2017 12:02:13 AM
avg-cpu:  %user   %nice %system %iowait  %steal   %idle
          79.19    0.00    5.84    4.06    0.00   10.91

Device:         rrqm/s   wrqm/s     r/s     w/s    rMB/s    wMB/s avgrq-sz avgqu-sz   await  svctm  %util
xvda             29.00  7946.00   12.00  831.00     0.30    34.37    84.22   286.84  265.00   1.19 100.00

06/05/2017 12:02:14 AM
avg-cpu:  %user   %nice %system %iowait  %steal   %idle
          94.51    0.00    4.49    0.50    0.00    0.50

Device:         rrqm/s   wrqm/s     r/s     w/s    rMB/s    wMB/s avgrq-sz avgqu-sz   await  svctm  %util
xvda              0.00  5385.00    3.00  558.00     0.04    22.96    83.94   295.88  373.90   1.78 100.00

06/05/2017 12:02:15 AM
avg-cpu:  %user   %nice %system %iowait  %steal   %idle
          94.76    0.00    3.99    0.00    0.00    1.25

Device:         rrqm/s   wrqm/s     r/s     w/s    rMB/s    wMB/s avgrq-sz avgqu-sz   await  svctm  %util
xvda              0.00  6346.00    7.00  677.00     0.04    28.10    84.25   294.43  406.36   1.46 100.00

06/05/2017 12:02:16 AM
avg-cpu:  %user   %nice %system %iowait  %steal   %idle
          94.74    0.00    3.26    0.75    0.00    1.25

Device:         rrqm/s   wrqm/s     r/s     w/s    rMB/s    wMB/s avgrq-sz avgqu-sz   await  svctm  %util
xvda              0.00  7705.00   10.00  786.00     0.14    32.54    84.09   290.38  424.58   1.26 100.00

06/05/2017 12:02:17 AM
avg-cpu:  %user   %nice %system %iowait  %steal   %idle
          93.23    0.00    3.01    0.75    0.00    3.01

Device:         rrqm/s   wrqm/s     r/s     w/s    rMB/s    wMB/s avgrq-sz avgqu-sz   await  svctm  %util
xvda              0.00  8369.00    7.00  877.00     0.05    36.45    84.56   295.15  406.93   1.13 100.00

06/05/2017 12:02:18 AM
avg-cpu:  %user   %nice %system %iowait  %steal   %idle
          91.96    0.00    3.02    1.51    0.00    3.52

Device:         rrqm/s   wrqm/s     r/s     w/s    rMB/s    wMB/s avgrq-sz avgqu-sz   await  svctm  %util
xvda              0.00  7315.00    5.00  758.00     0.09    31.21    83.99   290.88  306.09   1.31 100.00

06/05/2017 12:02:19 AM
avg-cpu:  %user   %nice %system %iowait  %steal   %idle
          92.00    0.00    3.75    0.75    0.00    3.50

Device:         rrqm/s   wrqm/s     r/s     w/s    rMB/s    wMB/s avgrq-sz avgqu-sz   await  svctm  %util
xvda              0.00  8333.00   15.00  881.00     0.46    36.57    84.64   285.07  290.09   1.12 100.00

06/05/2017 12:02:20 AM
avg-cpu:  %user   %nice %system %iowait  %steal   %idle
          93.98    0.00    3.51    0.50    0.00    2.01

Device:         rrqm/s   wrqm/s     r/s     w/s    rMB/s    wMB/s avgrq-sz avgqu-sz   await  svctm  %util
xvda              0.00  8040.00    8.00  832.00     0.03    34.63    84.50   294.82  443.62   1.19 100.00

06/05/2017 12:02:21 AM
avg-cpu:  %user   %nice %system %iowait  %steal   %idle
          94.50    0.00    2.25    0.50    0.00    2.75

Device:         rrqm/s   wrqm/s     r/s     w/s    rMB/s    wMB/s avgrq-sz avgqu-sz   await  svctm  %util
xvda              0.00  4688.00    3.00  495.00     0.02    20.38    83.90   269.05  589.13   2.01 100.00

06/05/2017 12:02:22 AM
avg-cpu:  %user   %nice %system %iowait  %steal   %idle
          93.22    0.00    4.02    0.50    0.00    2.26

Device:         rrqm/s   wrqm/s     r/s     w/s    rMB/s    wMB/s avgrq-sz avgqu-sz   await  svctm  %util
xvda              0.00  8815.00    8.00  911.00     0.05    37.88    84.54   293.33  295.49   1.09 100.00

06/05/2017 12:02:23 AM
avg-cpu:  %user   %nice %system %iowait  %steal   %idle
          95.24    0.00    2.26    0.75    0.00    1.75

Device:         rrqm/s   wrqm/s     r/s     w/s    rMB/s    wMB/s avgrq-sz avgqu-sz   await  svctm  %util
xvda             29.00  1449.00   21.00  317.00     0.21    12.39    76.40   165.40 1164.01   2.96 100.00

06/05/2017 12:02:24 AM
avg-cpu:  %user   %nice %system %iowait  %steal   %idle
          94.76    0.00    3.24    0.75    0.00    1.25

Device:         rrqm/s   wrqm/s     r/s     w/s    rMB/s    wMB/s avgrq-sz avgqu-sz   await  svctm  %util
xvda              0.00  2588.00   38.00  288.00     0.63    11.03    73.28   144.81  465.30   3.07 100.00

06/05/2017 12:02:25 AM
avg-cpu:  %user   %nice %system %iowait  %steal   %idle
          95.97    0.00    1.76    0.50    0.00    1.76

Device:         rrqm/s   wrqm/s     r/s     w/s    rMB/s    wMB/s avgrq-sz avgqu-sz   await  svctm  %util
xvda              0.00  2857.00   14.00  325.00     0.06    12.73    77.31   142.71  378.57   2.95 100.10

06/05/2017 12:02:26 AM
avg-cpu:  %user   %nice %system %iowait  %steal   %idle
          94.51    0.00    2.74    1.25    0.00    1.50

Device:         rrqm/s   wrqm/s     r/s     w/s    rMB/s    wMB/s avgrq-sz avgqu-sz   await  svctm  %util
xvda              0.00  5501.00   21.00  644.00     0.19    25.27    78.41   144.48  286.19   1.50 100.00

06/05/2017 12:02:27 AM
avg-cpu:  %user   %nice %system %iowait  %steal   %idle
          94.99    0.00    2.76    1.00    0.00    1.25

Device:         rrqm/s   wrqm/s     r/s     w/s    rMB/s    wMB/s avgrq-sz avgqu-sz   await  svctm  %util
xvda              0.00  7029.00   12.00  846.00     0.06    28.79    68.86   129.87  149.55   1.17 100.00

06/05/2017 12:02:28 AM
avg-cpu:  %user   %nice %system %iowait  %steal   %idle
          93.50    0.00    3.50    1.00    0.00    2.00

Device:         rrqm/s   wrqm/s     r/s     w/s    rMB/s    wMB/s avgrq-sz avgqu-sz   await  svctm  %util
xvda              0.00  9067.00    8.00 1010.00     0.04    39.43    79.42   144.65  137.99   0.98 100.00

06/05/2017 12:02:29 AM
avg-cpu:  %user   %nice %system %iowait  %steal   %idle
          94.72    0.00    3.02    0.75    0.00    1.51

Device:         rrqm/s   wrqm/s     r/s     w/s    rMB/s    wMB/s avgrq-sz avgqu-sz   await  svctm  %util
xvda              0.00  7207.00   18.00  949.00     0.20    37.16    79.12   118.03  143.62   0.96  92.40

06/05/2017 12:02:30 AM
avg-cpu:  %user   %nice %system %iowait  %steal   %idle
          93.77    0.25    2.49    0.25    0.00    3.24

Device:         rrqm/s   wrqm/s     r/s     w/s    rMB/s    wMB/s avgrq-sz avgqu-sz   await  svctm  %util
xvda              0.00     0.00    7.00    0.00     0.12     0.00    36.57     0.01    1.43   1.29   0.90

06/05/2017 12:02:31 AM
avg-cpu:  %user   %nice %system %iowait  %steal   %idle
          94.46    0.00    2.52    0.00    0.00    3.02

Device:         rrqm/s   wrqm/s     r/s     w/s    rMB/s    wMB/s avgrq-sz avgqu-sz   await  svctm  %util
xvda              0.00     0.00    0.00    0.00     0.00     0.00     0.00     0.00    0.00   0.00   0.00

06/05/2017 12:02:32 AM
avg-cpu:  %user   %nice %system %iowait  %steal   %idle
          93.50    0.00    3.00    0.00    0.00    3.50

Device:         rrqm/s   wrqm/s     r/s     w/s    rMB/s    wMB/s avgrq-sz avgqu-sz   await  svctm  %util
xvda              0.00    58.00    1.00   59.00     0.00     0.46    15.73     2.95   49.17   5.80  34.80

06/05/2017 12:02:33 AM
avg-cpu:  %user   %nice %system %iowait  %steal   %idle
          92.73    0.00    3.26    0.00    0.00    4.01

Device:         rrqm/s   wrqm/s     r/s     w/s    rMB/s    wMB/s avgrq-sz avgqu-sz   await  svctm  %util
xvda              0.00     0.00    0.99    0.00     0.00     0.00     8.00     0.02   22.00  22.00   2.18

06/05/2017 12:02:34 AM
avg-cpu:  %user   %nice %system %iowait  %steal   %idle
          95.00    0.00    2.50    0.00    0.00    2.50

Device:         rrqm/s   wrqm/s     r/s     w/s    rMB/s    wMB/s avgrq-sz avgqu-sz   await  svctm  %util
xvda              0.00     0.00    0.00    0.00     0.00     0.00     0.00     0.00    0.00   0.00   0.00

06/05/2017 12:02:35 AM
avg-cpu:  %user   %nice %system %iowait  %steal   %idle
          95.51    0.00    2.49    0.00    0.00    2.00

Device:         rrqm/s   wrqm/s     r/s     w/s    rMB/s    wMB/s avgrq-sz avgqu-sz   await  svctm  %util
xvda              0.00     0.00    0.00    0.00     0.00     0.00     0.00     0.00    0.00   0.00   0.00

06/05/2017 12:02:36 AM
avg-cpu:  %user   %nice %system %iowait  %steal   %idle
          95.23    0.00    1.51    0.00    0.00    3.27

Device:         rrqm/s   wrqm/s     r/s     w/s    rMB/s    wMB/s avgrq-sz avgqu-sz   await  svctm  %util
xvda              0.00     0.00    0.00    0.00     0.00     0.00     0.00     0.00    0.00   0.00   0.00

06/05/2017 12:02:37 AM
avg-cpu:  %user   %nice %system %iowait  %steal   %idle
          93.25    0.00    2.00    0.00    0.00    4.75

Device:         rrqm/s   wrqm/s     r/s     w/s    rMB/s    wMB/s avgrq-sz avgqu-sz   await  svctm  %util
xvda              0.00    52.00    0.00   40.00     0.00     0.36    18.40     0.84   20.90   6.60  26.40

06/05/2017 12:02:38 AM
avg-cpu:  %user   %nice %system %iowait  %steal   %idle
          95.00    0.00    2.00    0.00    0.00    3.00

Device:         rrqm/s   wrqm/s     r/s     w/s    rMB/s    wMB/s avgrq-sz avgqu-sz   await  svctm  %util
xvda              0.00     0.00    0.00    0.00     0.00     0.00     0.00     0.00    0.00   0.00   0.00

06/05/2017 12:02:39 AM
avg-cpu:  %user   %nice %system %iowait  %steal   %idle
          94.99    0.00    2.01    0.00    0.00    3.01

Device:         rrqm/s   wrqm/s     r/s     w/s    rMB/s    wMB/s avgrq-sz avgqu-sz   await  svctm  %util
xvda              0.00     0.00    0.00    0.00     0.00     0.00     0.00     0.00    0.00   0.00   0.00

06/05/2017 12:02:40 AM
avg-cpu:  %user   %nice %system %iowait  %steal   %idle
          94.99    0.00    2.76    0.00    0.00    2.26

Device:         rrqm/s   wrqm/s     r/s     w/s    rMB/s    wMB/s avgrq-sz avgqu-sz   await  svctm  %util
xvda              0.00     0.00    0.00    0.00     0.00     0.00     0.00     0.00    0.00   0.00   0.00

06/05/2017 12:02:41 AM
avg-cpu:  %user   %nice %system %iowait  %steal   %idle
          95.48    0.00    2.01    0.00    0.00    2.51

Device:         rrqm/s   wrqm/s     r/s     w/s    rMB/s    wMB/s avgrq-sz avgqu-sz   await  svctm  %util
xvda              0.00     0.00    0.00    0.00     0.00     0.00     0.00     0.00    0.00   0.00   0.00

06/05/2017 12:02:42 AM
avg-cpu:  %user   %nice %system %iowait  %steal   %idle
          95.74    0.00    1.50    0.25    0.00    2.51

Device:         rrqm/s   wrqm/s     r/s     w/s    rMB/s    wMB/s avgrq-sz avgqu-sz   await  svctm  %util
xvda              0.00    58.00    0.00   40.00     0.00     0.38    19.60     0.63   15.82   3.23  12.90

06/05/2017 12:02:43 AM
avg-cpu:  %user   %nice %system %iowait  %steal   %idle
          94.99    0.00    2.01    0.00    0.00    3.01

Device:         rrqm/s   wrqm/s     r/s     w/s    rMB/s    wMB/s avgrq-sz avgqu-sz   await  svctm  %util
xvda              0.00     0.00    0.00    0.00     0.00     0.00     0.00     0.00    0.00   0.00   0.00

06/05/2017 12:02:44 AM
avg-cpu:  %user   %nice %system %iowait  %steal   %idle
          95.24    0.00    2.01    0.00    0.00    2.76

Device:         rrqm/s   wrqm/s     r/s     w/s    rMB/s    wMB/s avgrq-sz avgqu-sz   await  svctm  %util
xvda              0.00     0.00    1.00    0.00     0.00     0.00     8.00     0.00    2.00   2.00   0.20

06/05/2017 12:02:45 AM
avg-cpu:  %user   %nice %system %iowait  %steal   %idle
          96.00    0.00    2.00    0.00    0.00    2.00

Device:         rrqm/s   wrqm/s     r/s     w/s    rMB/s    wMB/s avgrq-sz avgqu-sz   await  svctm  %util
xvda              0.00     0.00    0.00    0.00     0.00     0.00     0.00     0.00    0.00   0.00   0.00

06/05/2017 12:02:46 AM
avg-cpu:  %user   %nice %system %iowait  %steal   %idle
          95.48    0.00    2.51    0.00    0.00    2.01

Device:         rrqm/s   wrqm/s     r/s     w/s    rMB/s    wMB/s avgrq-sz avgqu-sz   await  svctm  %util
xvda              0.00     0.00    0.00    0.00     0.00     0.00     0.00     0.00    0.00   0.00   0.00

06/05/2017 12:02:47 AM
avg-cpu:  %user   %nice %system %iowait  %steal   %idle
          95.74    0.00    2.01    0.00    0.00    2.26

Device:         rrqm/s   wrqm/s     r/s     w/s    rMB/s    wMB/s avgrq-sz avgqu-sz   await  svctm  %util
xvda              0.00    60.00    0.00   40.00     0.00     0.39    20.00     0.41   10.20   1.85   7.40

06/05/2017 12:02:48 AM
avg-cpu:  %user   %nice %system %iowait  %steal   %idle
          91.48    0.00    1.75    0.00    0.00    6.77

Device:         rrqm/s   wrqm/s     r/s     w/s    rMB/s    wMB/s avgrq-sz avgqu-sz   await  svctm  %util
xvda              0.00     0.00    0.00    0.00     0.00     0.00     0.00     0.00    0.00   0.00   0.00

