[7l----total-cpu-usage---- ------memory-usage----- ---load-avg--- -dsk/total- ----system----
usr sys idl wai hiq siq| used  buff  cach  free| 1m   5m  15m | read  writ|  date/time   
  4   2  93   2   0   0| 373M 20.7M 2306M 1259M|0.07 0.08 0.06| 713k 1909k|04-06 16:59:09
  4  12  69  15   0   0| 339M 1376k 21.7M 3596M|0.07 0.08 0.06|3424k    0 |04-06 16:59:10
  1   2  59  39   0   0| 345M 3876k 31.2M 3579M|0.07 0.08 0.06|  23M    0 |04-06 16:59:11
  3   2  65  29   0   0| 347M 4680k 35.5M 3571M|0.07 0.08 0.06|  11M  464k|04-06 16:59:12
  7   2  72  19   0   0| 355M 5236k 40.8M 3558M|0.07 0.08 0.06|  12M    0 |04-06 16:59:13
 10   2  70  19   0   0| 366M 5984k 44.9M 3542M|0.14 0.10 0.07|9488k    0 |04-06 16:59:14
  4   2  81  13   0   0| 374M 6400k 47.7M 3531M|0.14 0.10 0.07|5776k  776k|04-06 16:59:15
  9   2  62  27   0   0| 383M 6624k 51.0M 3518M|0.14 0.10 0.07|7200k    0 |04-06 16:59:16
 24   3  60  13   0   0| 412M 6864k 53.6M 3487M|0.14 0.10 0.07|5960k    0 |04-06 16:59:17
 49   3  43   6   0   0| 426M 6864k 54.9M 3471M|0.14 0.10 0.07|2544k    0 |04-06 16:59:18
 37   2  44  18   0   0| 437M 7264k 55.9M 3459M|0.29 0.13 0.08|2760k 8192B|04-06 16:59:19
 40   3  35  22   0   0| 449M 7608k 57.6M 3445M|0.29 0.13 0.08|3736k 1312k|04-06 16:59:20
 46   4  30  20   0   0| 478M 8632k 59.1M 3414M|0.29 0.13 0.08|5536k 8192B|04-06 16:59:21
 21   2  57  19   0   0| 481M 10.0M 69.1M 3399M|0.29 0.13 0.08|  23M    0 |04-06 16:59:22
 23   2  56  19   0   0| 484M 10.7M 76.1M 3388M|0.29 0.13 0.08|  15M    0 |04-06 16:59:23
 27   2  47  23   0   0| 498M 11.3M 85.2M 3365M|0.51 0.18 0.09|  19M    0 |04-06 16:59:24
 11   3  58  27   0   0| 492M 11.7M 99.1M 3356M|0.51 0.18 0.09|  29M  360k|04-06 16:59:25
 24   4  56  16   0   0| 463M 11.7M  108M 3377M|0.51 0.18 0.09|  17M    0 |04-06 16:59:26
 54   3  36   7   0   0| 469M 11.8M  109M 3368M|0.51 0.18 0.09|3280k    0 |04-06 16:59:27
 45   4  41  11   0   0| 485M 12.1M  111M 3350M|0.51 0.18 0.09|4240k    0 |04-06 16:59:28
 29   2  45  25   0   0| 488M 12.2M  112M 3346M|0.63 0.21 0.10|1752k  392k|04-06 16:59:29
 51   5  27  16   0   0| 510M 12.6M  113M 3323M|0.63 0.21 0.10|3488k 1416k|04-06 16:59:30
 68   4  19   9   0   0| 529M 12.6M  114M 3303M|0.63 0.21 0.10|1128k    0 |04-06 16:59:31
 53   8  33   5   0   0| 369M 12.8M  116M 3461M|0.63 0.21 0.10|3072k    0 |04-06 16:59:32
  5   3  73  19   0   0| 383M 12.8M  127M 3436M|0.63 0.21 0.10|  23M    0 |04-06 16:59:33
 46   7  38   9   0   0| 572M 13.8M  128M 3245M|0.74 0.24 0.11|1072k   32k|04-06 16:59:34
 94   5   1   0   0   0| 769M 13.8M  128M 3048M|0.74 0.24 0.11|   0  4144k|04-06 16:59:35
 88   7   5   0   0   0| 908M 13.8M  131M 2905M|0.74 0.24 0.11|   0     0 |04-06 16:59:36
 97   3   0   0   0   0| 981M 13.8M  132M 2832M|0.74 0.24 0.11|  16k    0 |04-06 16:59:37
 95   4   1   0   0   0|1020M 13.8M  135M 2790M|0.74 0.24 0.11|  24k    0 |04-06 16:59:38
 92   8   1   0   0   0|1047M 13.8M  146M 2752M|1.64 0.43 0.18|8192B   16k|04-06 16:59:39
 97   2   1   0   0   0|1048M 13.8M  149M 2748M|1.64 0.43 0.18|8192B 6368k|04-06 16:59:40
 93   6   1   0   0   0|1048M 13.8M  162M 2735M|1.64 0.43 0.18|   0    22M|04-06 16:59:41
 95   5   0   0   0   0|1050M 13.9M  171M 2724M|1.64 0.43 0.18| 192k   21M|04-06 16:59:42
 93   6   1   0   0   0|1050M 14.4M  186M 2709M|1.64 0.43 0.18| 752k 9216k|04-06 16:59:43
 91   7   2   0   0   0|1017M 17.0M  206M 2719M|2.39 0.61 0.24|  11M   64k|04-06 16:59:44
 94   5   1   0   1   0|1018M 17.8M  223M 2700M|2.39 0.61 0.24|  12M 3216k|04-06 16:59:45
 92   7   1   0   0   0|1021M 17.9M  238M 2682M|2.39 0.61 0.24|   0    13M|04-06 16:59:46
 93   5   1   0   0   0|1022M 17.9M  251M 2668M|2.39 0.61 0.24|   0    17M|04-06 16:59:47
 93   5   1   1   1   0|1023M 17.9M  261M 2657M|2.39 0.61 0.24|   0    20M|04-06 16:59:48
 85   7   0   8   0   0|1023M 17.9M  274M 2644M|3.08 0.78 0.29|8192B   19M|04-06 16:59:49
 77   4   1  18   0   0|1025M 17.9M  283M 2633M|3.08 0.78 0.29|8192B   23M|04-06 16:59:50
 93   5   1   0   0   0|1025M 17.9M  296M 2620M|3.08 0.78 0.29|   0    21M|04-06 16:59:51
 93   5   1   1   1   0|1025M 17.9M  310M 2606M|3.08 0.78 0.29|   0    25M|04-06 16:59:52
 94   4   1   1   1   0|1026M 17.9M  322M 2593M|3.08 0.78 0.29|   0    24M|04-06 16:59:53
 93   6   1   1   0   0|1025M 17.9M  337M 2579M|3.79 0.97 0.36|   0    28M|04-06 16:59:54
 93   6   1   1   0   0|1025M 17.9M  351M 2564M|3.79 0.97 0.36|   0    16M|04-06 16:59:55
 93   5   1   1   0   0|1022M 17.9M  364M 2554M|3.79 0.97 0.36|   0    26M|04-06 16:59:56
 92   7   1   0   1   0|1025M 17.9M  378M 2537M|3.79 0.97 0.36|   0    52M|04-06 16:59:57
 87   5   1   8   0   0|1027M 17.9M  389M 2525M|3.79 0.97 0.36|8192B   51M|04-06 16:59:58
 94   5   0   0   1   0|1027M 17.9M  401M 2512M|4.53 1.17 0.42|8192B   45M|04-06 16:59:59
 93   5   1   1   1   0|1028M 17.9M  416M 2497M|4.53 1.17 0.42|   0    52M|04-06 17:00:00
 93   6   1   1   0   0|1029M 17.9M  426M 2487M|4.53 1.17 0.42|   0    30M|04-06 17:00:01
 93   6   0   1   0   0|1037M 17.9M  439M 2466M|4.53 1.17 0.42|  96k   23M|04-06 17:00:02
 93   6   0   1   1   0|1032M 18.1M  452M 2457M|4.53 1.17 0.42| 520k   28M|04-06 17:00:03
 93   6   1   1   0   0|1032M 18.2M  463M 2445M|5.13 1.35 0.49| 376k   34M|04-06 17:00:04
 93   6   1   0   1   0|1036M 18.2M  476M 2429M|5.13 1.35 0.49|8192B   38M|04-06 17:00:05
 87  11   1   0   1   0|1030M 18.3M  487M 2424M|5.13 1.35 0.49| 432k   39M|04-06 17:00:06
 92   6   1   0   1   0|1032M 18.5M  498M 2410M|5.13 1.35 0.49| 696k   43M|04-06 17:00:07
 92   6   1   0   1   0|1032M 18.5M  513M 2395M|5.13 1.35 0.49|2664k   45M|04-06 17:00:08
 92   8   1   0   0   0|1029M 18.5M  525M 2386M|5.60 1.51 0.54|  32k    0 |04-06 17:00:09
 93   6   1   0   0   0|1028M 18.5M  537M 2375M|5.60 1.51 0.54| 952k    0 |04-06 17:00:10
 94   5   0   0   0   0|1030M 18.5M  549M 2361M|5.60 1.51 0.54|   0    18M|04-06 17:00:11
 93   5   1   0   1   0|1032M 18.5M  561M 2347M|5.60 1.51 0.54|   0    58M|04-06 17:00:12
 93   6   1   0   1   0|1034M 18.5M  575M 2332M|5.60 1.51 0.54|   0    57M|04-06 17:00:13
 94   5   1   0   0   0|1030M 18.6M  587M 2324M|6.11 1.68 0.60|   0    14M|04-06 17:00:14
 94   5   1   0   0   0|1030M 18.6M  600M 2310M|6.11 1.68 0.60|   0     0 |04-06 17:00:15
 93   6   1   0   0   0|1032M 18.6M  613M 2295M|6.11 1.68 0.60|   0    22M|04-06 17:00:16
 94   5   1   1   0   0|1034M 18.6M  626M 2280M|6.11 1.68 0.60|8192B   46M|04-06 17:00:17
 87   6   1   6   1   0|1036M 18.6M  639M 2266M|6.11 1.68 0.60|   0    54M|04-06 17:00:18
 89   5   3   3   0   0|1032M 18.6M  652M 2257M|6.50 1.84 0.66|  16k   20M|04-06 17:00:19
 95   4   0   0   0   0|1035M 18.6M  664M 2241M|6.50 1.84 0.66|8192B    0 |04-06 17:00:20
 91   7   1   0   0   0|1037M 18.6M  677M 2227M|6.50 1.84 0.66|   0    14M|04-06 17:00:21
 94   5   1   0   0   0|1040M 18.6M  689M 2211M|6.50 1.84 0.66|   0    32M|04-06 17:00:22
 93   5   1   0   0   0|1039M 18.6M  702M 2199M|6.50 1.84 0.66|   0    42M|04-06 17:00:23
 93   6   1   0   1   0|1039M 18.6M  716M 2186M|6.86 1.99 0.72|   0    47M|04-06 17:00:24
 92   7   1   0   0   0|1035M 18.6M  728M 2177M|6.86 1.99 0.72|   0    22M|04-06 17:00:25
 93   6   1   0   0   0|1037M 18.6M  740M 2163M|6.86 1.99 0.72|   0    18M|04-06 17:00:26
 92   7   1   0   1   0|1039M 18.6M  753M 2148M|6.86 1.99 0.72|   0    45M|04-06 17:00:27
 93   5   1   0   1   0|1037M 18.6M  767M 2136M|6.86 1.99 0.72|   0    64M|04-06 17:00:28
 94   5   1   0   0   0|1037M 18.6M  781M 2122M|7.19 2.14 0.77|   0     0 |04-06 17:00:29
 94   5   1   0   0   0|1037M 18.6M  793M 2110M|7.19 2.14 0.77|   0     0 |04-06 17:00:30
 93   6   1   0   0   0|1039M 18.6M  806M 2095M|7.19 2.14 0.77|   0    26M|04-06 17:00:31
 93   6   1   0   1   0|1041M 18.6M  819M 2080M|7.19 2.14 0.77|   0    53M|04-06 17:00:32
 91   6   1   0   1   0|1043M 18.6M  831M 2066M|7.19 2.14 0.77|   0    71M|04-06 17:00:33
 95   5   0   0   0   0|1039M 18.6M  844M 2057M|7.50 2.29 0.83|8192B 1168k|04-06 17:00:34
 94   4   1   0   0   0|1040M 18.6M  856M 2045M|7.50 2.29 0.83|   0     0 |04-06 17:00:35
 93   6   1   0   0   0|1041M 18.6M  868M 2031M|7.50 2.29 0.83|   0    24M|04-06 17:00:36
 92   7   1   0   1   0|1043M 18.6M  881M 2016M|7.50 2.29 0.83|   0    50M|04-06 17:00:37
 94   6   1   0   0   0|1045M 18.7M  893M 2002M|7.50 2.29 0.83|   0    45M|04-06 17:00:38
 94   5   1   0   0   0|1042M 18.7M  907M 1992M|7.70 2.41 0.87|8192B   19M|04-06 17:00:39
 94   5   1   0   0   0|1042M 18.7M  920M 1978M|7.70 2.41 0.87|   0     0 |04-06 17:00:40
 94   5   1   0   0   0|1044M 18.7M  933M 1963M|7.70 2.41 0.87|   0    25M|04-06 17:00:41
 92   7   0   0   1   0|1046M 18.7M  946M 1948M|7.70 2.41 0.87|   0    54M|04-06 17:00:42
 93   6   0   0   1   0|1043M 18.7M  958M 1938M|7.70 2.41 0.87|   0    69M|04-06 17:00:43
 94   5   1   0   0   0|1043M 18.7M  972M 1925M|7.88 2.54 0.92|   0     0 |04-06 17:00:44
 94   5   1   0   0   0|1044M 18.7M  985M 1911M|7.88 2.54 0.92|   0     0 |04-06 17:00:45
 94   5   0   0   0   0|1045M 18.7M  997M 1898M|7.88 2.54 0.92|   0    27M|04-06 17:00:46
 93   6   1   0   1   0|1048M 18.7M 1010M 1882M|7.88 2.54 0.92|   0    57M|04-06 17:00:47
 94   5   1   0   0   0|1045M 18.7M 1022M 1873M|7.88 2.54 0.92|   0    59M|04-06 17:00:48
 94   5   1   0   0   0|1045M 18.7M 1036M 1859M|8.13 2.68 0.98|   0     0 |04-06 17:00:49
 94   5   1   0   0   0|1045M 18.7M 1049M 1845M|8.13 2.68 0.98|   0     0 |04-06 17:00:50
 92   6   1   0   1   0|1048M 18.7M 1063M 1830M|8.13 2.68 0.98|   0    27M|04-06 17:00:51
 94   5   1   0   1   0|1050M 18.7M 1076M 1814M|8.13 2.68 0.98|   0    56M|04-06 17:00:52
 92   7   1   0   1   0|1047M 18.7M 1090M 1803M|8.13 2.68 0.98|   0    64M|04-06 17:00:53
 94   5   1   0   0   0|1050M 18.7M 1102M 1788M|8.28 2.80 1.03|   0     0 |04-06 17:00:54
 94   5   1   0   0   0|1051M 18.7M 1115M 1774M|8.28 2.80 1.03|8192B    0 |04-06 17:00:55
 92   5   1   2   0   0|1052M 18.7M 1128M 1760M|8.28 2.80 1.03|8192B   15M|04-06 17:00:56
 77   5   1  18   1   0|1054M 18.7M 1139M 1747M|8.28 2.80 1.03|8192B   32M|04-06 17:00:57
 61   4   0  35   0   0|1054M 18.7M 1149M 1737M|8.28 2.80 1.03|  16k   44M|04-06 17:00:58
 89   5   1   4   1   0|1055M 18.8M 1161M 1724M|8.50 2.94 1.08|  16k   50M|04-06 17:00:59
 93   6   2   0   0   0|1052M 18.8M 1175M 1714M|8.50 2.94 1.08|8192B   16M|04-06 17:01:00
 92   8   1   0   0   0|1055M 18.9M 1186M 1699M|8.50 2.94 1.08| 264k   12M|04-06 17:01:01
 93   6   0   0   0   0|1058M 18.9M 1199M 1683M|8.50 2.94 1.08| 104k   35M|04-06 17:01:02
 93   6   1   0   1   0|1057M 18.9M 1213M 1670M|8.50 2.94 1.08|   0    34M|04-06 17:01:03
 94   5   1   0   1   0|1058M 18.9M 1225M 1657M|8.70 3.07 1.13|   0    47M|04-06 17:01:04
 94   5   2   0   0   0|1055M 18.9M 1240M 1645M|8.70 3.07 1.13|   0  7128k|04-06 17:01:05
 91   8   1   0   0   0|1057M 18.9M 1251M 1632M|8.70 3.07 1.13|   0    19M|04-06 17:01:06
 91   8   0   0   1   0|1059M 18.9M 1261M 1619M|8.70 3.07 1.13|   0    34M|04-06 17:01:07
 92   7   1   0   1   0|1059M 18.9M 1275M 1606M|8.70 3.07 1.13|  24k   42M|04-06 17:01:08
 92   7   1   0   1   0|1056M 19.0M 1288M 1596M|8.72 3.17 1.18|   0    48M|04-06 17:01:09
 95   5   1   0   0   0|1056M 19.0M 1301M 1583M|8.72 3.17 1.18|   0     0 |04-06 17:01:10
 92   6   1   1   0   0|1059M 19.0M 1313M 1568M|8.72 3.17 1.18|8192B   21M|04-06 17:01:11
 93   6   1   1   0   0|1062M 19.0M 1326M 1552M|8.72 3.17 1.18|  32k   16M|04-06 17:01:12
 92   6   1   0   0   0|1062M 19.0M 1340M 1538M|8.72 3.17 1.18|   0    19M|04-06 17:01:13
 93   6   0   0   1   0|1062M 19.0M 1352M 1526M|8.99 3.32 1.23|   0    71M|04-06 17:01:14
 94   5   1   0   0   0|1059M 19.0M 1366M 1515M|8.99 3.32 1.23|   0    23M|04-06 17:01:15
 94   5   0   0   0   0|1060M 19.0M 1379M 1500M|8.99 3.32 1.23|   0    18M|04-06 17:01:16
 93   6   1   0   1   0|1063M 19.0M 1392M 1485M|8.99 3.32 1.23|   0    50M|04-06 17:01:17
 94   5   1   0   1   0|1064M 19.0M 1405M 1470M|8.99 3.32 1.23|   0    61M|04-06 17:01:18
 94   5   1   0   0   0|1061M 19.0M 1418M 1460M|9.15 3.44 1.29|  16k  184k|04-06 17:01:19
 94   5   1   0   0   0|1060M 19.0M 1432M 1448M|9.15 3.44 1.29|   0     0 |04-06 17:01:20
 94   5   1   0   0   0|1062M 19.0M 1445M 1433M|9.15 3.44 1.29|   0    25M|04-06 17:01:21
 93   5   1   0   1   0|1066M 19.0M 1458M 1416M|9.15 3.44 1.29|   0    55M|04-06 17:01:22
 93   5   1   0   1   0|1066M 19.0M 1472M 1403M|9.15 3.44 1.29|   0    47M|04-06 17:01:23
 94   6   1   0   0   0|1062M 19.0M 1486M 1391M|9.38 3.59 1.34|   0    24M|04-06 17:01:24
 92   7   1   0   0   0|1064M 19.0M 1498M 1377M|9.38 3.59 1.34|   0     0 |04-06 17:01:25
 94   5   1   0   0   0|1064M 19.0M 1511M 1365M|9.38 3.59 1.34|  16k   24M|04-06 17:01:26
 92   6   1   0   1   0|1067M 19.0M 1525M 1348M|9.38 3.59 1.34|   0    36M|04-06 17:01:27
 92   6   1   0   0   0|1069M 19.0M 1537M 1333M|9.38 3.59 1.34|   0    55M|04-06 17:01:28
 92   6   1   0   0   0|1065M 19.1M 1551M 1324M|9.51 3.71 1.40|   0    38M|04-06 17:01:29
 94   5   1   0   0   0|1064M 19.1M 1565M 1311M|9.51 3.71 1.40|   0     0 |04-06 17:01:30
 94   5   1   0   0   0|1068M 19.1M 1577M 1295M|9.51 3.71 1.40|   0    21M|04-06 17:01:31
 93   6   1   0   1   0|1069M 19.1M 1590M 1281M|9.51 3.71 1.40|   0    46M|04-06 17:01:32
 94   5   1   0   1   0|1070M 19.1M 1603M 1267M|9.51 3.71 1.40|   0    55M|04-06 17:01:33
 94   5   1   0   0   0|1066M 19.1M 1615M 1258M|9.31 3.76 1.43|   0    22M|04-06 17:01:34
 94   5   1   0   0   0|1066M 19.1M 1629M 1245M|9.31 3.76 1.43|   0     0 |04-06 17:01:35
 93   5   1   0   0   0|1068M 19.1M 1641M 1230M|9.31 3.76 1.43|   0    22M|04-06 17:01:36
 93   6   1   0   0   0|1073M 19.1M 1654M 1213M|9.31 3.76 1.43|   0    21M|04-06 17:01:37
 91   8   0   0   1   0|1072M 19.1M 1666M 1201M|9.31 3.76 1.43|   0    62M|04-06 17:01:38
 93   5   1   0   1   0|1069M 19.1M 1679M 1192M|9.44 3.88 1.48|   0    47M|04-06 17:01:39
 93   5   2   0   0   0|1074M 19.1M 1692M 1174M|9.44 3.88 1.48|   0     0 |04-06 17:01:40
 93   6   1   0   0   0|1077M 19.1M 1704M 1159M|9.44 3.88 1.48|   0    22M|04-06 17:01:41
 90   9   0   0   1   0|1079M 19.1M 1718M 1143M|9.44 3.88 1.48|   0    48M|04-06 17:01:42
 93   6   1   0   1   0|1080M 19.1M 1730M 1130M|9.44 3.88 1.48|   0    44M|04-06 17:01:43
 93   6   1   0   0   0|1077M 19.1M 1742M 1121M|9.49 3.99 1.52|   0    20M|04-06 17:01:44
 74   7  19   0   0   0|1078M 19.1M 1760M 1102M|9.49 3.99 1.52|   0     0 |04-06 17:01:45
 36   9  37  18   0   0| 476M 19.4M 1764M 1699M|9.49 3.99 1.52|4648k   10M|04-06 17:01:46
 93   6   0   0   0   0| 621M 19.4M 1764M 1554M|9.49 3.99 1.52| 160k   45M|04-06 17:01:47
 94   5   1   0   1   0| 724M 19.4M 1764M 1451M|9.49 3.99 1.52|  96k   40M|04-06 17:01:48
 97   2   1   0   0   0| 753M 19.4M 1765M 1422M|9.93 4.17 1.60|1232k   25M|04-06 17:01:49
 96   4   0   0   0   0| 740M 19.4M 1765M 1435M|9.93 4.17 1.60| 280k    0 |04-06 17:01:50
 93   3   3   0   0   0| 739M 19.4M 1765M 1435M|9.93 4.17 1.60|   0   536k|04-06 17:01:51
 95   3   3   0   0   0| 742M 19.4M 1765M 1432M|9.93 4.17 1.60|   0     0 |04-06 17:01:52
 93   3   4   0   0   0| 742M 19.4M 1765M 1432M|9.93 4.17 1.60|   0     0 |04-06 17:01:53
 94   3   3   0   0   0| 743M 19.4M 1765M 1432M|9.93 4.27 1.64|   0     0 |04-06 17:01:54
 95   3   3   0   0   0| 743M 19.4M 1765M 1431M|9.93 4.27 1.64|   0     0 |04-06 17:01:55
 93   5   2   0   0   0| 740M 19.4M 1765M 1434M|9.93 4.27 1.64|   0   616k|04-06 17:01:56
 95   3   2   0   0   0| 740M 19.4M 1765M 1434M|9.93 4.27 1.64|   0     0 |04-06 17:01:57
 95   3   2   0   0   0| 740M 19.4M 1765M 1434M|9.93 4.27 1.64|   0     0 |04-06 17:01:58
 95   3   2   0   0   0| 740M 19.4M 1765M 1434M|10.0 4.38 1.69|   0     0 |04-06 17:01:59
 95   3   2   0   0   0| 741M 19.4M 1765M 1434M|10.0 4.38 1.69|   0     0 |04-06 17:02:00
 93   5   2   0   0   0| 741M 19.4M 1765M 1433M|10.0 4.38 1.69|   0     0 |04-06 17:02:01
 94   4   2   0   0   0| 741M 19.4M 1765M 1433M|10.0 4.38 1.69|   0   552k|04-06 17:02:02
 95   3   2   0   0   0| 741M 19.4M 1765M 1433M|10.0 4.38 1.69|   0     0 |04-06 17:02:03
 94   4   2   0   0   0| 741M 19.4M 1765M 1433M|10.0 4.47 1.73|   0     0 |04-06 17:02:04
 94   4   2   0   0   0| 741M 19.4M 1765M 1433M|10.0 4.47 1.73|   0     0 |04-06 17:02:05
 92   6   2   0   0   0| 754M 19.4M 1765M 1420M|10.0 4.47 1.73|   0     0 |04-06 17:02:06
 92   7   1   0   0   0| 741M 19.6M 1765M 1433M|10.0 4.47 1.73| 824k  632k|04-06 17:02:07
 94   5   2   0   0   0| 741M 19.6M 1765M 1433M|10.0 4.47 1.73|   0     0 |04-06 17:02:08
 94   4   2   0   0   0| 740M 19.6M 1765M 1434M|10.1 4.58 1.78|   0     0 |04-06 17:02:09
 95   3   2   0   0   0| 740M 19.6M 1765M 1434M|10.1 4.58 1.78|   0     0 |04-06 17:02:10
 94   4   2   0   0   0| 740M 19.6M 1765M 1434M|10.1 4.58 1.78|   0     0 |04-06 17:02:11
 94   3   3   0   0   0| 740M 19.6M 1765M 1434M|10.1 4.58 1.78|   0   608k|04-06 17:02:12
 94   3   3   0   0   0| 740M 19.6M 1765M 1434M|10.1 4.58 1.78|   0     0 |04-06 17:02:13
 93   5   2   0   0   0| 741M 19.6M 1765M 1433M|10.1 4.67 1.83|   0     0 |04-06 17:02:14
 95   3   2   0   0   0| 741M 19.6M 1765M 1433M|10.1 4.67 1.83|   0     0 |04-06 17:02:15
 93   4   3   0   0   0| 740M 19.6M 1765M 1433M|10.1 4.67 1.83|   0     0 |04-06 17:02:16
 94   3   3   0   0   0| 740M 19.6M 1765M 1433M|10.1 4.67 1.83|   0   624k|04-06 17:02:17
 94   4   2   0   0   0| 740M 19.6M 1765M 1433M|10.1 4.67 1.83|   0     0 |04-06 17:02:18
 95   3   2   0   0   0| 741M 19.6M 1765M 1433M|10.1 4.76 1.87|   0   104k|04-06 17:02:19
 94   4   2   0   0   0| 741M 19.6M 1765M 1433M|10.1 4.76 1.87|   0     0 |04-06 17:02:20
 96   3   2   0   0   0| 741M 19.6M 1765M 1433M|10.1 4.76 1.87|   0     0 |04-06 17:02:21
 94   3   3   0   0   0| 741M 19.6M 1765M 1433M|10.1 4.76 1.87|   0   528k|04-06 17:02:22
 94   4   3   0   0   0| 741M 19.6M 1765M 1433M|10.1 4.76 1.87|   0     0 |04-06 17:02:23
 95   3   2   0   0   0| 741M 19.6M 1765M 1433M|10.1 4.84 1.92|   0  8984k|04-06 17:02:24
 94   4   2   0   0   0| 741M 19.6M 1765M 1433M|10.1 4.84 1.92|   0     0 |04-06 17:02:25
 94   4   2   0   0   0| 741M 19.6M 1765M 1433M|10.1 4.84 1.92|   0     0 |04-06 17:02:26
 94   4   2   0   0   0| 741M 19.6M 1765M 1433M|10.1 4.84 1.92|   0   664k|04-06 17:02:27
 95   3   2   0   0   0| 741M 19.6M 1765M 1433M|10.1 4.84 1.92|   0     0 |04-06 17:02:28
 95   4   2   0   0   0| 741M 19.6M 1766M 1433M|10.1 4.93 1.96|   0     0 |04-06 17:02:29
 95   4   2   0   0   0| 741M 19.6M 1766M 1433M|10.1 4.93 1.96|   0     0 |04-06 17:02:30
 95   3   2   0   0   0| 741M 19.6M 1766M 1433M|10.1 4.93 1.96|   0     0 |04-06 17:02:31
 94   4   2   0   0   0| 740M 19.6M 1766M 1433M|10.1 4.93 1.96|   0   544k|04-06 17:02:32
 95   4   2   0   0   0| 740M 19.6M 1766M 1433M|10.1 4.93 1.96|   0     0 |04-06 17:02:33
 95   3   2   0   0   0| 740M 19.6M 1766M 1433M|10.1 5.01 2.00|   0     0 |04-06 17:02:34
 95   3   3   0   0   0| 740M 19.6M 1766M 1433M|10.1 5.01 2.00|   0     0 |04-06 17:02:35
 94   3   2   0   0   0| 741M 19.6M 1766M 1433M|10.1 5.01 2.00|   0     0 |04-06 17:02:36
 94   3   3   0   0   0| 741M 19.6M 1766M 1433M|10.1 5.01 2.00|   0   464k|04-06 17:02:37
 93   4   3   0   0   0| 746M 19.6M 1766M 1428M|10.1 5.01 2.00|   0     0 |04-06 17:02:38
 95   3   2   0   0   0| 747M 19.6M 1766M 1427M|10.1 5.10 2.05|   0     0 |04-06 17:02:39
 95   3   2   0   0   0| 747M 19.6M 1766M 1427M|10.1 5.10 2.05|   0     0 |04-06 17:02:40
 94   4   2   0   0   0| 742M 19.6M 1766M 1431M|10.1 5.10 2.05|   0     0 |04-06 17:02:41
 94   4   2   0   0   0| 742M 19.6M 1766M 1432M|10.1 5.10 2.05|   0   720k|04-06 17:02:42
 95   3   2   0   0   0| 742M 19.6M 1766M 1432M|10.1 5.10 2.05|   0     0 |04-06 17:02:43
 92   4   5   0   0   0| 742M 19.6M 1766M 1431M|9.89 5.14 2.08|   0     0 |04-06 17:02:44
 71   5  25   0   0   0| 437M 19.6M 1766M 1737M|9.89 5.14 2.08|   0     0 |04-06 17:02:45
