Linux 2.6.32-220.23.2.ali878.el6.x86_64 (e010125024089.bja) 	06/04/2017 	_x86_64_	(4 CPU)

06/04/2017 04:59:09 PM
avg-cpu:  %user   %nice %system %iowait  %steal   %idle
           4.14    0.01    1.58    1.58    0.00   92.70

Device:         rrqm/s   wrqm/s     r/s     w/s    rMB/s    wMB/s avgrq-sz avgqu-sz   await  svctm  %util
xvda              0.14   209.27   11.34   29.35     0.35     0.93    64.46     1.96   48.06   1.64   6.67

06/04/2017 04:59:10 PM
avg-cpu:  %user   %nice %system %iowait  %steal   %idle
          14.25    0.00   13.49    9.67    0.00   62.60

Device:         rrqm/s   wrqm/s     r/s     w/s    rMB/s    wMB/s avgrq-sz avgqu-sz   await  svctm  %util
xvda              0.00     0.00   79.00    0.00     0.49     0.00    12.76     1.35   16.77   5.14  40.60

06/04/2017 04:59:11 PM
avg-cpu:  %user   %nice %system %iowait  %steal   %idle
           0.76    0.00    1.27   39.34    0.00   58.63

Device:         rrqm/s   wrqm/s     r/s     w/s    rMB/s    wMB/s avgrq-sz avgqu-sz   await  svctm  %util
xvda            228.00     0.00  947.00    0.00    10.26     0.00    22.19    12.57   12.81   1.06 100.00

06/04/2017 04:59:12 PM
avg-cpu:  %user   %nice %system %iowait  %steal   %idle
           1.78    0.00    2.79   34.01    0.00   61.42

Device:         rrqm/s   wrqm/s     r/s     w/s    rMB/s    wMB/s avgrq-sz avgqu-sz   await  svctm  %util
xvda              0.00    24.00  638.00   34.00     7.62     0.23    23.90     6.68   10.61   1.49  99.80

06/04/2017 04:59:13 PM
avg-cpu:  %user   %nice %system %iowait  %steal   %idle
           6.62    0.00    1.78   18.83    0.00   72.77

Device:         rrqm/s   wrqm/s     r/s     w/s    rMB/s    wMB/s avgrq-sz avgqu-sz   await  svctm  %util
xvda              0.00     0.00  447.00    0.00     5.27     0.00    24.14     2.00    4.50   1.79  80.00

06/04/2017 04:59:14 PM
avg-cpu:  %user   %nice %system %iowait  %steal   %idle
          10.91    0.00    1.52   18.02    0.00   69.54

Device:         rrqm/s   wrqm/s     r/s     w/s    rMB/s    wMB/s avgrq-sz avgqu-sz   await  svctm  %util
xvda              0.00     0.00  477.00    0.00     4.11     0.00    17.64     2.22    4.64   1.60  76.50

06/04/2017 04:59:15 PM
avg-cpu:  %user   %nice %system %iowait  %steal   %idle
           1.53    0.00    1.27   15.78    0.00   81.42

Device:         rrqm/s   wrqm/s     r/s     w/s    rMB/s    wMB/s avgrq-sz avgqu-sz   await  svctm  %util
xvda              3.00    36.00  330.00   61.00     4.05     0.38    23.20     7.43   19.00   1.67  65.30

06/04/2017 04:59:16 PM
avg-cpu:  %user   %nice %system %iowait  %steal   %idle
          10.69    0.00    3.05   19.85    0.00   66.41

Device:         rrqm/s   wrqm/s     r/s     w/s    rMB/s    wMB/s avgrq-sz avgqu-sz   await  svctm  %util
xvda              0.00     0.00  258.00    0.00     3.65     0.00    28.96     1.63    4.20   2.81  72.50

06/04/2017 04:59:17 PM
avg-cpu:  %user   %nice %system %iowait  %steal   %idle
          17.86    0.00    2.55   20.92    0.00   58.67

Device:         rrqm/s   wrqm/s     r/s     w/s    rMB/s    wMB/s avgrq-sz avgqu-sz   await  svctm  %util
xvda              0.00     0.00  396.00    0.00     2.75     0.00    14.22     1.85    6.06   1.91  75.60

06/04/2017 04:59:18 PM
avg-cpu:  %user   %nice %system %iowait  %steal   %idle
          45.96    0.00    3.28    6.31    0.00   44.44

Device:         rrqm/s   wrqm/s     r/s     w/s    rMB/s    wMB/s avgrq-sz avgqu-sz   await  svctm  %util
xvda              0.00     0.00  210.00    0.00     1.73     0.00    16.84     0.42    2.01   1.42  29.80

06/04/2017 04:59:19 PM
avg-cpu:  %user   %nice %system %iowait  %steal   %idle
          36.36    0.00    1.52   17.42    0.00   44.70

Device:         rrqm/s   wrqm/s     r/s     w/s    rMB/s    wMB/s avgrq-sz avgqu-sz   await  svctm  %util
xvda              0.00     0.00  135.00    1.00     1.18     0.00    17.82     1.85   13.61   3.29  44.70

06/04/2017 04:59:20 PM
avg-cpu:  %user   %nice %system %iowait  %steal   %idle
          48.87    0.00    3.02   12.09    0.00   36.02

Device:         rrqm/s   wrqm/s     r/s     w/s    rMB/s    wMB/s avgrq-sz avgqu-sz   await  svctm  %util
xvda              0.00     0.00  242.00    0.00     2.01     0.00    17.02     1.04    3.49   2.06  49.90

06/04/2017 04:59:21 PM
avg-cpu:  %user   %nice %system %iowait  %steal   %idle
          39.75    0.00    3.80   26.08    0.00   30.38

Device:         rrqm/s   wrqm/s     r/s     w/s    rMB/s    wMB/s avgrq-sz avgqu-sz   await  svctm  %util
xvda             29.00   112.00  286.00   45.00     2.34     0.64    18.49    14.86   45.02   2.84  94.00

06/04/2017 04:59:22 PM
avg-cpu:  %user   %nice %system %iowait  %steal   %idle
          25.76    0.00    2.78   19.95    0.00   51.52

Device:         rrqm/s   wrqm/s     r/s     w/s    rMB/s    wMB/s avgrq-sz avgqu-sz   await  svctm  %util
xvda              0.00     0.00  709.00    0.00     7.79     0.00    22.49     6.44    9.27   1.39  98.50

06/04/2017 04:59:23 PM
avg-cpu:  %user   %nice %system %iowait  %steal   %idle
          21.32    0.00    2.28   18.02    0.00   58.38

Device:         rrqm/s   wrqm/s     r/s     w/s    rMB/s    wMB/s avgrq-sz avgqu-sz   await  svctm  %util
xvda              0.00     0.00  602.00    0.00    10.20     0.00    34.68     5.41    9.02   1.62  97.80

06/04/2017 04:59:24 PM
avg-cpu:  %user   %nice %system %iowait  %steal   %idle
          25.95    0.00    2.04   22.90    0.00   49.11

Device:         rrqm/s   wrqm/s     r/s     w/s    rMB/s    wMB/s avgrq-sz avgqu-sz   await  svctm  %util
xvda              2.00     0.00  449.00    0.00     7.73     0.00    35.28     5.96   12.90   2.21  99.40

06/04/2017 04:59:25 PM
avg-cpu:  %user   %nice %system %iowait  %steal   %idle
          16.50    0.00    3.55   27.16    0.00   52.79

Device:         rrqm/s   wrqm/s     r/s     w/s    rMB/s    wMB/s avgrq-sz avgqu-sz   await  svctm  %util
xvda              0.00     0.00  536.00    0.00    15.03     0.00    57.42     7.72   14.71   1.83  98.10

06/04/2017 04:59:26 PM
avg-cpu:  %user   %nice %system %iowait  %steal   %idle
          18.73    0.00    4.30   16.96    0.00   60.00

Device:         rrqm/s   wrqm/s     r/s     w/s    rMB/s    wMB/s avgrq-sz avgqu-sz   await  svctm  %util
xvda              0.00    13.00  486.00   32.00     9.75     0.18    39.23     4.57    8.63   1.60  82.70

06/04/2017 04:59:27 PM
avg-cpu:  %user   %nice %system %iowait  %steal   %idle
          45.06    0.00    3.54   11.14    0.00   40.25

Device:         rrqm/s   wrqm/s     r/s     w/s    rMB/s    wMB/s avgrq-sz avgqu-sz   await  svctm  %util
xvda              0.00     0.00  184.00    0.00     3.41     0.00    37.91     0.79    4.87   2.78  51.20

06/04/2017 04:59:28 PM
avg-cpu:  %user   %nice %system %iowait  %steal   %idle
          50.63    0.25    3.53    8.06    0.00   37.53

Device:         rrqm/s   wrqm/s     r/s     w/s    rMB/s    wMB/s avgrq-sz avgqu-sz   await  svctm  %util
xvda              0.00     0.00  231.00    0.00     1.60     0.00    14.16     1.23    5.32   1.75  40.40

06/04/2017 04:59:29 PM
avg-cpu:  %user   %nice %system %iowait  %steal   %idle
          37.22    0.00    2.28   16.20    0.00   44.30

Device:         rrqm/s   wrqm/s     r/s     w/s    rMB/s    wMB/s avgrq-sz avgqu-sz   await  svctm  %util
xvda              0.00    18.00  158.00    6.00     1.36     0.04    17.37     6.98    3.32   3.50  57.40

06/04/2017 04:59:30 PM
avg-cpu:  %user   %nice %system %iowait  %steal   %idle
          38.04    0.00    4.53   23.68    0.00   33.75

Device:         rrqm/s   wrqm/s     r/s     w/s    rMB/s    wMB/s avgrq-sz avgqu-sz   await  svctm  %util
xvda              0.00     0.00  239.00   55.00     1.12     0.27     9.69    13.60   68.17   2.34  68.90

06/04/2017 04:59:31 PM
avg-cpu:  %user   %nice %system %iowait  %steal   %idle
          68.35    0.00    3.54    8.61    0.00   19.49

Device:         rrqm/s   wrqm/s     r/s     w/s    rMB/s    wMB/s avgrq-sz avgqu-sz   await  svctm  %util
xvda              0.00    91.00   98.00   54.00     1.08     0.57    22.32     1.41    8.68   2.48  37.70

06/04/2017 04:59:32 PM
avg-cpu:  %user   %nice %system %iowait  %steal   %idle
          66.58    0.00    7.85    4.81    0.00   20.76

Device:         rrqm/s   wrqm/s     r/s     w/s    rMB/s    wMB/s avgrq-sz avgqu-sz   await  svctm  %util
xvda              0.00     0.00   20.00    0.00     0.27     0.00    27.20     0.27   17.95   9.85  19.70

06/04/2017 04:59:33 PM
avg-cpu:  %user   %nice %system %iowait  %steal   %idle
           2.54    0.00    3.05   20.81    0.00   73.60

Device:         rrqm/s   wrqm/s     r/s     w/s    rMB/s    wMB/s avgrq-sz avgqu-sz   await  svctm  %util
xvda              0.00     0.00  434.00    0.00    12.32     0.00    58.16     2.58    5.92   2.07  89.80

06/04/2017 04:59:34 PM
avg-cpu:  %user   %nice %system %iowait  %steal   %idle
          30.36    0.00    6.12   10.46    0.00   53.06

Device:         rrqm/s   wrqm/s     r/s     w/s    rMB/s    wMB/s avgrq-sz avgqu-sz   await  svctm  %util
xvda              0.00     0.00  193.00    3.00     0.87     0.01     9.18     1.47    2.40   2.24  44.00

06/04/2017 04:59:35 PM
avg-cpu:  %user   %nice %system %iowait  %steal   %idle
          88.72    0.00    6.77    1.50    0.00    3.01

Device:         rrqm/s   wrqm/s     r/s     w/s    rMB/s    wMB/s avgrq-sz avgqu-sz   await  svctm  %util
xvda              0.00     0.00   10.00    1.00     0.04     0.00     8.00     0.36  124.18   3.00   3.30

06/04/2017 04:59:36 PM
avg-cpu:  %user   %nice %system %iowait  %steal   %idle
          88.27    0.00    7.14    0.00    0.00    4.59

Device:         rrqm/s   wrqm/s     r/s     w/s    rMB/s    wMB/s avgrq-sz avgqu-sz   await  svctm  %util
xvda              0.00   432.00    0.00   85.00     0.00     2.02    48.75     1.80   21.14   0.58   4.90

06/04/2017 04:59:37 PM
avg-cpu:  %user   %nice %system %iowait  %steal   %idle
          95.99    0.00    3.51    0.00    0.00    0.50

Device:         rrqm/s   wrqm/s     r/s     w/s    rMB/s    wMB/s avgrq-sz avgqu-sz   await  svctm  %util
xvda              0.00     0.00    2.00    0.00     0.01     0.00     8.00     0.00    1.50   1.50   0.30

06/04/2017 04:59:38 PM
avg-cpu:  %user   %nice %system %iowait  %steal   %idle
          95.76    0.00    3.74    0.00    0.00    0.50

Device:         rrqm/s   wrqm/s     r/s     w/s    rMB/s    wMB/s avgrq-sz avgqu-sz   await  svctm  %util
xvda              0.00     0.00    3.00    0.00     0.01     0.00     8.00     0.01    2.67   2.67   0.80

06/04/2017 04:59:39 PM
avg-cpu:  %user   %nice %system %iowait  %steal   %idle
          91.98    0.00    8.02    0.00    0.00    0.00

Device:         rrqm/s   wrqm/s     r/s     w/s    rMB/s    wMB/s avgrq-sz avgqu-sz   await  svctm  %util
xvda              0.00     0.00    1.00    2.00     0.00     0.01     8.00     0.01    1.67   1.00   0.30

06/04/2017 04:59:40 PM
avg-cpu:  %user   %nice %system %iowait  %steal   %idle
          96.75    0.00    2.50    0.00    0.00    0.75

Device:         rrqm/s   wrqm/s     r/s     w/s    rMB/s    wMB/s avgrq-sz avgqu-sz   await  svctm  %util
xvda              0.00     0.00    1.00    0.00     0.00     0.00     8.00     0.02   18.00  18.00   1.80

06/04/2017 04:59:41 PM
avg-cpu:  %user   %nice %system %iowait  %steal   %idle
          94.49    0.00    4.51    0.25    0.00    0.75

Device:         rrqm/s   wrqm/s     r/s     w/s    rMB/s    wMB/s avgrq-sz avgqu-sz   await  svctm  %util
xvda              0.00  2762.00    0.00  555.00     0.00    11.17    41.21   142.27  201.86   1.80  99.90

06/04/2017 04:59:42 PM
avg-cpu:  %user   %nice %system %iowait  %steal   %idle
          93.25    0.00    6.00    0.25    0.00    0.50

Device:         rrqm/s   wrqm/s     r/s     w/s    rMB/s    wMB/s avgrq-sz avgqu-sz   await  svctm  %util
xvda              0.00  2116.00    0.00  514.00     0.00    10.40    41.43   145.75  281.08   1.95 100.00

06/04/2017 04:59:43 PM
avg-cpu:  %user   %nice %system %iowait  %steal   %idle
          92.73    0.00    6.02    0.25    0.00    1.00

Device:         rrqm/s   wrqm/s     r/s     w/s    rMB/s    wMB/s avgrq-sz avgqu-sz   await  svctm  %util
xvda             20.00  1055.00   34.00  363.00     0.46     7.60    41.59    76.95  272.74   1.93  76.50

06/04/2017 04:59:44 PM
avg-cpu:  %user   %nice %system %iowait  %steal   %idle
          92.27    0.00    6.23    0.00    0.00    1.50

Device:         rrqm/s   wrqm/s     r/s     w/s    rMB/s    wMB/s avgrq-sz avgqu-sz   await  svctm  %util
xvda              0.00     0.00    9.00    8.00     0.05     0.03     9.41     0.16    7.59   6.24  10.60

06/04/2017 04:59:45 PM
avg-cpu:  %user   %nice %system %iowait  %steal   %idle
          93.23    0.00    6.27    0.00    0.00    0.50

Device:         rrqm/s   wrqm/s     r/s     w/s    rMB/s    wMB/s avgrq-sz avgqu-sz   await  svctm  %util
xvda              0.00     0.00  314.00    0.00    11.40     0.00    74.37     1.27    4.13   1.60  50.30

06/04/2017 04:59:46 PM
avg-cpu:  %user   %nice %system %iowait  %steal   %idle
          92.00    0.00    6.75    0.25    0.00    1.00

Device:         rrqm/s   wrqm/s     r/s     w/s    rMB/s    wMB/s avgrq-sz avgqu-sz   await  svctm  %util
xvda              0.00  1467.00    0.00  513.00     0.00     6.34    25.29   142.29  215.45   1.95 100.00

06/04/2017 04:59:47 PM
avg-cpu:  %user   %nice %system %iowait  %steal   %idle
          93.73    0.00    5.01    0.25    0.00    1.00

Device:         rrqm/s   wrqm/s     r/s     w/s    rMB/s    wMB/s avgrq-sz avgqu-sz   await  svctm  %util
xvda              0.00  1735.00    0.00  503.00     0.00     7.94    32.32   144.16  273.59   1.99 100.00

06/04/2017 04:59:48 PM
avg-cpu:  %user   %nice %system %iowait  %steal   %idle
          93.00    0.00    6.00    0.25    0.00    0.75

Device:         rrqm/s   wrqm/s     r/s     w/s    rMB/s    wMB/s avgrq-sz avgqu-sz   await  svctm  %util
xvda              0.00  1890.00    0.00  538.00     0.00     9.80    37.29   142.70  280.53   1.86 100.00

06/04/2017 04:59:49 PM
avg-cpu:  %user   %nice %system %iowait  %steal   %idle
          91.75    0.00    7.00    0.50    0.00    0.75

Device:         rrqm/s   wrqm/s     r/s     w/s    rMB/s    wMB/s avgrq-sz avgqu-sz   await  svctm  %util
xvda              0.00  1974.00    0.00  573.00     0.00    10.16    36.31   147.20  269.47   1.75 100.00

06/04/2017 04:59:50 PM
avg-cpu:  %user   %nice %system %iowait  %steal   %idle
          69.85    0.00    4.27   25.38    0.00    0.50

Device:         rrqm/s   wrqm/s     r/s     w/s    rMB/s    wMB/s avgrq-sz avgqu-sz   await  svctm  %util
xvda              0.00  2017.00    2.00  575.00     0.01    10.39    36.91   142.57  241.58   1.73 100.00

06/04/2017 04:59:51 PM
avg-cpu:  %user   %nice %system %iowait  %steal   %idle
          92.98    0.00    5.76    0.25    0.00    1.00

Device:         rrqm/s   wrqm/s     r/s     w/s    rMB/s    wMB/s avgrq-sz avgqu-sz   await  svctm  %util
xvda              0.00  2163.00    0.00  557.00     0.00     9.85    36.22   146.59  254.95   1.80 100.00

06/04/2017 04:59:52 PM
avg-cpu:  %user   %nice %system %iowait  %steal   %idle
          93.00    0.00    5.25    0.50    0.00    1.25

Device:         rrqm/s   wrqm/s     r/s     w/s    rMB/s    wMB/s avgrq-sz avgqu-sz   await  svctm  %util
xvda              0.00  2531.00    0.00  568.00     0.00    11.64    41.99   147.33  262.66   1.76 100.00

06/04/2017 04:59:53 PM
avg-cpu:  %user   %nice %system %iowait  %steal   %idle
          93.73    0.00    5.01    0.50    0.00    0.75

Device:         rrqm/s   wrqm/s     r/s     w/s    rMB/s    wMB/s avgrq-sz avgqu-sz   await  svctm  %util
xvda              0.00  2567.00    0.00  591.00     0.00    12.13    42.04   141.34  224.72   1.69 100.00

06/04/2017 04:59:54 PM
avg-cpu:  %user   %nice %system %iowait  %steal   %idle
          93.25    0.00    5.75    0.50    0.00    0.50

Device:         rrqm/s   wrqm/s     r/s     w/s    rMB/s    wMB/s avgrq-sz avgqu-sz   await  svctm  %util
xvda              0.00  3206.00    0.00  649.00     0.00    14.88    46.95   152.10  242.01   1.54 100.00

06/04/2017 04:59:55 PM
avg-cpu:  %user   %nice %system %iowait  %steal   %idle
          93.25    0.00    5.75    0.25    0.00    0.75

Device:         rrqm/s   wrqm/s     r/s     w/s    rMB/s    wMB/s avgrq-sz avgqu-sz   await  svctm  %util
xvda              0.00  1409.00    0.00  329.00     0.00     7.25    45.13   144.26  392.40   3.04 100.00

06/04/2017 04:59:56 PM
avg-cpu:  %user   %nice %system %iowait  %steal   %idle
          92.77    0.00    5.49    0.75    0.00    1.00

Device:         rrqm/s   wrqm/s     r/s     w/s    rMB/s    wMB/s avgrq-sz avgqu-sz   await  svctm  %util
xvda              0.00  2643.00    0.00  483.00     0.00    12.32    52.22   142.08  344.54   2.07 100.00

06/04/2017 04:59:57 PM
avg-cpu:  %user   %nice %system %iowait  %steal   %idle
          91.98    0.00    7.02    0.25    0.00    0.75

Device:         rrqm/s   wrqm/s     r/s     w/s    rMB/s    wMB/s avgrq-sz avgqu-sz   await  svctm  %util
xvda              0.00  5986.00    0.00  785.00     0.00    24.32    63.45   125.90  176.84   1.27  99.70

06/04/2017 04:59:58 PM
avg-cpu:  %user   %nice %system %iowait  %steal   %idle
          94.25    0.00    5.25    0.00    0.00    0.50

Device:         rrqm/s   wrqm/s     r/s     w/s    rMB/s    wMB/s avgrq-sz avgqu-sz   await  svctm  %util
xvda              0.00  5988.00    0.00  832.00     0.00    27.33    67.28   141.47  162.25   1.20 100.00

06/04/2017 04:59:59 PM
avg-cpu:  %user   %nice %system %iowait  %steal   %idle
          86.47    0.00    5.26    8.02    0.00    0.25

Device:         rrqm/s   wrqm/s     r/s     w/s    rMB/s    wMB/s avgrq-sz avgqu-sz   await  svctm  %util
xvda              0.00  4641.00    1.00  637.00     0.00    21.02    67.47   144.15  200.79   1.57 100.00

06/04/2017 05:00:00 PM
avg-cpu:  %user   %nice %system %iowait  %steal   %idle
          92.75    0.00    6.00    0.75    0.00    0.50

Device:         rrqm/s   wrqm/s     r/s     w/s    rMB/s    wMB/s avgrq-sz avgqu-sz   await  svctm  %util
xvda              0.00  5916.00    1.00  806.00     0.00    26.11    66.27   143.61  199.42   1.24 100.00

06/04/2017 05:00:01 PM
avg-cpu:  %user   %nice %system %iowait  %steal   %idle
          93.45    0.00    5.79    0.25    0.00    0.50

Device:         rrqm/s   wrqm/s     r/s     w/s    rMB/s    wMB/s avgrq-sz avgqu-sz   await  svctm  %util
xvda              0.00  3668.00    0.00  546.00     0.00    19.32    72.47   138.59  233.54   1.83 100.00

06/04/2017 05:00:02 PM
avg-cpu:  %user   %nice %system %iowait  %steal   %idle
          92.86    0.00    6.38    0.51    0.00    0.26

Device:         rrqm/s   wrqm/s     r/s     w/s    rMB/s    wMB/s avgrq-sz avgqu-sz   await  svctm  %util
xvda              0.00  2645.00    7.00  417.00     0.04     9.42    45.66   100.33  230.76   2.36 100.00

06/04/2017 05:00:03 PM
avg-cpu:  %user   %nice %system %iowait  %steal   %idle
          92.27    0.00    6.48    1.00    0.00    0.25

Device:         rrqm/s   wrqm/s     r/s     w/s    rMB/s    wMB/s avgrq-sz avgqu-sz   await  svctm  %util
xvda             29.00  2811.00   15.00  590.00     0.19    14.18    48.63   144.50  252.71   1.65 100.00

06/04/2017 05:00:04 PM
avg-cpu:  %user   %nice %system %iowait  %steal   %idle
          92.73    0.00    6.27    0.75    0.00    0.25

Device:         rrqm/s   wrqm/s     r/s     w/s    rMB/s    wMB/s avgrq-sz avgqu-sz   await  svctm  %util
xvda             29.00  4082.00   18.00  616.00     0.26    16.48    54.08   155.30  211.35   1.58 100.10

06/04/2017 05:00:05 PM
avg-cpu:  %user   %nice %system %iowait  %steal   %idle
          92.46    0.00    6.78    0.00    0.00    0.75

Device:         rrqm/s   wrqm/s     r/s     w/s    rMB/s    wMB/s avgrq-sz avgqu-sz   await  svctm  %util
xvda              0.00  3720.00    0.00  605.00     0.00    16.69    56.50   238.09  320.35   1.65  99.90

06/04/2017 05:00:06 PM
avg-cpu:  %user   %nice %system %iowait  %steal   %idle
          90.20    0.00    9.30    0.25    0.00    0.25

Device:         rrqm/s   wrqm/s     r/s     w/s    rMB/s    wMB/s avgrq-sz avgqu-sz   await  svctm  %util
xvda             28.00  4300.00    9.00  737.00     0.20    21.20    58.77   154.84  284.83   1.39 103.60

06/04/2017 05:00:07 PM
avg-cpu:  %user   %nice %system %iowait  %steal   %idle
          90.42    0.00    8.73    0.28    0.00    0.56

Device:         rrqm/s   wrqm/s     r/s     w/s    rMB/s    wMB/s avgrq-sz avgqu-sz   await  svctm  %util
xvda             28.00  4105.00    8.00  618.00     0.16    17.75    58.58   139.31  224.08   1.54  96.50

06/04/2017 05:00:08 PM
avg-cpu:  %user   %nice %system %iowait  %steal   %idle
          92.00    0.00    7.00    0.00    0.00    1.00

Device:         rrqm/s   wrqm/s     r/s     w/s    rMB/s    wMB/s avgrq-sz avgqu-sz   await  svctm  %util
xvda              0.00  5780.00   38.00  817.00     1.33    29.57    74.01   129.32  183.28   1.17  99.70

06/04/2017 05:00:09 PM
avg-cpu:  %user   %nice %system %iowait  %steal   %idle
          91.98    0.00    7.27    0.00    0.00    0.75

Device:         rrqm/s   wrqm/s     r/s     w/s    rMB/s    wMB/s avgrq-sz avgqu-sz   await  svctm  %util
xvda              0.00     0.00   14.00    0.00     0.18     0.00    25.71     0.07    4.71   4.43   6.20

06/04/2017 05:00:10 PM
avg-cpu:  %user   %nice %system %iowait  %steal   %idle
          92.00    0.00    7.25    0.00    0.00    0.75

Device:         rrqm/s   wrqm/s     r/s     w/s    rMB/s    wMB/s avgrq-sz avgqu-sz   await  svctm  %util
xvda              0.00     0.00   18.00    0.00     0.46     0.00    52.89     0.19   10.44   5.06   9.10

06/04/2017 05:00:11 PM
avg-cpu:  %user   %nice %system %iowait  %steal   %idle
          93.77    0.00    5.49    0.00    0.00    0.75

Device:         rrqm/s   wrqm/s     r/s     w/s    rMB/s    wMB/s avgrq-sz avgqu-sz   await  svctm  %util
xvda              0.00  2440.00    0.00  198.00     0.00     5.55    57.45    46.88  106.16   1.63  32.30

06/04/2017 05:00:12 PM
avg-cpu:  %user   %nice %system %iowait  %steal   %idle
          92.96    0.00    5.53    0.25    0.00    1.26

Device:         rrqm/s   wrqm/s     r/s     w/s    rMB/s    wMB/s avgrq-sz avgqu-sz   await  svctm  %util
xvda              0.00  5372.00    0.00  679.00     0.00    23.46    70.77   144.08  224.77   1.47 100.00

06/04/2017 05:00:13 PM
avg-cpu:  %user   %nice %system %iowait  %steal   %idle
          92.77    0.00    6.23    0.25    0.00    0.75

Device:         rrqm/s   wrqm/s     r/s     w/s    rMB/s    wMB/s avgrq-sz avgqu-sz   await  svctm  %util
xvda              0.00  6700.00    0.00  780.00     0.00    29.01    76.16   145.41  183.78   1.28 100.00

06/04/2017 05:00:14 PM
avg-cpu:  %user   %nice %system %iowait  %steal   %idle
          94.24    0.00    5.01    0.25    0.00    0.50

Device:         rrqm/s   wrqm/s     r/s     w/s    rMB/s    wMB/s avgrq-sz avgqu-sz   await  svctm  %util
xvda              0.00  2155.00    0.00  380.00     0.00    15.04    81.03    53.57  189.65   2.63 100.00

06/04/2017 05:00:15 PM
avg-cpu:  %user   %nice %system %iowait  %steal   %idle
          93.48    0.00    5.51    0.00    0.00    1.00

Device:         rrqm/s   wrqm/s     r/s     w/s    rMB/s    wMB/s avgrq-sz avgqu-sz   await  svctm  %util
xvda              0.00     0.00    0.00    2.00     0.00     0.01     8.00     0.05  465.50  24.00   4.80

06/04/2017 05:00:16 PM
avg-cpu:  %user   %nice %system %iowait  %steal   %idle
          93.25    0.00    6.00    0.00    0.00    0.75

Device:         rrqm/s   wrqm/s     r/s     w/s    rMB/s    wMB/s avgrq-sz avgqu-sz   await  svctm  %util
xvda              0.00  2325.00    0.00  188.00     0.00     5.70    62.04    47.48   96.63   1.72  32.30

06/04/2017 05:00:17 PM
avg-cpu:  %user   %nice %system %iowait  %steal   %idle
          93.00    0.00    6.00    0.25    0.00    0.75

Device:         rrqm/s   wrqm/s     r/s     w/s    rMB/s    wMB/s avgrq-sz avgqu-sz   await  svctm  %util
xvda              0.00  4831.00    0.00  683.00     0.00    21.13    63.36   146.07  218.49   1.46 100.00

06/04/2017 05:00:18 PM
avg-cpu:  %user   %nice %system %iowait  %steal   %idle
          92.50    0.00    5.75    0.75    0.00    1.00

Device:         rrqm/s   wrqm/s     r/s     w/s    rMB/s    wMB/s avgrq-sz avgqu-sz   await  svctm  %util
xvda              0.00  6200.00    1.00  779.00     0.00    26.89    70.62   144.09  194.29   1.28 100.00

06/04/2017 05:00:19 PM
avg-cpu:  %user   %nice %system %iowait  %steal   %idle
          84.17    0.00    5.28    8.79    0.00    1.76

Device:         rrqm/s   wrqm/s     r/s     w/s    rMB/s    wMB/s avgrq-sz avgqu-sz   await  svctm  %util
xvda              0.00  2707.00    2.00  500.00     0.01    17.43    71.14    71.09  178.88   1.11  55.90

06/04/2017 05:00:20 PM
avg-cpu:  %user   %nice %system %iowait  %steal   %idle
          94.75    0.00    4.25    0.00    0.00    1.00

Device:         rrqm/s   wrqm/s     r/s     w/s    rMB/s    wMB/s avgrq-sz avgqu-sz   await  svctm  %util
xvda              0.00     0.00    0.00    0.00     0.00     0.00     0.00     0.00    0.00   0.00   0.00

06/04/2017 05:00:21 PM
avg-cpu:  %user   %nice %system %iowait  %steal   %idle
          91.71    0.00    7.04    0.00    0.00    1.26

Device:         rrqm/s   wrqm/s     r/s     w/s    rMB/s    wMB/s avgrq-sz avgqu-sz   await  svctm  %util
xvda              0.00  1673.00    1.00  210.00     0.00     3.83    37.19    46.62  110.07   1.54  32.50

06/04/2017 05:00:22 PM
avg-cpu:  %user   %nice %system %iowait  %steal   %idle
          93.25    0.00    5.75    0.25    0.00    0.75

Device:         rrqm/s   wrqm/s     r/s     w/s    rMB/s    wMB/s avgrq-sz avgqu-sz   await  svctm  %util
xvda              0.00  3353.00    0.00  520.00     0.00    15.29    60.23   144.00  266.32   1.92 100.00

06/04/2017 05:00:23 PM
avg-cpu:  %user   %nice %system %iowait  %steal   %idle
          93.50    0.00    5.50    0.25    0.00    0.75

Device:         rrqm/s   wrqm/s     r/s     w/s    rMB/s    wMB/s avgrq-sz avgqu-sz   await  svctm  %util
xvda              0.00  4407.00    0.00  562.00     0.00    18.32    66.75   143.66  260.63   1.78 100.10

06/04/2017 05:00:24 PM
avg-cpu:  %user   %nice %system %iowait  %steal   %idle
          92.98    0.00    6.27    0.25    0.00    0.50

Device:         rrqm/s   wrqm/s     r/s     w/s    rMB/s    wMB/s avgrq-sz avgqu-sz   await  svctm  %util
xvda              0.00  5169.00    0.00  675.00     0.00    23.47    71.21   143.28  216.70   1.48  99.90

06/04/2017 05:00:25 PM
avg-cpu:  %user   %nice %system %iowait  %steal   %idle
          91.50    0.00    7.50    0.00    0.00    1.00

Device:         rrqm/s   wrqm/s     r/s     w/s    rMB/s    wMB/s avgrq-sz avgqu-sz   await  svctm  %util
xvda              0.00  3056.00    0.00  487.00     0.00    17.66    74.25   104.87  262.75   1.57  76.60

06/04/2017 05:00:26 PM
avg-cpu:  %user   %nice %system %iowait  %steal   %idle
          94.00    0.00    5.50    0.00    0.00    0.50

Device:         rrqm/s   wrqm/s     r/s     w/s    rMB/s    wMB/s avgrq-sz avgqu-sz   await  svctm  %util
xvda              0.00  1894.00    0.00  177.00     0.00     3.93    45.47    46.30  101.78   1.82  32.20

06/04/2017 05:00:27 PM
avg-cpu:  %user   %nice %system %iowait  %steal   %idle
          91.23    0.00    7.52    0.25    0.00    1.00

Device:         rrqm/s   wrqm/s     r/s     w/s    rMB/s    wMB/s avgrq-sz avgqu-sz   await  svctm  %util
xvda              0.00  5293.00    0.00  669.00     0.00    22.55    69.02   144.22  234.52   1.49 100.00

06/04/2017 05:00:28 PM
avg-cpu:  %user   %nice %system %iowait  %steal   %idle
          92.52    0.00    6.23    0.25    0.00    1.00

Device:         rrqm/s   wrqm/s     r/s     w/s    rMB/s    wMB/s avgrq-sz avgqu-sz   await  svctm  %util
xvda              0.00  7335.00    0.00  845.00     0.00    32.04    77.65   144.53  168.97   1.18 100.00

06/04/2017 05:00:29 PM
avg-cpu:  %user   %nice %system %iowait  %steal   %idle
          94.25    0.00    4.75    0.00    0.00    1.00

Device:         rrqm/s   wrqm/s     r/s     w/s    rMB/s    wMB/s avgrq-sz avgqu-sz   await  svctm  %util
xvda              0.00     0.00    0.00  132.00     0.00     5.33    82.73     9.28  201.80   1.69  22.30

06/04/2017 05:00:30 PM
avg-cpu:  %user   %nice %system %iowait  %steal   %idle
          94.47    0.00    5.03    0.00    0.00    0.50

Device:         rrqm/s   wrqm/s     r/s     w/s    rMB/s    wMB/s avgrq-sz avgqu-sz   await  svctm  %util
xvda              0.00     0.00    0.00    0.00     0.00     0.00     0.00     0.00    0.00   0.00   0.00

06/04/2017 05:00:31 PM
avg-cpu:  %user   %nice %system %iowait  %steal   %idle
          93.22    0.00    5.53    0.00    0.00    1.26

Device:         rrqm/s   wrqm/s     r/s     w/s    rMB/s    wMB/s avgrq-sz avgqu-sz   await  svctm  %util
xvda              0.00  2249.00    0.00  246.00     0.00     6.33    52.72    45.31  101.84   1.30  32.00

06/04/2017 05:00:32 PM
avg-cpu:  %user   %nice %system %iowait  %steal   %idle
          93.23    0.00    6.02    0.25    0.00    0.50

Device:         rrqm/s   wrqm/s     r/s     w/s    rMB/s    wMB/s avgrq-sz avgqu-sz   await  svctm  %util
xvda              0.00  5798.00    0.00  746.00     0.00    24.56    67.42   141.00  185.74   1.34 100.00

06/04/2017 05:00:33 PM
avg-cpu:  %user   %nice %system %iowait  %steal   %idle
          91.50    0.00    7.00    0.25    0.00    1.25

Device:         rrqm/s   wrqm/s     r/s     w/s    rMB/s    wMB/s avgrq-sz avgqu-sz   await  svctm  %util
xvda              0.00  8099.00    0.00  906.00     0.00    35.20    79.58   144.02  164.52   1.10 100.00

06/04/2017 05:00:34 PM
avg-cpu:  %user   %nice %system %iowait  %steal   %idle
          93.28    0.00    5.72    0.25    0.00    0.75

Device:         rrqm/s   wrqm/s     r/s     w/s    rMB/s    wMB/s avgrq-sz avgqu-sz   await  svctm  %util
xvda              0.00  1043.00    1.00  243.00     0.00     9.41    79.05    24.23  171.72   0.99  24.20

06/04/2017 05:00:35 PM
avg-cpu:  %user   %nice %system %iowait  %steal   %idle
          94.25    0.00    4.50    0.00    0.00    1.25

Device:         rrqm/s   wrqm/s     r/s     w/s    rMB/s    wMB/s avgrq-sz avgqu-sz   await  svctm  %util
xvda              0.00     0.00    0.00    0.00     0.00     0.00     0.00     0.00    0.00   0.00   0.00

06/04/2017 05:00:36 PM
avg-cpu:  %user   %nice %system %iowait  %steal   %idle
          93.47    0.00    5.53    0.00    0.00    1.01

Device:         rrqm/s   wrqm/s     r/s     w/s    rMB/s    wMB/s avgrq-sz avgqu-sz   await  svctm  %util
xvda              0.00  2546.00    0.00  188.00     0.00     6.07    66.13    46.40  111.80   1.70  32.00

06/04/2017 05:00:37 PM
avg-cpu:  %user   %nice %system %iowait  %steal   %idle
          92.25    0.00    7.25    0.00    0.00    0.50

Device:         rrqm/s   wrqm/s     r/s     w/s    rMB/s    wMB/s avgrq-sz avgqu-sz   await  svctm  %util
xvda              0.00  5405.00    0.00  683.00     0.00    23.38    70.10   144.99  221.03   1.46 100.00

06/04/2017 05:00:38 PM
avg-cpu:  %user   %nice %system %iowait  %steal   %idle
          92.52    0.00    6.48    0.25    0.00    0.75

Device:         rrqm/s   wrqm/s     r/s     w/s    rMB/s    wMB/s avgrq-sz avgqu-sz   await  svctm  %util
xvda              0.00  6926.00    0.00  804.00     0.00    30.09    76.66   146.88  178.53   1.24 100.00

06/04/2017 05:00:39 PM
avg-cpu:  %user   %nice %system %iowait  %steal   %idle
          94.72    0.00    4.77    0.25    0.00    0.25

Device:         rrqm/s   wrqm/s     r/s     w/s    rMB/s    wMB/s avgrq-sz avgqu-sz   await  svctm  %util
xvda              0.00   910.00    1.00  250.00     0.00     9.64    78.73    69.17  366.21   2.11  53.00

06/04/2017 05:00:40 PM
avg-cpu:  %user   %nice %system %iowait  %steal   %idle
          93.50    0.00    5.25    0.00    0.00    1.25

Device:         rrqm/s   wrqm/s     r/s     w/s    rMB/s    wMB/s avgrq-sz avgqu-sz   await  svctm  %util
xvda              0.00     0.00    0.00    0.00     0.00     0.00     0.00     0.00    0.00   0.00   0.00

06/04/2017 05:00:41 PM
avg-cpu:  %user   %nice %system %iowait  %steal   %idle
          94.25    0.00    5.00    0.00    0.00    0.75

Device:         rrqm/s   wrqm/s     r/s     w/s    rMB/s    wMB/s avgrq-sz avgqu-sz   await  svctm  %util
xvda              0.00  2369.00    0.00  248.00     0.00     6.76    55.84    45.96  119.91   1.29  32.00

06/04/2017 05:00:42 PM
avg-cpu:  %user   %nice %system %iowait  %steal   %idle
          91.75    0.00    7.25    0.50    0.00    0.50

Device:         rrqm/s   wrqm/s     r/s     w/s    rMB/s    wMB/s avgrq-sz avgqu-sz   await  svctm  %util
xvda              0.00  6024.00    0.00  753.00     0.00    24.87    67.64   141.84  183.27   1.33 100.00

06/04/2017 05:00:43 PM
avg-cpu:  %user   %nice %system %iowait  %steal   %idle
          93.00    0.00    6.50    0.25    0.00    0.25

Device:         rrqm/s   wrqm/s     r/s     w/s    rMB/s    wMB/s avgrq-sz avgqu-sz   await  svctm  %util
xvda              0.00  7977.00    0.00  906.00     0.00    34.83    78.74   144.68  159.14   1.10 100.00

06/04/2017 05:00:44 PM
avg-cpu:  %user   %nice %system %iowait  %steal   %idle
          94.00    0.00    5.00    0.00    0.00    1.00

Device:         rrqm/s   wrqm/s     r/s     w/s    rMB/s    wMB/s avgrq-sz avgqu-sz   await  svctm  %util
xvda              0.00   567.00    0.00  200.00     0.00     7.93    81.16    15.51  180.34   0.81  16.10

06/04/2017 05:00:45 PM
avg-cpu:  %user   %nice %system %iowait  %steal   %idle
          94.50    0.00    4.75    0.00    0.00    0.75

Device:         rrqm/s   wrqm/s     r/s     w/s    rMB/s    wMB/s avgrq-sz avgqu-sz   await  svctm  %util
xvda              0.00     0.00    0.00    0.00     0.00     0.00     0.00     0.00    0.00   0.00   0.00

06/04/2017 05:00:46 PM
avg-cpu:  %user   %nice %system %iowait  %steal   %idle
          94.25    0.00    5.00    0.00    0.00    0.75

Device:         rrqm/s   wrqm/s     r/s     w/s    rMB/s    wMB/s avgrq-sz avgqu-sz   await  svctm  %util
xvda              0.00  2587.00    0.00  216.00     0.00     6.61    62.70    46.96  113.58   1.48  32.00

06/04/2017 05:00:47 PM
avg-cpu:  %user   %nice %system %iowait  %steal   %idle
          92.73    0.00    6.27    0.25    0.00    0.75

Device:         rrqm/s   wrqm/s     r/s     w/s    rMB/s    wMB/s avgrq-sz avgqu-sz   await  svctm  %util
xvda              0.00  5911.00    0.00  756.00     0.00    25.50    69.08   144.14  198.92   1.32 100.00

06/04/2017 05:00:48 PM
avg-cpu:  %user   %nice %system %iowait  %steal   %idle
          93.48    0.00    6.02    0.00    0.00    0.50

Device:         rrqm/s   wrqm/s     r/s     w/s    rMB/s    wMB/s avgrq-sz avgqu-sz   await  svctm  %util
xvda              0.00  7791.00    0.00  909.00     0.00    35.29    79.50   142.60  156.83   1.10 100.00

06/04/2017 05:00:49 PM
avg-cpu:  %user   %nice %system %iowait  %steal   %idle
          94.50    0.00    4.75    0.00    0.00    0.75

Device:         rrqm/s   wrqm/s     r/s     w/s    rMB/s    wMB/s avgrq-sz avgqu-sz   await  svctm  %util
xvda              0.00     0.00    0.00   96.00     0.00     3.95    84.33     4.49  215.78   1.01   9.70

06/04/2017 05:00:50 PM
avg-cpu:  %user   %nice %system %iowait  %steal   %idle
          94.25    0.00    5.00    0.00    0.00    0.75

Device:         rrqm/s   wrqm/s     r/s     w/s    rMB/s    wMB/s avgrq-sz avgqu-sz   await  svctm  %util
xvda              0.00     0.00    0.00    0.00     0.00     0.00     0.00     0.00    0.00   0.00   0.00

06/04/2017 05:00:51 PM
avg-cpu:  %user   %nice %system %iowait  %steal   %idle
          92.27    0.00    6.23    0.25    0.00    1.25

Device:         rrqm/s   wrqm/s     r/s     w/s    rMB/s    wMB/s avgrq-sz avgqu-sz   await  svctm  %util
xvda              0.00  2489.00    0.00  220.00     0.00     6.59    61.31    46.17  116.73   1.45  32.00

06/04/2017 05:00:52 PM
avg-cpu:  %user   %nice %system %iowait  %steal   %idle
          93.00    0.00    6.50    0.00    0.00    0.50

Device:         rrqm/s   wrqm/s     r/s     w/s    rMB/s    wMB/s avgrq-sz avgqu-sz   await  svctm  %util
xvda              0.00  6282.00    0.00  793.00     0.00    26.54    68.55   144.38  185.66   1.26 100.00

06/04/2017 05:00:53 PM
avg-cpu:  %user   %nice %system %iowait  %steal   %idle
          92.48    0.00    6.77    0.25    0.00    0.50

Device:         rrqm/s   wrqm/s     r/s     w/s    rMB/s    wMB/s avgrq-sz avgqu-sz   await  svctm  %util
xvda              0.00  7870.00    0.00  885.00     0.00    34.45    79.71   144.23  163.88   1.13 100.00

06/04/2017 05:00:54 PM
avg-cpu:  %user   %nice %system %iowait  %steal   %idle
          93.73    0.00    5.26    0.00    0.00    1.00

Device:         rrqm/s   wrqm/s     r/s     w/s    rMB/s    wMB/s avgrq-sz avgqu-sz   await  svctm  %util
xvda              0.00   202.00    0.00  154.00     0.00     6.23    82.91    10.37  176.70   0.96  14.80

06/04/2017 05:00:55 PM
avg-cpu:  %user   %nice %system %iowait  %steal   %idle
          94.00    0.00    5.50    0.00    0.00    0.50

Device:         rrqm/s   wrqm/s     r/s     w/s    rMB/s    wMB/s avgrq-sz avgqu-sz   await  svctm  %util
xvda              0.00     0.00    1.00    0.00     0.00     0.00     8.00     0.01    8.00   8.00   0.80

06/04/2017 05:00:56 PM
avg-cpu:  %user   %nice %system %iowait  %steal   %idle
          92.27    0.00    5.24    2.00    0.00    0.50

Device:         rrqm/s   wrqm/s     r/s     w/s    rMB/s    wMB/s avgrq-sz avgqu-sz   await  svctm  %util
xvda              0.00  1688.00    1.00  154.00     0.00     4.07    53.83    47.72  138.03   2.06  31.90

06/04/2017 05:00:57 PM
avg-cpu:  %user   %nice %system %iowait  %steal   %idle
          76.46    0.00    4.81   17.72    0.00    1.01

Device:         rrqm/s   wrqm/s     r/s     w/s    rMB/s    wMB/s avgrq-sz avgqu-sz   await  svctm  %util
xvda              0.00  3227.00    1.00  507.00     0.00    14.36    57.92   140.50  266.82   1.97 100.00

06/04/2017 05:00:58 PM
avg-cpu:  %user   %nice %system %iowait  %steal   %idle
          60.96    0.00    4.28   34.51    0.00    0.25

Device:         rrqm/s   wrqm/s     r/s     w/s    rMB/s    wMB/s avgrq-sz avgqu-sz   await  svctm  %util
xvda              0.00  5191.00    2.00  705.00     0.01    21.53    62.38   146.77  219.91   1.41 100.00

06/04/2017 05:00:59 PM
avg-cpu:  %user   %nice %system %iowait  %steal   %idle
          89.03    0.00    5.74    4.49    0.00    0.75

Device:         rrqm/s   wrqm/s     r/s     w/s    rMB/s    wMB/s avgrq-sz avgqu-sz   await  svctm  %util
xvda              0.00  5680.00    1.00  773.00     0.00    26.53    70.21   142.36  192.20   1.29 100.00

06/04/2017 05:01:00 PM
avg-cpu:  %user   %nice %system %iowait  %steal   %idle
          92.75    0.00    5.75    0.00    0.00    1.50

Device:         rrqm/s   wrqm/s     r/s     w/s    rMB/s    wMB/s avgrq-sz avgqu-sz   await  svctm  %util
xvda              0.00  1785.00    2.00  367.00     0.01    11.93    66.28    55.01  192.92   1.20  44.20

06/04/2017 05:01:01 PM
avg-cpu:  %user   %nice %system %iowait  %steal   %idle
          91.84    0.00    7.65    0.00    0.00    0.51

Device:         rrqm/s   wrqm/s     r/s     w/s    rMB/s    wMB/s avgrq-sz avgqu-sz   await  svctm  %util
xvda             27.00  1173.00    4.00  168.00     0.12     2.78    34.51    44.73   99.09   1.85  31.80

06/04/2017 05:01:02 PM
avg-cpu:  %user   %nice %system %iowait  %steal   %idle
          92.91    0.00    6.84    0.25    0.00    0.00

Device:         rrqm/s   wrqm/s     r/s     w/s    rMB/s    wMB/s avgrq-sz avgqu-sz   await  svctm  %util
xvda              0.00  3535.00    7.00  572.00     0.05    15.09    53.55   146.42  260.92   1.73 100.00

06/04/2017 05:01:03 PM
avg-cpu:  %user   %nice %system %iowait  %steal   %idle
          92.96    0.00    6.28    0.25    0.00    0.50

Device:         rrqm/s   wrqm/s     r/s     w/s    rMB/s    wMB/s avgrq-sz avgqu-sz   await  svctm  %util
xvda              0.00  4031.00    2.00  525.00     0.01    16.93    65.82   148.53  285.77   1.90 100.00

06/04/2017 05:01:04 PM
avg-cpu:  %user   %nice %system %iowait  %steal   %idle
          94.26    0.00    4.99    0.25    0.00    0.50

Device:         rrqm/s   wrqm/s     r/s     w/s    rMB/s    wMB/s avgrq-sz avgqu-sz   await  svctm  %util
xvda              0.00  5510.00    0.00  718.00     0.00    24.03    68.55   143.44  188.84   1.39 100.00

06/04/2017 05:01:05 PM
avg-cpu:  %user   %nice %system %iowait  %steal   %idle
          93.48    0.00    5.26    0.00    0.00    1.25

Device:         rrqm/s   wrqm/s     r/s     w/s    rMB/s    wMB/s avgrq-sz avgqu-sz   await  svctm  %util
xvda              0.00   669.00    0.00  216.00     0.00     8.04    76.19    34.35  292.47   1.54  33.20

06/04/2017 05:01:06 PM
avg-cpu:  %user   %nice %system %iowait  %steal   %idle
          92.98    0.00    6.02    0.00    0.00    1.00

Device:         rrqm/s   wrqm/s     r/s     w/s    rMB/s    wMB/s avgrq-sz avgqu-sz   await  svctm  %util
xvda              0.00  2148.00    0.00  198.00     0.00     4.88    50.51    45.95  106.62   1.61  31.80

06/04/2017 05:01:07 PM
avg-cpu:  %user   %nice %system %iowait  %steal   %idle
          89.41    0.00   10.08    0.26    0.00    0.26

Device:         rrqm/s   wrqm/s     r/s     w/s    rMB/s    wMB/s avgrq-sz avgqu-sz   await  svctm  %util
xvda              0.00  3749.00    0.00  526.00     0.00    16.89    65.76   143.59  283.76   1.90  99.90

06/04/2017 05:01:08 PM
avg-cpu:  %user   %nice %system %iowait  %steal   %idle
          92.95    0.00    7.05    0.00    0.00    0.00

Device:         rrqm/s   wrqm/s     r/s     w/s    rMB/s    wMB/s avgrq-sz avgqu-sz   await  svctm  %util
xvda              0.00  4713.00    3.00  522.00     0.01    19.16    74.77   139.69  275.19   1.90 100.00

06/04/2017 05:01:09 PM
avg-cpu:  %user   %nice %system %iowait  %steal   %idle
          92.04    0.00    6.47    0.50    0.00    1.00

Device:         rrqm/s   wrqm/s     r/s     w/s    rMB/s    wMB/s avgrq-sz avgqu-sz   await  svctm  %util
xvda              0.00  4865.00    0.00  592.00     0.00    22.46    77.69   148.82  248.75   1.69 100.10

06/04/2017 05:01:10 PM
avg-cpu:  %user   %nice %system %iowait  %steal   %idle
          92.98    0.00    6.52    0.00    0.00    0.50

Device:         rrqm/s   wrqm/s     r/s     w/s    rMB/s    wMB/s avgrq-sz avgqu-sz   await  svctm  %util
xvda              0.00   677.00    0.00  201.00     0.00     7.67    78.17    16.40  160.95   0.92  18.40

06/04/2017 05:01:11 PM
avg-cpu:  %user   %nice %system %iowait  %steal   %idle
          93.75    0.00    5.50    0.00    0.00    0.75

Device:         rrqm/s   wrqm/s     r/s     w/s    rMB/s    wMB/s avgrq-sz avgqu-sz   await  svctm  %util
xvda              0.00  2037.00    0.00  197.00     0.00     4.95    51.49    44.78  105.43   1.60  31.60

06/04/2017 05:01:12 PM
avg-cpu:  %user   %nice %system %iowait  %steal   %idle
          91.23    0.00    6.52    1.25    0.00    1.00

Device:         rrqm/s   wrqm/s     r/s     w/s    rMB/s    wMB/s avgrq-sz avgqu-sz   await  svctm  %util
xvda              0.00  3121.00    2.00  415.00     0.02    13.86    68.18   136.71  213.78   2.40 100.00

06/04/2017 05:01:13 PM
avg-cpu:  %user   %nice %system %iowait  %steal   %idle
          92.98    0.00    5.26    1.00    0.00    0.75

Device:         rrqm/s   wrqm/s     r/s     w/s    rMB/s    wMB/s avgrq-sz avgqu-sz   await  svctm  %util
xvda              0.00  1205.00    0.00  105.00     0.00     3.69    72.00   130.59 1072.94   9.52 100.00

06/04/2017 05:01:14 PM
avg-cpu:  %user   %nice %system %iowait  %steal   %idle
          92.27    0.00    7.23    0.00    0.00    0.50

Device:         rrqm/s   wrqm/s     r/s     w/s    rMB/s    wMB/s avgrq-sz avgqu-sz   await  svctm  %util
xvda              0.00  7247.00    0.00  876.00     0.00    32.53    76.05   145.38  255.76   1.14 100.00

06/04/2017 05:01:15 PM
avg-cpu:  %user   %nice %system %iowait  %steal   %idle
          93.97    0.00    5.28    0.25    0.00    0.50

Device:         rrqm/s   wrqm/s     r/s     w/s    rMB/s    wMB/s avgrq-sz avgqu-sz   await  svctm  %util
xvda              0.00  3568.32    0.00  543.56     0.00    20.37    76.74    66.89  142.80   0.98  53.07

06/04/2017 05:01:16 PM
avg-cpu:  %user   %nice %system %iowait  %steal   %idle
          93.53    0.00    5.72    0.00    0.00    0.75

Device:         rrqm/s   wrqm/s     r/s     w/s    rMB/s    wMB/s avgrq-sz avgqu-sz   await  svctm  %util
xvda              0.00  1709.00    0.00  181.00     0.00     3.98    44.99    45.20   96.57   1.74  31.50

06/04/2017 05:01:17 PM
avg-cpu:  %user   %nice %system %iowait  %steal   %idle
          93.22    0.00    6.03    0.25    0.00    0.50

Device:         rrqm/s   wrqm/s     r/s     w/s    rMB/s    wMB/s avgrq-sz avgqu-sz   await  svctm  %util
xvda              0.00  5263.00    0.00  670.00     0.00    21.87    66.84   144.23  221.73   1.49 100.00

06/04/2017 05:01:18 PM
avg-cpu:  %user   %nice %system %iowait  %steal   %idle
          94.01    0.00    5.49    0.00    0.00    0.50

Device:         rrqm/s   wrqm/s     r/s     w/s    rMB/s    wMB/s avgrq-sz avgqu-sz   await  svctm  %util
xvda              0.00  7725.00    0.00  862.00     0.00    33.18    78.84   144.34  179.27   1.16 100.00

06/04/2017 05:01:19 PM
avg-cpu:  %user   %nice %system %iowait  %steal   %idle
          93.73    0.00    5.26    0.25    0.00    0.75

Device:         rrqm/s   wrqm/s     r/s     w/s    rMB/s    wMB/s avgrq-sz avgqu-sz   await  svctm  %util
xvda              0.00    22.00    2.00  145.00     0.01     5.73    79.89    10.94  164.25   3.16  46.40

06/04/2017 05:01:20 PM
avg-cpu:  %user   %nice %system %iowait  %steal   %idle
          93.75    0.00    5.50    0.00    0.00    0.75

Device:         rrqm/s   wrqm/s     r/s     w/s    rMB/s    wMB/s avgrq-sz avgqu-sz   await  svctm  %util
xvda              0.00     0.00    0.00    0.00     0.00     0.00     0.00     0.00    0.00   0.00   0.00

06/04/2017 05:01:21 PM
avg-cpu:  %user   %nice %system %iowait  %steal   %idle
          94.00    0.00    5.00    0.00    0.00    1.00

Device:         rrqm/s   wrqm/s     r/s     w/s    rMB/s    wMB/s avgrq-sz avgqu-sz   await  svctm  %util
xvda              0.00  2386.00    0.00  213.00     0.00     5.90    56.71    44.95  101.68   1.48  31.50

06/04/2017 05:01:22 PM
avg-cpu:  %user   %nice %system %iowait  %steal   %idle
          93.48    0.00    5.51    0.25    0.00    0.75

Device:         rrqm/s   wrqm/s     r/s     w/s    rMB/s    wMB/s avgrq-sz avgqu-sz   await  svctm  %util
xvda              0.00  6309.00    0.00  805.00     0.00    27.42    69.76   146.19  177.96   1.24 100.00

06/04/2017 05:01:23 PM
avg-cpu:  %user   %nice %system %iowait  %steal   %idle
          93.23    0.00    6.02    0.25    0.00    0.50

Device:         rrqm/s   wrqm/s     r/s     w/s    rMB/s    wMB/s avgrq-sz avgqu-sz   await  svctm  %util
xvda              0.00  7026.00    0.00  794.00     0.00    30.29    78.12   142.19  181.75   1.26 100.00

06/04/2017 05:01:24 PM
avg-cpu:  %user   %nice %system %iowait  %steal   %idle
          93.23    0.00    6.02    0.00    0.00    0.75

Device:         rrqm/s   wrqm/s     r/s     w/s    rMB/s    wMB/s avgrq-sz avgqu-sz   await  svctm  %util
xvda              0.00  1510.00    0.00  309.00     0.00    11.99    79.46    83.99  347.75   3.24 100.00

06/04/2017 05:01:25 PM
avg-cpu:  %user   %nice %system %iowait  %steal   %idle
          93.73    0.00    5.51    0.00    0.00    0.75

Device:         rrqm/s   wrqm/s     r/s     w/s    rMB/s    wMB/s avgrq-sz avgqu-sz   await  svctm  %util
xvda              0.00     0.00    0.00    2.00     0.00     0.01     8.00     0.10  374.00  52.00  10.40

06/04/2017 05:01:26 PM
avg-cpu:  %user   %nice %system %iowait  %steal   %idle
          92.02    0.00    6.98    0.25    0.00    0.75

Device:         rrqm/s   wrqm/s     r/s     w/s    rMB/s    wMB/s avgrq-sz avgqu-sz   await  svctm  %util
xvda              0.00  2473.00    2.00  208.00     0.01     6.12    59.77    45.10   97.08   1.51  31.70

06/04/2017 05:01:27 PM
avg-cpu:  %user   %nice %system %iowait  %steal   %idle
          92.21    0.00    6.78    0.25    0.00    0.75

Device:         rrqm/s   wrqm/s     r/s     w/s    rMB/s    wMB/s avgrq-sz avgqu-sz   await  svctm  %util
xvda              0.00  5650.00    0.00  720.00     0.00    23.92    68.03   145.62  200.78   1.39 100.00

06/04/2017 05:01:28 PM
avg-cpu:  %user   %nice %system %iowait  %steal   %idle
          92.52    0.00    6.23    0.50    0.00    0.75

Device:         rrqm/s   wrqm/s     r/s     w/s    rMB/s    wMB/s avgrq-sz avgqu-sz   await  svctm  %util
xvda              0.00  4152.00    0.00  487.00     0.00    18.67    78.51   149.66  321.46   2.05 100.00

06/04/2017 05:01:29 PM
avg-cpu:  %user   %nice %system %iowait  %steal   %idle
          91.75    0.00    6.75    0.00    0.00    1.50

Device:         rrqm/s   wrqm/s     r/s     w/s    rMB/s    wMB/s avgrq-sz avgqu-sz   await  svctm  %util
xvda              0.00  5191.00    0.00  751.00     0.00    27.98    76.30   100.02  158.32   1.00  74.90

06/04/2017 05:01:30 PM
avg-cpu:  %user   %nice %system %iowait  %steal   %idle
          94.25    0.00    5.00    0.00    0.00    0.75

Device:         rrqm/s   wrqm/s     r/s     w/s    rMB/s    wMB/s avgrq-sz avgqu-sz   await  svctm  %util
xvda              0.00     0.00    0.00    0.00     0.00     0.00     0.00     0.00    0.00   0.00   0.00

06/04/2017 05:01:31 PM
avg-cpu:  %user   %nice %system %iowait  %steal   %idle
          94.24    0.00    5.01    0.00    0.00    0.75

Device:         rrqm/s   wrqm/s     r/s     w/s    rMB/s    wMB/s avgrq-sz avgqu-sz   await  svctm  %util
xvda              0.00  2044.00    0.00  195.00     0.00     5.14    54.03    45.63  106.11   1.61  31.40

06/04/2017 05:01:32 PM
avg-cpu:  %user   %nice %system %iowait  %steal   %idle
          93.23    0.00    6.02    0.25    0.00    0.50

Device:         rrqm/s   wrqm/s     r/s     w/s    rMB/s    wMB/s avgrq-sz avgqu-sz   await  svctm  %util
xvda              0.00  4916.00    0.00  619.00     0.00    20.60    68.16   144.43  232.60   1.62 100.00

06/04/2017 05:01:33 PM
avg-cpu:  %user   %nice %system %iowait  %steal   %idle
          93.25    0.00    6.25    0.00    0.00    0.50

Device:         rrqm/s   wrqm/s     r/s     w/s    rMB/s    wMB/s avgrq-sz avgqu-sz   await  svctm  %util
xvda              0.00  6495.00    0.00  737.00     0.00    28.29    78.61   139.06  206.69   1.36 100.00

06/04/2017 05:01:34 PM
avg-cpu:  %user   %nice %system %iowait  %steal   %idle
          94.00    0.00    5.25    0.25    0.00    0.50

Device:         rrqm/s   wrqm/s     r/s     w/s    rMB/s    wMB/s avgrq-sz avgqu-sz   await  svctm  %util
xvda              0.00  2949.00    0.00  482.00     0.00    17.98    76.41    61.91  153.61   1.16  55.70

06/04/2017 05:01:35 PM
avg-cpu:  %user   %nice %system %iowait  %steal   %idle
          94.24    0.00    4.76    0.00    0.00    1.00

Device:         rrqm/s   wrqm/s     r/s     w/s    rMB/s    wMB/s avgrq-sz avgqu-sz   await  svctm  %util
xvda              0.00     0.00    0.00    0.00     0.00     0.00     0.00     0.00    0.00   0.00   0.00

06/04/2017 05:01:36 PM
avg-cpu:  %user   %nice %system %iowait  %steal   %idle
          93.75    0.00    5.25    0.00    0.00    1.00

Device:         rrqm/s   wrqm/s     r/s     w/s    rMB/s    wMB/s avgrq-sz avgqu-sz   await  svctm  %util
xvda              0.00  2286.00    0.00  185.00     0.00     5.45    60.28    44.22   97.75   1.70  31.40

06/04/2017 05:01:37 PM
avg-cpu:  %user   %nice %system %iowait  %steal   %idle
          93.02    0.00    5.74    0.50    0.00    0.75

Device:         rrqm/s   wrqm/s     r/s     w/s    rMB/s    wMB/s avgrq-sz avgqu-sz   await  svctm  %util
xvda              0.00  2045.00    0.00  262.00     0.00     8.89    69.50   141.30  392.20   3.82 100.00

06/04/2017 05:01:38 PM
avg-cpu:  %user   %nice %system %iowait  %steal   %idle
          90.93    0.00    8.31    0.25    0.00    0.50

Device:         rrqm/s   wrqm/s     r/s     w/s    rMB/s    wMB/s avgrq-sz avgqu-sz   await  svctm  %util
xvda              0.00  7460.00    0.00  861.00     0.00    32.31    76.85   144.03  225.09   1.16 100.00

06/04/2017 05:01:39 PM
avg-cpu:  %user   %nice %system %iowait  %steal   %idle
          92.25    0.00    6.75    0.00    0.00    1.00

Device:         rrqm/s   wrqm/s     r/s     w/s    rMB/s    wMB/s avgrq-sz avgqu-sz   await  svctm  %util
xvda              0.00  5580.00    0.00  798.00     0.00    29.44    75.55   121.48  170.90   1.11  88.60

06/04/2017 05:01:40 PM
avg-cpu:  %user   %nice %system %iowait  %steal   %idle
          93.75    0.00    4.75    0.00    0.00    1.50

Device:         rrqm/s   wrqm/s     r/s     w/s    rMB/s    wMB/s avgrq-sz avgqu-sz   await  svctm  %util
xvda              0.00     0.00    0.00    0.00     0.00     0.00     0.00     0.00    0.00   0.00   0.00

06/04/2017 05:01:41 PM
avg-cpu:  %user   %nice %system %iowait  %steal   %idle
          93.50    0.00    5.75    0.25    0.00    0.50

Device:         rrqm/s   wrqm/s     r/s     w/s    rMB/s    wMB/s avgrq-sz avgqu-sz   await  svctm  %util
xvda              0.00  2176.00    0.00  216.00     0.00     5.31    50.37    47.51  108.24   1.45  31.40

06/04/2017 05:01:42 PM
avg-cpu:  %user   %nice %system %iowait  %steal   %idle
          91.73    0.00    7.52    0.25    0.00    0.50

Device:         rrqm/s   wrqm/s     r/s     w/s    rMB/s    wMB/s avgrq-sz avgqu-sz   await  svctm  %util
xvda              0.00  4982.00    0.00  684.00     0.00    21.91    65.61   144.72  221.76   1.46 100.00

06/04/2017 05:01:43 PM
avg-cpu:  %user   %nice %system %iowait  %steal   %idle
          91.02    0.25    7.98    0.25    0.00    0.50

Device:         rrqm/s   wrqm/s     r/s     w/s    rMB/s    wMB/s avgrq-sz avgqu-sz   await  svctm  %util
xvda              0.00  5156.00    0.00  601.00     0.00    22.21    75.67   145.72  239.73   1.66 100.00

06/04/2017 05:01:44 PM
avg-cpu:  %user   %nice %system %iowait  %steal   %idle
          92.25    0.00    7.00    0.00    0.00    0.75

Device:         rrqm/s   wrqm/s     r/s     w/s    rMB/s    wMB/s avgrq-sz avgqu-sz   await  svctm  %util
xvda              0.00  2869.00    0.00  458.00     0.00    17.53    78.38   111.61  283.07   2.18 100.00

06/04/2017 05:01:45 PM
avg-cpu:  %user   %nice %system %iowait  %steal   %idle
          88.50    0.00    7.00    0.00    0.00    4.50

Device:         rrqm/s   wrqm/s     r/s     w/s    rMB/s    wMB/s avgrq-sz avgqu-sz   await  svctm  %util
xvda              0.00     0.00    0.00    2.00     0.00     0.01     8.00     0.21  487.50 104.50  20.90

06/04/2017 05:01:46 PM
avg-cpu:  %user   %nice %system %iowait  %steal   %idle
          37.91    0.00    8.65   11.20    0.00   42.24

Device:         rrqm/s   wrqm/s     r/s     w/s    rMB/s    wMB/s avgrq-sz avgqu-sz   await  svctm  %util
xvda              0.00     0.00  201.00    0.00     2.27     0.00    23.08     1.65    8.18   2.06  41.50

06/04/2017 05:01:47 PM
avg-cpu:  %user   %nice %system %iowait  %steal   %idle
          77.19    0.00    6.52    6.77    0.00    9.52

Device:         rrqm/s   wrqm/s     r/s     w/s    rMB/s    wMB/s avgrq-sz avgqu-sz   await  svctm  %util
xvda              0.00  6060.00    6.00  717.00     0.04    22.86    64.85   145.64  171.83   1.38 100.10

06/04/2017 05:01:48 PM
avg-cpu:  %user   %nice %system %iowait  %steal   %idle
          93.00    0.00    6.00    0.00    0.00    1.00

Device:         rrqm/s   wrqm/s     r/s     w/s    rMB/s    wMB/s avgrq-sz avgqu-sz   await  svctm  %util
xvda              0.00  4189.00    6.00  536.00     0.09    17.82    67.66   140.03  256.63   1.84  99.90

06/04/2017 05:01:49 PM
avg-cpu:  %user   %nice %system %iowait  %steal   %idle
          96.74    0.00    2.76    0.00    0.00    0.50

Device:         rrqm/s   wrqm/s     r/s     w/s    rMB/s    wMB/s avgrq-sz avgqu-sz   await  svctm  %util
xvda              0.00  3250.00   51.00  536.00     0.45    19.04    67.99    72.55  161.67   1.49  87.60

06/04/2017 05:01:50 PM
avg-cpu:  %user   %nice %system %iowait  %steal   %idle
          95.51    0.00    4.24    0.00    0.00    0.25

Device:         rrqm/s   wrqm/s     r/s     w/s    rMB/s    wMB/s avgrq-sz avgqu-sz   await  svctm  %util
xvda              0.00     0.00   15.00    0.00     0.30     0.00    40.53     0.05    3.47   2.93   4.40

06/04/2017 05:01:51 PM
avg-cpu:  %user   %nice %system %iowait  %steal   %idle
          95.23    0.00    2.76    0.00    0.00    2.01

Device:         rrqm/s   wrqm/s     r/s     w/s    rMB/s    wMB/s avgrq-sz avgqu-sz   await  svctm  %util
xvda              0.00     0.00    0.00    0.00     0.00     0.00     0.00     0.00    0.00   0.00   0.00

06/04/2017 05:01:52 PM
avg-cpu:  %user   %nice %system %iowait  %steal   %idle
          94.50    0.00    3.00    0.00    0.00    2.50

Device:         rrqm/s   wrqm/s     r/s     w/s    rMB/s    wMB/s avgrq-sz avgqu-sz   await  svctm  %util
xvda              0.00    30.00    0.00   37.00     0.00     0.26    14.49     0.29    7.86   0.49   1.80

06/04/2017 05:01:53 PM
avg-cpu:  %user   %nice %system %iowait  %steal   %idle
          92.98    0.00    2.76    0.00    0.00    4.26

Device:         rrqm/s   wrqm/s     r/s     w/s    rMB/s    wMB/s avgrq-sz avgqu-sz   await  svctm  %util
xvda              0.00     0.00    0.00    0.00     0.00     0.00     0.00     0.00    0.00   0.00   0.00

06/04/2017 05:01:54 PM
avg-cpu:  %user   %nice %system %iowait  %steal   %idle
          93.98    0.00    3.26    0.00    0.00    2.76

Device:         rrqm/s   wrqm/s     r/s     w/s    rMB/s    wMB/s avgrq-sz avgqu-sz   await  svctm  %util
xvda              0.00     0.00    0.00    0.00     0.00     0.00     0.00     0.00    0.00   0.00   0.00

06/04/2017 05:01:55 PM
avg-cpu:  %user   %nice %system %iowait  %steal   %idle
          93.98    0.00    3.01    0.00    0.00    3.01

Device:         rrqm/s   wrqm/s     r/s     w/s    rMB/s    wMB/s avgrq-sz avgqu-sz   await  svctm  %util
xvda              0.00     0.00    0.00    0.00     0.00     0.00     0.00     0.00    0.00   0.00   0.00

06/04/2017 05:01:56 PM
avg-cpu:  %user   %nice %system %iowait  %steal   %idle
          93.73    0.00    4.51    0.00    0.00    1.75

Device:         rrqm/s   wrqm/s     r/s     w/s    rMB/s    wMB/s avgrq-sz avgqu-sz   await  svctm  %util
xvda              0.00     0.00    0.00    0.00     0.00     0.00     0.00     0.00    0.00   0.00   0.00

06/04/2017 05:01:57 PM
avg-cpu:  %user   %nice %system %iowait  %steal   %idle
          94.49    0.00    3.26    0.00    0.00    2.26

Device:         rrqm/s   wrqm/s     r/s     w/s    rMB/s    wMB/s avgrq-sz avgqu-sz   await  svctm  %util
xvda              0.00    39.00    0.00   38.00     0.00     0.30    16.21     0.30    7.97   0.39   1.50

06/04/2017 05:01:58 PM
avg-cpu:  %user   %nice %system %iowait  %steal   %idle
          95.25    0.00    2.75    0.00    0.00    2.00

Device:         rrqm/s   wrqm/s     r/s     w/s    rMB/s    wMB/s avgrq-sz avgqu-sz   await  svctm  %util
xvda              0.00     0.00    0.00    0.00     0.00     0.00     0.00     0.00    0.00   0.00   0.00

06/04/2017 05:01:59 PM
avg-cpu:  %user   %nice %system %iowait  %steal   %idle
          94.76    0.00    3.24    0.00    0.00    2.00

Device:         rrqm/s   wrqm/s     r/s     w/s    rMB/s    wMB/s avgrq-sz avgqu-sz   await  svctm  %util
xvda              0.00     0.00    0.00    0.00     0.00     0.00     0.00     0.00    0.00   0.00   0.00

06/04/2017 05:02:00 PM
avg-cpu:  %user   %nice %system %iowait  %steal   %idle
          95.49    0.00    3.26    0.00    0.00    1.25

Device:         rrqm/s   wrqm/s     r/s     w/s    rMB/s    wMB/s avgrq-sz avgqu-sz   await  svctm  %util
xvda              0.00     0.00    0.00    0.00     0.00     0.00     0.00     0.00    0.00   0.00   0.00

06/04/2017 05:02:01 PM
avg-cpu:  %user   %nice %system %iowait  %steal   %idle
          93.97    0.00    3.52    0.00    0.00    2.51

Device:         rrqm/s   wrqm/s     r/s     w/s    rMB/s    wMB/s avgrq-sz avgqu-sz   await  svctm  %util
xvda              0.00     0.00    0.00    0.00     0.00     0.00     0.00     0.00    0.00   0.00   0.00

06/04/2017 05:02:02 PM
avg-cpu:  %user   %nice %system %iowait  %steal   %idle
          93.02    0.00    4.99    0.25    0.00    1.75

Device:         rrqm/s   wrqm/s     r/s     w/s    rMB/s    wMB/s avgrq-sz avgqu-sz   await  svctm  %util
xvda              0.00    31.00    0.00   38.00     0.00     0.27    14.53     0.69   18.29   3.82  14.50

06/04/2017 05:02:03 PM
avg-cpu:  %user   %nice %system %iowait  %steal   %idle
          94.50    0.00    3.00    0.00    0.00    2.50

Device:         rrqm/s   wrqm/s     r/s     w/s    rMB/s    wMB/s avgrq-sz avgqu-sz   await  svctm  %util
xvda              0.00     0.00    0.00    0.00     0.00     0.00     0.00     0.00    0.00   0.00   0.00

06/04/2017 05:02:04 PM
avg-cpu:  %user   %nice %system %iowait  %steal   %idle
          94.25    0.00    3.75    0.00    0.00    2.00

Device:         rrqm/s   wrqm/s     r/s     w/s    rMB/s    wMB/s avgrq-sz avgqu-sz   await  svctm  %util
xvda              0.00     0.00    0.00    0.00     0.00     0.00     0.00     0.00    0.00   0.00   0.00

06/04/2017 05:02:05 PM
avg-cpu:  %user   %nice %system %iowait  %steal   %idle
          93.52    0.00    3.99    0.00    0.00    2.49

Device:         rrqm/s   wrqm/s     r/s     w/s    rMB/s    wMB/s avgrq-sz avgqu-sz   await  svctm  %util
xvda              0.00     0.00    0.00    0.00     0.00     0.00     0.00     0.00    0.00   0.00   0.00

06/04/2017 05:02:06 PM
avg-cpu:  %user   %nice %system %iowait  %steal   %idle
          94.24    0.00    3.51    0.00    0.00    2.26

Device:         rrqm/s   wrqm/s     r/s     w/s    rMB/s    wMB/s avgrq-sz avgqu-sz   await  svctm  %util
xvda              0.00     0.00    0.00    0.00     0.00     0.00     0.00     0.00    0.00   0.00   0.00

06/04/2017 05:02:07 PM
avg-cpu:  %user   %nice %system %iowait  %steal   %idle
          90.98    0.00    8.27    0.00    0.00    0.75

Device:         rrqm/s   wrqm/s     r/s     w/s    rMB/s    wMB/s avgrq-sz avgqu-sz   await  svctm  %util
xvda              0.00    40.00   43.00   39.00     0.40     0.31    17.76     1.29   15.68   1.12   9.20

06/04/2017 05:02:08 PM
avg-cpu:  %user   %nice %system %iowait  %steal   %idle
          93.75    0.00    4.75    0.00    0.00    1.50

Device:         rrqm/s   wrqm/s     r/s     w/s    rMB/s    wMB/s avgrq-sz avgqu-sz   await  svctm  %util
xvda              0.00     0.00    0.00    0.00     0.00     0.00     0.00     0.00    0.00   0.00   0.00

06/04/2017 05:02:09 PM
avg-cpu:  %user   %nice %system %iowait  %steal   %idle
          93.98    0.00    3.76    0.00    0.00    2.26

Device:         rrqm/s   wrqm/s     r/s     w/s    rMB/s    wMB/s avgrq-sz avgqu-sz   await  svctm  %util
xvda              0.00     0.00    0.00    0.00     0.00     0.00     0.00     0.00    0.00   0.00   0.00

06/04/2017 05:02:10 PM
avg-cpu:  %user   %nice %system %iowait  %steal   %idle
          93.75    0.00    4.25    0.00    0.00    2.00

Device:         rrqm/s   wrqm/s     r/s     w/s    rMB/s    wMB/s avgrq-sz avgqu-sz   await  svctm  %util
xvda              0.00     0.00    0.00    0.00     0.00     0.00     0.00     0.00    0.00   0.00   0.00

06/04/2017 05:02:11 PM
avg-cpu:  %user   %nice %system %iowait  %steal   %idle
          94.74    0.00    3.26    0.00    0.00    2.01

Device:         rrqm/s   wrqm/s     r/s     w/s    rMB/s    wMB/s avgrq-sz avgqu-sz   await  svctm  %util
xvda              0.00     0.00    0.00    0.00     0.00     0.00     0.00     0.00    0.00   0.00   0.00

06/04/2017 05:02:12 PM
avg-cpu:  %user   %nice %system %iowait  %steal   %idle
          94.50    0.00    3.00    0.00    0.00    2.50

Device:         rrqm/s   wrqm/s     r/s     w/s    rMB/s    wMB/s avgrq-sz avgqu-sz   await  svctm  %util
xvda              0.00    35.00    0.00   41.00     0.00     0.30    14.83     0.33    7.95   0.49   2.00

06/04/2017 05:02:13 PM
avg-cpu:  %user   %nice %system %iowait  %steal   %idle
          93.75    0.00    2.75    0.00    0.00    3.50

Device:         rrqm/s   wrqm/s     r/s     w/s    rMB/s    wMB/s avgrq-sz avgqu-sz   await  svctm  %util
xvda              0.00     0.00    0.00    0.00     0.00     0.00     0.00     0.00    0.00   0.00   0.00

06/04/2017 05:02:14 PM
avg-cpu:  %user   %nice %system %iowait  %steal   %idle
          92.98    0.00    5.01    0.00    0.00    2.01

Device:         rrqm/s   wrqm/s     r/s     w/s    rMB/s    wMB/s avgrq-sz avgqu-sz   await  svctm  %util
xvda              0.00     0.00    0.00    0.00     0.00     0.00     0.00     0.00    0.00   0.00   0.00

06/04/2017 05:02:15 PM
avg-cpu:  %user   %nice %system %iowait  %steal   %idle
          94.72    0.00    3.27    0.00    0.00    2.01

Device:         rrqm/s   wrqm/s     r/s     w/s    rMB/s    wMB/s avgrq-sz avgqu-sz   await  svctm  %util
xvda              0.00     0.00    0.00    0.00     0.00     0.00     0.00     0.00    0.00   0.00   0.00

06/04/2017 05:02:16 PM
avg-cpu:  %user   %nice %system %iowait  %steal   %idle
          93.25    0.00    3.75    0.00    0.00    3.00

Device:         rrqm/s   wrqm/s     r/s     w/s    rMB/s    wMB/s avgrq-sz avgqu-sz   await  svctm  %util
xvda              0.00     0.00    0.00    0.00     0.00     0.00     0.00     0.00    0.00   0.00   0.00

06/04/2017 05:02:17 PM
avg-cpu:  %user   %nice %system %iowait  %steal   %idle
          94.22    0.00    3.02    0.00    0.00    2.76

Device:         rrqm/s   wrqm/s     r/s     w/s    rMB/s    wMB/s avgrq-sz avgqu-sz   await  svctm  %util
xvda              0.00    40.00    0.00   38.00     0.00     0.30    16.42     0.31    8.08   0.47   1.80

06/04/2017 05:02:18 PM
avg-cpu:  %user   %nice %system %iowait  %steal   %idle
          94.75    0.00    3.50    0.00    0.00    1.75

Device:         rrqm/s   wrqm/s     r/s     w/s    rMB/s    wMB/s avgrq-sz avgqu-sz   await  svctm  %util
xvda              0.00     0.00    0.00    0.00     0.00     0.00     0.00     0.00    0.00   0.00   0.00

06/04/2017 05:02:19 PM
avg-cpu:  %user   %nice %system %iowait  %steal   %idle
          94.49    0.00    3.26    0.00    0.00    2.26

Device:         rrqm/s   wrqm/s     r/s     w/s    rMB/s    wMB/s avgrq-sz avgqu-sz   await  svctm  %util
xvda              0.00     0.00    0.00   13.00     0.00     0.05     8.00     0.41   31.23   7.08   9.20

06/04/2017 05:02:20 PM
avg-cpu:  %user   %nice %system %iowait  %steal   %idle
          94.22    0.00    3.77    0.00    0.00    2.01

Device:         rrqm/s   wrqm/s     r/s     w/s    rMB/s    wMB/s avgrq-sz avgqu-sz   await  svctm  %util
xvda              0.00     0.00    0.00    0.00     0.00     0.00     0.00     0.00    0.00   0.00   0.00

06/04/2017 05:02:21 PM
avg-cpu:  %user   %nice %system %iowait  %steal   %idle
          95.51    0.00    2.74    0.00    0.00    1.75

Device:         rrqm/s   wrqm/s     r/s     w/s    rMB/s    wMB/s avgrq-sz avgqu-sz   await  svctm  %util
xvda              0.00     0.00    0.00    0.00     0.00     0.00     0.00     0.00    0.00   0.00   0.00

06/04/2017 05:02:22 PM
avg-cpu:  %user   %nice %system %iowait  %steal   %idle
          94.96    0.00    3.02    0.00    0.00    2.02

Device:         rrqm/s   wrqm/s     r/s     w/s    rMB/s    wMB/s avgrq-sz avgqu-sz   await  svctm  %util
xvda              0.00    29.00    0.00   37.00     0.00     0.26    14.27     0.48   13.05   4.70  17.40

06/04/2017 05:02:23 PM
avg-cpu:  %user   %nice %system %iowait  %steal   %idle
          93.25    0.00    4.00    0.00    0.00    2.75

Device:         rrqm/s   wrqm/s     r/s     w/s    rMB/s    wMB/s avgrq-sz avgqu-sz   await  svctm  %util
xvda              0.00     0.00    0.00    0.00     0.00     0.00     0.00     0.00    0.00   0.00   0.00

06/04/2017 05:02:24 PM
avg-cpu:  %user   %nice %system %iowait  %steal   %idle
          95.25    0.00    2.75    0.00    0.00    2.00

Device:         rrqm/s   wrqm/s     r/s     w/s    rMB/s    wMB/s avgrq-sz avgqu-sz   await  svctm  %util
xvda              0.00   941.00    0.00   76.00     0.00     0.55    14.95    15.13   42.59   1.55  11.80

06/04/2017 05:02:25 PM
avg-cpu:  %user   %nice %system %iowait  %steal   %idle
          93.73    0.00    4.51    0.00    0.00    1.75

Device:         rrqm/s   wrqm/s     r/s     w/s    rMB/s    wMB/s avgrq-sz avgqu-sz   await  svctm  %util
xvda              0.00     0.00    0.00  106.00     0.00     3.83    74.04     4.68  156.35   0.85   9.00

06/04/2017 05:02:26 PM
avg-cpu:  %user   %nice %system %iowait  %steal   %idle
          94.49    0.00    4.01    0.00    0.00    1.50

Device:         rrqm/s   wrqm/s     r/s     w/s    rMB/s    wMB/s avgrq-sz avgqu-sz   await  svctm  %util
xvda              0.00     0.00    0.00    0.00     0.00     0.00     0.00     0.00    0.00   0.00   0.00

06/04/2017 05:02:27 PM
avg-cpu:  %user   %nice %system %iowait  %steal   %idle
          93.00    0.00    4.75    0.25    0.00    2.00

Device:         rrqm/s   wrqm/s     r/s     w/s    rMB/s    wMB/s avgrq-sz avgqu-sz   await  svctm  %util
xvda              0.00    44.00    0.00   39.00     0.00     0.32    17.03     0.76   19.54  10.38  40.50

06/04/2017 05:02:28 PM
avg-cpu:  %user   %nice %system %iowait  %steal   %idle
          95.25    0.00    3.00    0.00    0.00    1.75

Device:         rrqm/s   wrqm/s     r/s     w/s    rMB/s    wMB/s avgrq-sz avgqu-sz   await  svctm  %util
xvda              0.00     0.00    0.00    0.00     0.00     0.00     0.00     0.00    0.00   0.00   0.00

06/04/2017 05:02:29 PM
avg-cpu:  %user   %nice %system %iowait  %steal   %idle
          95.25    0.00    2.75    0.00    0.00    2.00

Device:         rrqm/s   wrqm/s     r/s     w/s    rMB/s    wMB/s avgrq-sz avgqu-sz   await  svctm  %util
xvda              0.00     0.00    0.00    0.00     0.00     0.00     0.00     0.00    0.00   0.00   0.00

06/04/2017 05:02:30 PM
avg-cpu:  %user   %nice %system %iowait  %steal   %idle
          94.72    0.00    4.02    0.00    0.00    1.26

Device:         rrqm/s   wrqm/s     r/s     w/s    rMB/s    wMB/s avgrq-sz avgqu-sz   await  svctm  %util
xvda              0.00     0.00    0.00    0.00     0.00     0.00     0.00     0.00    0.00   0.00   0.00

06/04/2017 05:02:31 PM
avg-cpu:  %user   %nice %system %iowait  %steal   %idle
          95.26    0.00    3.24    0.00    0.00    1.50

Device:         rrqm/s   wrqm/s     r/s     w/s    rMB/s    wMB/s avgrq-sz avgqu-sz   await  svctm  %util
xvda              0.00     0.00    0.00    0.00     0.00     0.00     0.00     0.00    0.00   0.00   0.00

06/04/2017 05:02:32 PM
avg-cpu:  %user   %nice %system %iowait  %steal   %idle
          93.73    0.00    3.76    0.25    0.00    2.26

Device:         rrqm/s   wrqm/s     r/s     w/s    rMB/s    wMB/s avgrq-sz avgqu-sz   await  svctm  %util
xvda              0.00    30.00    0.00   38.00     0.00     0.27    14.32     1.10   28.89  12.16  46.20

06/04/2017 05:02:33 PM
avg-cpu:  %user   %nice %system %iowait  %steal   %idle
          94.49    0.00    3.76    0.00    0.00    1.75

Device:         rrqm/s   wrqm/s     r/s     w/s    rMB/s    wMB/s avgrq-sz avgqu-sz   await  svctm  %util
xvda              0.00     0.00    0.00    0.00     0.00     0.00     0.00     0.00    0.00   0.00   0.00

06/04/2017 05:02:34 PM
avg-cpu:  %user   %nice %system %iowait  %steal   %idle
          95.00    0.00    3.00    0.00    0.00    2.00

Device:         rrqm/s   wrqm/s     r/s     w/s    rMB/s    wMB/s avgrq-sz avgqu-sz   await  svctm  %util
xvda              0.00     0.00    0.00    0.00     0.00     0.00     0.00     0.00    0.00   0.00   0.00

06/04/2017 05:02:35 PM
avg-cpu:  %user   %nice %system %iowait  %steal   %idle
          95.49    0.00    3.01    0.00    0.00    1.50

Device:         rrqm/s   wrqm/s     r/s     w/s    rMB/s    wMB/s avgrq-sz avgqu-sz   await  svctm  %util
xvda              0.00     0.00    0.00    0.00     0.00     0.00     0.00     0.00    0.00   0.00   0.00

06/04/2017 05:02:36 PM
avg-cpu:  %user   %nice %system %iowait  %steal   %idle
          93.75    0.00    3.25    0.00    0.00    3.00

Device:         rrqm/s   wrqm/s     r/s     w/s    rMB/s    wMB/s avgrq-sz avgqu-sz   await  svctm  %util
xvda              0.00     0.00    0.00    0.00     0.00     0.00     0.00     0.00    0.00   0.00   0.00

06/04/2017 05:02:37 PM
avg-cpu:  %user   %nice %system %iowait  %steal   %idle
          93.98    0.00    3.26    0.00    0.00    2.76

Device:         rrqm/s   wrqm/s     r/s     w/s    rMB/s    wMB/s avgrq-sz avgqu-sz   await  svctm  %util
xvda              0.00    21.00    0.00   37.00     0.00     0.23    12.54     0.76   20.57   6.11  22.60

06/04/2017 05:02:38 PM
avg-cpu:  %user   %nice %system %iowait  %steal   %idle
          93.75    0.25    3.50    0.00    0.00    2.50

Device:         rrqm/s   wrqm/s     r/s     w/s    rMB/s    wMB/s avgrq-sz avgqu-sz   await  svctm  %util
xvda              0.00     0.00    0.00    0.00     0.00     0.00     0.00     0.00    0.00   0.00   0.00

06/04/2017 05:02:39 PM
avg-cpu:  %user   %nice %system %iowait  %steal   %idle
          94.26    0.00    3.74    0.00    0.00    2.00

Device:         rrqm/s   wrqm/s     r/s     w/s    rMB/s    wMB/s avgrq-sz avgqu-sz   await  svctm  %util
xvda              0.00     0.00    0.00    0.00     0.00     0.00     0.00     0.00    0.00   0.00   0.00

06/04/2017 05:02:40 PM
avg-cpu:  %user   %nice %system %iowait  %steal   %idle
          94.99    0.00    3.26    0.00    0.00    1.75

Device:         rrqm/s   wrqm/s     r/s     w/s    rMB/s    wMB/s avgrq-sz avgqu-sz   await  svctm  %util
xvda              0.00     0.00    0.00    0.00     0.00     0.00     0.00     0.00    0.00   0.00   0.00

06/04/2017 05:02:41 PM
avg-cpu:  %user   %nice %system %iowait  %steal   %idle
          93.98    0.00    4.01    0.00    0.00    2.01

Device:         rrqm/s   wrqm/s     r/s     w/s    rMB/s    wMB/s avgrq-sz avgqu-sz   await  svctm  %util
xvda              0.00     0.00    0.00    0.00     0.00     0.00     0.00     0.00    0.00   0.00   0.00

06/04/2017 05:02:42 PM
avg-cpu:  %user   %nice %system %iowait  %steal   %idle
          94.72    0.00    3.27    0.00    0.00    2.01

Device:         rrqm/s   wrqm/s     r/s     w/s    rMB/s    wMB/s avgrq-sz avgqu-sz   await  svctm  %util
xvda              0.00    50.00    0.00   40.00     0.00     0.35    18.00     0.61   15.22   7.62  30.50

06/04/2017 05:02:43 PM
avg-cpu:  %user   %nice %system %iowait  %steal   %idle
          94.50    0.00    3.75    0.00    0.00    1.75

Device:         rrqm/s   wrqm/s     r/s     w/s    rMB/s    wMB/s avgrq-sz avgqu-sz   await  svctm  %util
xvda              0.00     0.00    0.00    0.00     0.00     0.00     0.00     0.00    0.00   0.00   0.00

06/04/2017 05:02:44 PM
avg-cpu:  %user   %nice %system %iowait  %steal   %idle
          94.49    0.00    4.01    0.00    0.00    1.50

Device:         rrqm/s   wrqm/s     r/s     w/s    rMB/s    wMB/s avgrq-sz avgqu-sz   await  svctm  %util
xvda              0.00     0.00    0.00    0.00     0.00     0.00     0.00     0.00    0.00   0.00   0.00

06/04/2017 05:02:45 PM
avg-cpu:  %user   %nice %system %iowait  %steal   %idle
          81.16    0.00    2.51    0.00    0.00   16.33

Device:         rrqm/s   wrqm/s     r/s     w/s    rMB/s    wMB/s avgrq-sz avgqu-sz   await  svctm  %util
xvda              0.00     0.00    0.00    0.00     0.00     0.00     0.00     0.00    0.00   0.00   0.00

