Linux 2.6.32-220.23.2.ali878.el6.x86_64 (e010125011067.bja) 	06/05/2017 	_x86_64_	(4 CPU)

06/05/2017 12:17:26 AM
avg-cpu:  %user   %nice %system %iowait  %steal   %idle
           1.55    0.01    0.96    0.75    0.00   96.73

Device:         rrqm/s   wrqm/s     r/s     w/s    rMB/s    wMB/s avgrq-sz avgqu-sz   await  svctm  %util
xvda              0.06    60.85    3.65   12.89     0.10     0.29    48.19     0.08   54.26   1.80   2.97

06/05/2017 12:17:27 AM
avg-cpu:  %user   %nice %system %iowait  %steal   %idle
          11.62    0.00   12.12   13.64    0.00   62.63

Device:         rrqm/s   wrqm/s     r/s     w/s    rMB/s    wMB/s avgrq-sz avgqu-sz   await  svctm  %util
xvda            160.00     0.00  518.00    0.00     4.33     0.00    17.11     5.91    8.51   0.86  44.30

06/05/2017 12:17:28 AM
avg-cpu:  %user   %nice %system %iowait  %steal   %idle
           1.02    0.00    1.27   25.38    0.00   72.34

Device:         rrqm/s   wrqm/s     r/s     w/s    rMB/s    wMB/s avgrq-sz avgqu-sz   await  svctm  %util
xvda             30.00     0.00  895.00    0.00    14.80     0.00    33.86     7.43    9.98   1.10  98.50

06/05/2017 12:17:29 AM
avg-cpu:  %user   %nice %system %iowait  %steal   %idle
           3.06    0.00    1.53   25.26    0.00   70.15

Device:         rrqm/s   wrqm/s     r/s     w/s    rMB/s    wMB/s avgrq-sz avgqu-sz   await  svctm  %util
xvda              0.00    32.00  692.00   33.00     6.26     0.25    18.41     5.51    7.60   1.30  94.50

06/05/2017 12:17:30 AM
avg-cpu:  %user   %nice %system %iowait  %steal   %idle
           9.34    0.00    1.77   17.93    0.00   70.96

Device:         rrqm/s   wrqm/s     r/s     w/s    rMB/s    wMB/s avgrq-sz avgqu-sz   await  svctm  %util
xvda              0.00     0.00  594.00    0.00     6.62     0.00    22.83     2.26    3.80   1.28  75.90

06/05/2017 12:17:31 AM
avg-cpu:  %user   %nice %system %iowait  %steal   %idle
           5.08    0.00    2.54   17.77    0.00   74.62

Device:         rrqm/s   wrqm/s     r/s     w/s    rMB/s    wMB/s avgrq-sz avgqu-sz   await  svctm  %util
xvda              0.00    57.00  576.00   69.00     6.34     0.50    21.72     3.59    5.56   1.06  68.40

06/05/2017 12:17:32 AM
avg-cpu:  %user   %nice %system %iowait  %steal   %idle
          12.18    0.00    2.28   15.48    0.00   70.05

Device:         rrqm/s   wrqm/s     r/s     w/s    rMB/s    wMB/s avgrq-sz avgqu-sz   await  svctm  %util
xvda              0.00     0.00  331.00    0.00     4.04     0.00    24.99     1.26    3.82   1.96  65.00

06/05/2017 12:17:33 AM
avg-cpu:  %user   %nice %system %iowait  %steal   %idle
          28.72    0.00    2.02   14.11    0.00   55.16

Device:         rrqm/s   wrqm/s     r/s     w/s    rMB/s    wMB/s avgrq-sz avgqu-sz   await  svctm  %util
xvda              0.00     0.00  574.00    0.00     4.07     0.00    14.52     3.41    5.94   1.26  72.40

06/05/2017 12:17:34 AM
avg-cpu:  %user   %nice %system %iowait  %steal   %idle
          40.20    0.00    2.54    5.09    0.00   52.16

Device:         rrqm/s   wrqm/s     r/s     w/s    rMB/s    wMB/s avgrq-sz avgqu-sz   await  svctm  %util
xvda              0.00     0.00  165.35    0.00     1.15     0.00    14.23     0.36    2.16   1.46  24.16

06/05/2017 12:17:35 AM
avg-cpu:  %user   %nice %system %iowait  %steal   %idle
          49.25    0.00    2.76    7.29    0.00   40.70

Device:         rrqm/s   wrqm/s     r/s     w/s    rMB/s    wMB/s avgrq-sz avgqu-sz   await  svctm  %util
xvda              0.00     0.00  180.00    0.00     1.57     0.00    17.91     0.40    2.21   1.90  34.20

06/05/2017 12:17:36 AM
avg-cpu:  %user   %nice %system %iowait  %steal   %idle
          68.35    0.00    3.54    9.87    0.00   18.23

Device:         rrqm/s   wrqm/s     r/s     w/s    rMB/s    wMB/s avgrq-sz avgqu-sz   await  svctm  %util
xvda              0.00     0.00  331.00    0.00     1.89     0.00    11.67     0.67    2.03   1.38  45.60

06/05/2017 12:17:37 AM
avg-cpu:  %user   %nice %system %iowait  %steal   %idle
          49.24    0.00    3.54   13.13    0.00   34.09

Device:         rrqm/s   wrqm/s     r/s     w/s    rMB/s    wMB/s avgrq-sz avgqu-sz   await  svctm  %util
xvda              0.00   128.00  382.00   52.00     5.53     0.75    29.64     1.55    3.57   1.50  64.90

06/05/2017 12:17:38 AM
avg-cpu:  %user   %nice %system %iowait  %steal   %idle
          60.51    0.00    2.78    9.87    0.00   26.84

Device:         rrqm/s   wrqm/s     r/s     w/s    rMB/s    wMB/s avgrq-sz avgqu-sz   await  svctm  %util
xvda              0.00     0.00  170.00    8.00     3.32     0.03    38.61     0.80    4.51   2.42  43.10

06/05/2017 12:17:39 AM
avg-cpu:  %user   %nice %system %iowait  %steal   %idle
          71.72    0.00    4.55    3.54    0.00   20.20

Device:         rrqm/s   wrqm/s     r/s     w/s    rMB/s    wMB/s avgrq-sz avgqu-sz   await  svctm  %util
xvda              0.00     0.00   63.00    0.00     0.39     0.00    12.70     0.19    3.02   2.86  18.00

06/05/2017 12:17:40 AM
avg-cpu:  %user   %nice %system %iowait  %steal   %idle
          40.15    0.00    3.79   12.37    0.00   43.69

Device:         rrqm/s   wrqm/s     r/s     w/s    rMB/s    wMB/s avgrq-sz avgqu-sz   await  svctm  %util
xvda              0.00     0.00  607.00    0.00    13.43     0.00    45.30     2.28    3.76   1.24  75.40

06/05/2017 12:17:41 AM
avg-cpu:  %user   %nice %system %iowait  %steal   %idle
          61.11    0.00    5.30   13.64    0.00   19.95

Device:         rrqm/s   wrqm/s     r/s     w/s    rMB/s    wMB/s avgrq-sz avgqu-sz   await  svctm  %util
xvda              0.00     0.00  255.00    0.00     1.95     0.00    15.65     0.80    3.15   2.46  62.70

06/05/2017 12:17:42 AM
avg-cpu:  %user   %nice %system %iowait  %steal   %idle
          50.00    0.00    4.02   10.30    0.00   35.68

Device:         rrqm/s   wrqm/s     r/s     w/s    rMB/s    wMB/s avgrq-sz avgqu-sz   await  svctm  %util
xvda              0.00   131.00  247.00   61.00     1.93     0.77    17.97     1.77    5.72   1.46  45.10

06/05/2017 12:17:43 AM
avg-cpu:  %user   %nice %system %iowait  %steal   %idle
          44.27    0.00    7.12    7.38    0.00   41.22

Device:         rrqm/s   wrqm/s     r/s     w/s    rMB/s    wMB/s avgrq-sz avgqu-sz   await  svctm  %util
xvda              0.00    22.00  166.00   91.00     4.02     0.44    35.58     5.85   22.82   1.42  36.50

06/05/2017 12:17:44 AM
avg-cpu:  %user   %nice %system %iowait  %steal   %idle
          19.34    0.00    4.33   11.96    0.00   64.38

Device:         rrqm/s   wrqm/s     r/s     w/s    rMB/s    wMB/s avgrq-sz avgqu-sz   await  svctm  %util
xvda              0.00     0.00  467.00    0.00     9.44     0.00    41.40     2.40    5.15   1.16  54.30

06/05/2017 12:17:45 AM
avg-cpu:  %user   %nice %system %iowait  %steal   %idle
          84.60    0.00   10.35    0.25    0.00    4.80

Device:         rrqm/s   wrqm/s     r/s     w/s    rMB/s    wMB/s avgrq-sz avgqu-sz   await  svctm  %util
xvda              0.00     0.00   20.00    0.00     0.08     0.00     8.00     0.02    0.95   0.95   1.90

06/05/2017 12:17:46 AM
avg-cpu:  %user   %nice %system %iowait  %steal   %idle
          97.24    0.00    2.01    0.00    0.00    0.75

Device:         rrqm/s   wrqm/s     r/s     w/s    rMB/s    wMB/s avgrq-sz avgqu-sz   await  svctm  %util
xvda              0.00     0.00    0.00    0.00     0.00     0.00     0.00     0.00    0.00   0.00   0.00

06/05/2017 12:17:47 AM
avg-cpu:  %user   %nice %system %iowait  %steal   %idle
          96.75    0.00    2.75    0.00    0.00    0.50

Device:         rrqm/s   wrqm/s     r/s     w/s    rMB/s    wMB/s avgrq-sz avgqu-sz   await  svctm  %util
xvda              0.00  1368.00    0.00  190.00     0.00     6.09    65.64    26.97  141.93   1.39  26.50

06/05/2017 12:17:48 AM
avg-cpu:  %user   %nice %system %iowait  %steal   %idle
          94.75    0.00    4.50    0.00    0.00    0.75

Device:         rrqm/s   wrqm/s     r/s     w/s    rMB/s    wMB/s avgrq-sz avgqu-sz   await  svctm  %util
xvda              0.00     0.00    1.00    0.00     0.00     0.00     8.00     0.01   15.00  15.00   1.50

06/05/2017 12:17:49 AM
avg-cpu:  %user   %nice %system %iowait  %steal   %idle
          91.48    0.00    4.76    2.26    0.00    1.50

Device:         rrqm/s   wrqm/s     r/s     w/s    rMB/s    wMB/s avgrq-sz avgqu-sz   await  svctm  %util
xvda              0.00     0.00   33.00    0.00     0.13     0.00     8.00     0.12    3.76   3.73  12.30

06/05/2017 12:17:50 AM
avg-cpu:  %user   %nice %system %iowait  %steal   %idle
          93.75    0.00    4.75    0.00    0.00    1.50

Device:         rrqm/s   wrqm/s     r/s     w/s    rMB/s    wMB/s avgrq-sz avgqu-sz   await  svctm  %util
xvda              0.00     0.00    4.00    0.00     0.02     0.00     8.00     0.01    1.75   1.75   0.70

06/05/2017 12:17:51 AM
avg-cpu:  %user   %nice %system %iowait  %steal   %idle
          93.22    0.00    4.02    1.01    0.00    1.76

Device:         rrqm/s   wrqm/s     r/s     w/s    rMB/s    wMB/s avgrq-sz avgqu-sz   await  svctm  %util
xvda              0.00     0.00   14.00    0.00     0.05     0.00     8.00     0.04    1.86   3.00   4.20

06/05/2017 12:17:52 AM
avg-cpu:  %user   %nice %system %iowait  %steal   %idle
          93.02    0.00    4.24    1.50    0.00    1.25

Device:         rrqm/s   wrqm/s     r/s     w/s    rMB/s    wMB/s avgrq-sz avgqu-sz   await  svctm  %util
xvda              0.00  3503.00    5.00  545.00     0.02    11.98    44.70   121.25  157.55   1.54  84.80

06/05/2017 12:17:53 AM
avg-cpu:  %user   %nice %system %iowait  %steal   %idle
          93.47    0.00    4.52    0.50    0.00    1.51

Device:         rrqm/s   wrqm/s     r/s     w/s    rMB/s    wMB/s avgrq-sz avgqu-sz   await  svctm  %util
xvda              0.00  3980.00    0.00  714.00     0.00    18.24    52.31   145.27  207.45   1.40 100.00

06/05/2017 12:17:54 AM
avg-cpu:  %user   %nice %system %iowait  %steal   %idle
          65.25    0.00    2.75   22.50    0.00    9.50

Device:         rrqm/s   wrqm/s     r/s     w/s    rMB/s    wMB/s avgrq-sz avgqu-sz   await  svctm  %util
xvda              0.00  2943.00   10.00  520.00     0.20    13.99    54.82   145.60  251.19   1.89 100.00

06/05/2017 12:17:55 AM
avg-cpu:  %user   %nice %system %iowait  %steal   %idle
          22.53    0.00    2.78   72.66    0.00    2.03

Device:         rrqm/s   wrqm/s     r/s     w/s    rMB/s    wMB/s avgrq-sz avgqu-sz   await  svctm  %util
xvda              0.00  5217.00    6.00  798.00     0.02    22.67    57.80   139.13  207.88   1.24 100.00

06/05/2017 12:17:56 AM
avg-cpu:  %user   %nice %system %iowait  %steal   %idle
          18.23    0.00    2.03   79.75    0.00    0.00

Device:         rrqm/s   wrqm/s     r/s     w/s    rMB/s    wMB/s avgrq-sz avgqu-sz   await  svctm  %util
xvda              0.00  5314.00    5.00  827.00     0.02    24.89    61.32   147.72  181.21   1.20 100.00

06/05/2017 12:17:57 AM
avg-cpu:  %user   %nice %system %iowait  %steal   %idle
          41.41    0.00    2.02   56.31    0.00    0.25

Device:         rrqm/s   wrqm/s     r/s     w/s    rMB/s    wMB/s avgrq-sz avgqu-sz   await  svctm  %util
xvda              0.00  5198.00    6.00  746.00     0.02    22.29    60.76   144.48  189.27   1.33 100.00

06/05/2017 12:17:58 AM
avg-cpu:  %user   %nice %system %iowait  %steal   %idle
           0.76    0.00    1.27   97.96    0.00    0.00

Device:         rrqm/s   wrqm/s     r/s     w/s    rMB/s    wMB/s avgrq-sz avgqu-sz   await  svctm  %util
xvda              0.00  5187.00    0.00  767.00     0.00    23.55    62.89   145.34  188.95   1.30 100.00

06/05/2017 12:17:59 AM
avg-cpu:  %user   %nice %system %iowait  %steal   %idle
          40.20    0.00    3.52   50.50    0.00    5.78

Device:         rrqm/s   wrqm/s     r/s     w/s    rMB/s    wMB/s avgrq-sz avgqu-sz   await  svctm  %util
xvda              0.00  3771.00    5.00  554.00     0.02    17.17    62.98   140.66  181.44   1.79 100.00

06/05/2017 12:18:00 AM
avg-cpu:  %user   %nice %system %iowait  %steal   %idle
          69.77    0.00    3.27   18.64    0.00    8.31

Device:         rrqm/s   wrqm/s     r/s     w/s    rMB/s    wMB/s avgrq-sz avgqu-sz   await  svctm  %util
xvda              0.00  4934.00    2.00  678.00     0.01    21.06    63.46   140.96  242.66   1.47 100.00

06/05/2017 12:18:01 AM
avg-cpu:  %user   %nice %system %iowait  %steal   %idle
          93.25    0.00    4.75    1.25    0.00    0.75

Device:         rrqm/s   wrqm/s     r/s     w/s    rMB/s    wMB/s avgrq-sz avgqu-sz   await  svctm  %util
xvda              0.00  5643.00    0.00  788.00     0.00    25.87    67.25   142.73  187.65   1.27 100.00

06/05/2017 12:18:02 AM
avg-cpu:  %user   %nice %system %iowait  %steal   %idle
          92.75    0.00    5.50    1.25    0.00    0.50

Device:         rrqm/s   wrqm/s     r/s     w/s    rMB/s    wMB/s avgrq-sz avgqu-sz   await  svctm  %util
xvda              0.00  7012.00    9.00  913.00     0.06    30.89    68.74   142.79  164.59   1.08 100.00

06/05/2017 12:18:03 AM
avg-cpu:  %user   %nice %system %iowait  %steal   %idle
          93.50    0.00    4.75    1.00    0.00    0.75

Device:         rrqm/s   wrqm/s     r/s     w/s    rMB/s    wMB/s avgrq-sz avgqu-sz   await  svctm  %util
xvda              4.00  4681.00    8.00  636.00     0.04    20.11    64.10   137.77  162.19   1.55 100.00

06/05/2017 12:18:04 AM
avg-cpu:  %user   %nice %system %iowait  %steal   %idle
          92.52    0.00    4.99    1.00    0.00    1.50

Device:         rrqm/s   wrqm/s     r/s     w/s    rMB/s    wMB/s avgrq-sz avgqu-sz   await  svctm  %util
xvda             92.00  7692.00   27.00  970.00     0.58    34.32    71.69   133.57  172.82   1.00 100.00

06/05/2017 12:18:05 AM
avg-cpu:  %user   %nice %system %iowait  %steal   %idle
          93.70    0.00    5.04    0.50    0.00    0.76

Device:         rrqm/s   wrqm/s     r/s     w/s    rMB/s    wMB/s avgrq-sz avgqu-sz   await  svctm  %util
xvda              0.00  9135.00   32.00 1105.00     0.73    39.04    71.63   141.43  125.31   0.88 100.00

06/05/2017 12:18:06 AM
avg-cpu:  %user   %nice %system %iowait  %steal   %idle
          59.80    0.00    5.03   34.67    0.00    0.50

Device:         rrqm/s   wrqm/s     r/s     w/s    rMB/s    wMB/s avgrq-sz avgqu-sz   await  svctm  %util
xvda              0.00  9141.00   17.00 1045.00     0.08    39.68    76.66   147.60  139.45   0.94 100.00

06/05/2017 12:18:07 AM
avg-cpu:  %user   %nice %system %iowait  %steal   %idle
          70.45    0.00    5.05   24.24    0.00    0.25

Device:         rrqm/s   wrqm/s     r/s     w/s    rMB/s    wMB/s avgrq-sz avgqu-sz   await  svctm  %util
xvda              0.00  8950.00    4.00  995.00     0.02    39.10    80.19   143.11  141.84   1.00 100.00

06/05/2017 12:18:08 AM
avg-cpu:  %user   %nice %system %iowait  %steal   %idle
          60.96    0.00    4.03   32.49    0.00    2.52

Device:         rrqm/s   wrqm/s     r/s     w/s    rMB/s    wMB/s avgrq-sz avgqu-sz   await  svctm  %util
xvda              0.00  9111.00    7.00 1003.00     0.03    39.72    80.59   143.35  142.81   0.99 100.00

06/05/2017 12:18:09 AM
avg-cpu:  %user   %nice %system %iowait  %steal   %idle
          89.47    0.00    7.02    3.26    0.00    0.25

Device:         rrqm/s   wrqm/s     r/s     w/s    rMB/s    wMB/s avgrq-sz avgqu-sz   await  svctm  %util
xvda             28.00  9247.00   32.00 1010.00     0.59    39.92    79.62   142.47  136.92   0.96 100.00

06/05/2017 12:18:10 AM
avg-cpu:  %user   %nice %system %iowait  %steal   %idle
          91.23    0.00    7.02    1.00    0.00    0.75

Device:         rrqm/s   wrqm/s     r/s     w/s    rMB/s    wMB/s avgrq-sz avgqu-sz   await  svctm  %util
xvda              0.00  5681.00   17.00  785.00     0.13    27.36    70.20   129.48  140.80   1.25 100.00

06/05/2017 12:18:11 AM
avg-cpu:  %user   %nice %system %iowait  %steal   %idle
          90.30    0.00    6.47    0.75    0.00    2.49

Device:         rrqm/s   wrqm/s     r/s     w/s    rMB/s    wMB/s avgrq-sz avgqu-sz   await  svctm  %util
xvda             56.00  7567.00   38.00  942.00     0.80    31.71    67.94   145.89  165.94   1.02 100.40

06/05/2017 12:18:12 AM
avg-cpu:  %user   %nice %system %iowait  %steal   %idle
          93.25    0.00    5.50    0.00    0.00    1.25

Device:         rrqm/s   wrqm/s     r/s     w/s    rMB/s    wMB/s avgrq-sz avgqu-sz   await  svctm  %util
xvda             29.00  8491.00   14.00 1010.00     0.27    36.61    73.75   142.14  138.00   0.98 100.00

06/05/2017 12:18:13 AM
avg-cpu:  %user   %nice %system %iowait  %steal   %idle
          92.46    0.00    5.03    0.75    0.00    1.76

Device:         rrqm/s   wrqm/s     r/s     w/s    rMB/s    wMB/s avgrq-sz avgqu-sz   await  svctm  %util
xvda             27.00  8766.00   20.00 1028.00     0.30    38.50    75.82   145.55  136.28   0.95 100.00

06/05/2017 12:18:14 AM
avg-cpu:  %user   %nice %system %iowait  %steal   %idle
          91.77    0.00    5.49    1.50    0.00    1.25

Device:         rrqm/s   wrqm/s     r/s     w/s    rMB/s    wMB/s avgrq-sz avgqu-sz   await  svctm  %util
xvda              0.00  9497.00    7.00 1039.00     0.09    40.80    80.08   145.21  139.19   0.96 100.00

06/05/2017 12:18:15 AM
avg-cpu:  %user   %nice %system %iowait  %steal   %idle
          93.50    0.00    5.00    0.25    0.00    1.25

Device:         rrqm/s   wrqm/s     r/s     w/s    rMB/s    wMB/s avgrq-sz avgqu-sz   await  svctm  %util
xvda              0.00  9347.00    9.00  996.00     0.11    39.95    81.63   144.05  144.96   1.00 100.00

06/05/2017 12:18:16 AM
avg-cpu:  %user   %nice %system %iowait  %steal   %idle
          93.23    0.00    5.51    0.50    0.00    0.75

Device:         rrqm/s   wrqm/s     r/s     w/s    rMB/s    wMB/s avgrq-sz avgqu-sz   await  svctm  %util
xvda              0.00  4809.00    8.00  599.00     0.08    22.18    75.10    86.16  137.40   1.65  99.90

06/05/2017 12:18:17 AM
avg-cpu:  %user   %nice %system %iowait  %steal   %idle
          92.48    0.00    5.51    0.25    0.00    1.75

Device:         rrqm/s   wrqm/s     r/s     w/s    rMB/s    wMB/s avgrq-sz avgqu-sz   await  svctm  %util
xvda              0.00  8758.00    3.00 1012.00     0.01    37.13    74.94   142.73  140.47   0.99 100.00

06/05/2017 12:18:18 AM
avg-cpu:  %user   %nice %system %iowait  %steal   %idle
          94.01    0.00    4.49    0.25    0.00    1.25

Device:         rrqm/s   wrqm/s     r/s     w/s    rMB/s    wMB/s avgrq-sz avgqu-sz   await  svctm  %util
xvda              0.00  9572.00   11.00 1035.00     0.04    41.15    80.65   140.72  137.44   0.96 100.00

06/05/2017 12:18:19 AM
avg-cpu:  %user   %nice %system %iowait  %steal   %idle
          93.00    0.00    5.00    0.50    0.00    1.50

Device:         rrqm/s   wrqm/s     r/s     w/s    rMB/s    wMB/s avgrq-sz avgqu-sz   await  svctm  %util
xvda              0.00  8897.00    4.00  976.00     0.02    38.82    81.17   142.32  145.54   1.02 100.00

06/05/2017 12:18:20 AM
avg-cpu:  %user   %nice %system %iowait  %steal   %idle
          93.52    0.00    4.99    0.50    0.00    1.00

Device:         rrqm/s   wrqm/s     r/s     w/s    rMB/s    wMB/s avgrq-sz avgqu-sz   await  svctm  %util
xvda              0.00  8647.00    0.00  973.00     0.00    38.42    80.87   142.64  146.41   1.03 100.00

06/05/2017 12:18:21 AM
avg-cpu:  %user   %nice %system %iowait  %steal   %idle
          91.73    0.00    5.01    2.26    0.00    1.00

Device:         rrqm/s   wrqm/s     r/s     w/s    rMB/s    wMB/s avgrq-sz avgqu-sz   await  svctm  %util
xvda              0.00  7679.00    2.00  782.00     0.01    31.79    83.07   145.54  184.12   1.28 100.00

06/05/2017 12:18:22 AM
avg-cpu:  %user   %nice %system %iowait  %steal   %idle
          84.75    0.25    6.00    8.75    0.00    0.25

Device:         rrqm/s   wrqm/s     r/s     w/s    rMB/s    wMB/s avgrq-sz avgqu-sz   await  svctm  %util
xvda              0.00  8457.00    7.00  950.00     0.03    39.33    84.22   141.31  147.85   1.04 100.00

06/05/2017 12:18:23 AM
avg-cpu:  %user   %nice %system %iowait  %steal   %idle
          79.85    0.00    5.29   14.61    0.00    0.25

Device:         rrqm/s   wrqm/s     r/s     w/s    rMB/s    wMB/s avgrq-sz avgqu-sz   await  svctm  %util
xvda              0.00  6224.00   23.00  752.00     0.45    25.58    68.77   118.09  145.28   1.29 100.00

06/05/2017 12:18:24 AM
avg-cpu:  %user   %nice %system %iowait  %steal   %idle
          76.00    0.00    5.25   18.50    0.00    0.25

Device:         rrqm/s   wrqm/s     r/s     w/s    rMB/s    wMB/s avgrq-sz avgqu-sz   await  svctm  %util
xvda              0.00  9214.00   16.00 1040.00     0.18    39.66    77.27   141.77  137.67   0.95 100.00

06/05/2017 12:18:25 AM
avg-cpu:  %user   %nice %system %iowait  %steal   %idle
          88.94    0.00    5.78    5.03    0.00    0.25

Device:         rrqm/s   wrqm/s     r/s     w/s    rMB/s    wMB/s avgrq-sz avgqu-sz   await  svctm  %util
xvda             28.00  8683.00   15.00 1010.00     0.25    38.18    76.78   142.87  141.04   0.98 100.00

06/05/2017 12:18:26 AM
avg-cpu:  %user   %nice %system %iowait  %steal   %idle
          93.27    0.00    5.24    0.50    0.00    1.00

Device:         rrqm/s   wrqm/s     r/s     w/s    rMB/s    wMB/s avgrq-sz avgqu-sz   await  svctm  %util
xvda              0.00  7332.00   22.00  846.00     0.85    32.01    77.53   144.85  168.18   1.15 100.00

06/05/2017 12:18:27 AM
avg-cpu:  %user   %nice %system %iowait  %steal   %idle
          91.48    0.00    5.76    0.75    0.00    2.01

Device:         rrqm/s   wrqm/s     r/s     w/s    rMB/s    wMB/s avgrq-sz avgqu-sz   await  svctm  %util
xvda             29.00  9314.00   26.00 1085.00     0.64    41.11    76.95   144.18  128.01   0.90 100.00

06/05/2017 12:18:28 AM
avg-cpu:  %user   %nice %system %iowait  %steal   %idle
          93.25    0.00    5.50    0.50    0.00    0.75

Device:         rrqm/s   wrqm/s     r/s     w/s    rMB/s    wMB/s avgrq-sz avgqu-sz   await  svctm  %util
xvda              0.00  9138.00    2.00 1000.00     0.01    38.76    79.25   142.45  138.31   1.00 100.10

06/05/2017 12:18:29 AM
avg-cpu:  %user   %nice %system %iowait  %steal   %idle
          91.96    0.00    5.53    0.50    0.00    2.01

Device:         rrqm/s   wrqm/s     r/s     w/s    rMB/s    wMB/s avgrq-sz avgqu-sz   await  svctm  %util
xvda              0.00  9061.00    0.00 1033.00     0.00    39.71    78.72   131.67  138.44   0.97  99.80

06/05/2017 12:18:30 AM
avg-cpu:  %user   %nice %system %iowait  %steal   %idle
          93.02    0.00    4.99    0.50    0.00    1.50

Device:         rrqm/s   wrqm/s     r/s     w/s    rMB/s    wMB/s avgrq-sz avgqu-sz   await  svctm  %util
xvda              0.00  8500.00    0.00 1012.00     0.00    37.15    75.19   146.57  138.01   0.99 100.10

06/05/2017 12:18:31 AM
avg-cpu:  %user   %nice %system %iowait  %steal   %idle
          91.98    0.00    5.01    0.25    0.00    2.76

Device:         rrqm/s   wrqm/s     r/s     w/s    rMB/s    wMB/s avgrq-sz avgqu-sz   await  svctm  %util
xvda              0.00  8960.00    0.00  987.00     0.00    38.99    80.91   144.02  147.01   1.01 100.00

06/05/2017 12:18:32 AM
avg-cpu:  %user   %nice %system %iowait  %steal   %idle
          92.75    0.00    5.00    0.50    0.00    1.75

Device:         rrqm/s   wrqm/s     r/s     w/s    rMB/s    wMB/s avgrq-sz avgqu-sz   await  svctm  %util
xvda              0.00  9103.00    6.00  983.00     0.12    39.34    81.72   145.34  139.36   1.01 100.00

06/05/2017 12:18:33 AM
avg-cpu:  %user   %nice %system %iowait  %steal   %idle
          93.52    0.00    5.24    0.25    0.00    1.00

Device:         rrqm/s   wrqm/s     r/s     w/s    rMB/s    wMB/s avgrq-sz avgqu-sz   await  svctm  %util
xvda              0.00  9402.00    1.00 1025.00     0.00    40.32    80.49   146.29  146.50   0.98 100.10

06/05/2017 12:18:34 AM
avg-cpu:  %user   %nice %system %iowait  %steal   %idle
          92.71    0.00    4.77    1.01    0.00    1.51

Device:         rrqm/s   wrqm/s     r/s     w/s    rMB/s    wMB/s avgrq-sz avgqu-sz   await  svctm  %util
xvda              0.00  9148.00    6.00 1029.00     0.15    39.46    78.38   143.75  140.75   0.97  99.90

06/05/2017 12:18:35 AM
avg-cpu:  %user   %nice %system %iowait  %steal   %idle
          92.50    0.00    5.25    0.50    0.00    1.75

Device:         rrqm/s   wrqm/s     r/s     w/s    rMB/s    wMB/s avgrq-sz avgqu-sz   await  svctm  %util
xvda              0.00  9139.00    2.00 1016.00     0.01    40.40    81.30   144.26  143.53   0.98 100.10

06/05/2017 12:18:36 AM
avg-cpu:  %user   %nice %system %iowait  %steal   %idle
          92.00    0.00    5.75    0.25    0.00    2.00

Device:         rrqm/s   wrqm/s     r/s     w/s    rMB/s    wMB/s avgrq-sz avgqu-sz   await  svctm  %util
xvda              0.00  7838.00    0.00  952.00     0.00    34.18    73.52   133.43  140.88   1.05  99.80

06/05/2017 12:18:37 AM
avg-cpu:  %user   %nice %system %iowait  %steal   %idle
          93.72    0.00    4.52    0.50    0.00    1.26

Device:         rrqm/s   wrqm/s     r/s     w/s    rMB/s    wMB/s avgrq-sz avgqu-sz   await  svctm  %util
xvda              0.00  9267.00    0.00 1035.00     0.00    40.00    79.16   145.23  136.62   0.97 100.00

06/05/2017 12:18:38 AM
avg-cpu:  %user   %nice %system %iowait  %steal   %idle
          91.52    0.00    5.49    0.75    0.00    2.24

Device:         rrqm/s   wrqm/s     r/s     w/s    rMB/s    wMB/s avgrq-sz avgqu-sz   await  svctm  %util
xvda              0.00  8838.00    0.00  944.00     0.00    38.32    83.14   143.47  150.53   1.06 100.00

06/05/2017 12:18:39 AM
avg-cpu:  %user   %nice %system %iowait  %steal   %idle
          92.75    0.00    5.50    0.25    0.00    1.50

Device:         rrqm/s   wrqm/s     r/s     w/s    rMB/s    wMB/s avgrq-sz avgqu-sz   await  svctm  %util
xvda              0.00  9475.00    1.00 1048.00     0.00    41.44    80.92   142.68  138.24   0.95 100.00

06/05/2017 12:18:40 AM
avg-cpu:  %user   %nice %system %iowait  %steal   %idle
          93.25    0.00    4.50    0.75    0.00    1.50

Device:         rrqm/s   wrqm/s     r/s     w/s    rMB/s    wMB/s avgrq-sz avgqu-sz   await  svctm  %util
xvda              0.00  9056.00    6.00  958.00     0.03    38.39    81.61   142.86  150.39   1.04 100.00

06/05/2017 12:18:41 AM
avg-cpu:  %user   %nice %system %iowait  %steal   %idle
          93.25    0.00    5.50    0.25    0.00    1.00

Device:         rrqm/s   wrqm/s     r/s     w/s    rMB/s    wMB/s avgrq-sz avgqu-sz   await  svctm  %util
xvda              0.00  7127.00    2.00  748.00     0.01    30.62    83.65   146.87  140.93   1.33 100.00

06/05/2017 12:18:42 AM
avg-cpu:  %user   %nice %system %iowait  %steal   %idle
          92.96    0.00    5.28    0.50    0.00    1.26

Device:         rrqm/s   wrqm/s     r/s     w/s    rMB/s    wMB/s avgrq-sz avgqu-sz   await  svctm  %util
xvda              0.00  4977.00    5.00  594.00     0.05    22.34    76.57   128.29  276.05   1.67 100.00

06/05/2017 12:18:43 AM
avg-cpu:  %user   %nice %system %iowait  %steal   %idle
          93.25    0.00    5.75    0.25    0.00    0.75

Device:         rrqm/s   wrqm/s     r/s     w/s    rMB/s    wMB/s avgrq-sz avgqu-sz   await  svctm  %util
xvda              0.00  8743.00   15.00 1046.00     0.17    38.60    74.84   142.60  135.79   0.94 100.00

06/05/2017 12:18:44 AM
avg-cpu:  %user   %nice %system %iowait  %steal   %idle
          93.50    0.00    5.25    0.50    0.00    0.75

Device:         rrqm/s   wrqm/s     r/s     w/s    rMB/s    wMB/s avgrq-sz avgqu-sz   await  svctm  %util
xvda              0.00  9220.00    6.00  999.00     0.02    39.93    81.42   144.50  142.58   1.00 100.00

06/05/2017 12:18:45 AM
avg-cpu:  %user   %nice %system %iowait  %steal   %idle
          94.00    0.00    4.75    0.25    0.00    1.00

Device:         rrqm/s   wrqm/s     r/s     w/s    rMB/s    wMB/s avgrq-sz avgqu-sz   await  svctm  %util
xvda              0.00  9425.00    0.00 1034.00     0.00    40.12    79.47   142.92  139.26   0.97 100.20

06/05/2017 12:18:46 AM
avg-cpu:  %user   %nice %system %iowait  %steal   %idle
          94.24    0.00    4.76    0.25    0.00    0.75

Device:         rrqm/s   wrqm/s     r/s     w/s    rMB/s    wMB/s avgrq-sz avgqu-sz   await  svctm  %util
xvda              0.00  8172.28    2.97  879.21     0.05    35.07    81.52   143.74  160.74   1.12  99.11

06/05/2017 12:18:47 AM
avg-cpu:  %user   %nice %system %iowait  %steal   %idle
          93.27    0.00    5.24    0.50    0.00    1.00

Device:         rrqm/s   wrqm/s     r/s     w/s    rMB/s    wMB/s avgrq-sz avgqu-sz   await  svctm  %util
xvda              0.00  9347.00    0.00 1000.00     0.00    41.18    84.34   141.56  143.72   1.00 100.00

06/05/2017 12:18:48 AM
avg-cpu:  %user   %nice %system %iowait  %steal   %idle
          93.48    0.00    5.51    0.25    0.00    0.75

Device:         rrqm/s   wrqm/s     r/s     w/s    rMB/s    wMB/s avgrq-sz avgqu-sz   await  svctm  %util
xvda              0.00  6278.00    2.00  649.00     0.01    27.11    85.31   145.62  169.79   1.54 100.00

06/05/2017 12:18:49 AM
avg-cpu:  %user   %nice %system %iowait  %steal   %idle
          93.47    0.00    3.77    1.76    0.00    1.01

Device:         rrqm/s   wrqm/s     r/s     w/s    rMB/s    wMB/s avgrq-sz avgqu-sz   await  svctm  %util
xvda              0.00     0.00    0.00    0.00     0.00     0.00     0.00   134.00    0.00   0.00 100.00

06/05/2017 12:18:50 AM
avg-cpu:  %user   %nice %system %iowait  %steal   %idle
          49.12    0.00    4.26   46.37    0.00    0.25

Device:         rrqm/s   wrqm/s     r/s     w/s    rMB/s    wMB/s avgrq-sz avgqu-sz   await  svctm  %util
xvda              0.00  8926.00   28.00  927.00     0.55    38.12    82.92   141.09  316.75   1.05 100.00

06/05/2017 12:18:51 AM
avg-cpu:  %user   %nice %system %iowait  %steal   %idle
          10.18    0.00    1.53   87.28    0.00    1.02

Device:         rrqm/s   wrqm/s     r/s     w/s    rMB/s    wMB/s avgrq-sz avgqu-sz   await  svctm  %util
xvda              0.00  8151.00   11.00 1022.00     0.04    36.50    72.45   128.14  132.55   0.97  99.70

06/05/2017 12:18:52 AM
avg-cpu:  %user   %nice %system %iowait  %steal   %idle
          20.00    0.00    2.28   77.47    0.00    0.25

Device:         rrqm/s   wrqm/s     r/s     w/s    rMB/s    wMB/s avgrq-sz avgqu-sz   await  svctm  %util
xvda              0.00  9215.00    6.00 1053.00     0.02    40.30    77.98   141.66  135.45   0.94 100.00

06/05/2017 12:18:53 AM
avg-cpu:  %user   %nice %system %iowait  %steal   %idle
           3.05    0.00    2.04   94.91    0.00    0.00

Device:         rrqm/s   wrqm/s     r/s     w/s    rMB/s    wMB/s avgrq-sz avgqu-sz   await  svctm  %util
xvda              0.00  9355.00   10.00 1055.00     0.04    40.11    77.21   143.32  133.48   0.94 100.00

06/05/2017 12:18:54 AM
avg-cpu:  %user   %nice %system %iowait  %steal   %idle
           6.11    0.00    2.29   91.60    0.00    0.00

Device:         rrqm/s   wrqm/s     r/s     w/s    rMB/s    wMB/s avgrq-sz avgqu-sz   await  svctm  %util
xvda              0.00  8988.00    7.00 1044.00     0.03    39.92    77.85   143.08  133.71   0.95 100.00

06/05/2017 12:18:55 AM
avg-cpu:  %user   %nice %system %iowait  %steal   %idle
           7.11    0.00    2.28   87.56    0.00    3.05

Device:         rrqm/s   wrqm/s     r/s     w/s    rMB/s    wMB/s avgrq-sz avgqu-sz   await  svctm  %util
xvda              0.00  9176.00   24.00 1023.00     0.74    39.49    78.69   144.10  135.28   0.96 100.00

06/05/2017 12:18:56 AM
avg-cpu:  %user   %nice %system %iowait  %steal   %idle
          17.26    0.00    2.03   67.26    0.00   13.45

Device:         rrqm/s   wrqm/s     r/s     w/s    rMB/s    wMB/s avgrq-sz avgqu-sz   await  svctm  %util
xvda              0.00  6378.00    6.00  881.00     0.02    29.58    68.35   129.58  134.84   1.11  98.60

06/05/2017 12:18:57 AM
avg-cpu:  %user   %nice %system %iowait  %steal   %idle
          69.60    0.00    3.77   15.58    0.00   11.06

Device:         rrqm/s   wrqm/s     r/s     w/s    rMB/s    wMB/s avgrq-sz avgqu-sz   await  svctm  %util
xvda              0.00  1500.00   10.00  356.00     0.05    10.64    59.80    67.08  257.95   1.53  55.90

06/05/2017 12:18:58 AM
avg-cpu:  %user   %nice %system %iowait  %steal   %idle
          94.24    0.00    3.51    0.00    0.00    2.26

Device:         rrqm/s   wrqm/s     r/s     w/s    rMB/s    wMB/s avgrq-sz avgqu-sz   await  svctm  %util
xvda              0.00     0.00    0.00    0.00     0.00     0.00     0.00     0.00    0.00   0.00   0.00

06/05/2017 12:18:59 AM
avg-cpu:  %user   %nice %system %iowait  %steal   %idle
          94.75    0.00    4.00    0.00    0.00    1.25

Device:         rrqm/s   wrqm/s     r/s     w/s    rMB/s    wMB/s avgrq-sz avgqu-sz   await  svctm  %util
xvda              0.00     0.00    0.00    0.00     0.00     0.00     0.00     0.00    0.00   0.00   0.00

06/05/2017 12:19:00 AM
avg-cpu:  %user   %nice %system %iowait  %steal   %idle
          94.49    0.00    4.26    0.00    0.00    1.25

Device:         rrqm/s   wrqm/s     r/s     w/s    rMB/s    wMB/s avgrq-sz avgqu-sz   await  svctm  %util
xvda              0.00     0.00    0.00    0.00     0.00     0.00     0.00     0.00    0.00   0.00   0.00

06/05/2017 12:19:01 AM
avg-cpu:  %user   %nice %system %iowait  %steal   %idle
          94.24    0.00    5.01    0.00    0.00    0.75

Device:         rrqm/s   wrqm/s     r/s     w/s    rMB/s    wMB/s avgrq-sz avgqu-sz   await  svctm  %util
xvda              0.00  4141.00    1.00  337.00     0.00    12.09    73.30    45.79   90.01   0.93  31.50

06/05/2017 12:19:02 AM
avg-cpu:  %user   %nice %system %iowait  %steal   %idle
          70.93    0.00    7.27    5.01    0.00   16.79

Device:         rrqm/s   wrqm/s     r/s     w/s    rMB/s    wMB/s avgrq-sz avgqu-sz   await  svctm  %util
xvda              0.00  5725.00    0.00  630.00     0.00    25.45    82.74   137.07  136.19   1.59 100.00

06/05/2017 12:19:03 AM
avg-cpu:  %user   %nice %system %iowait  %steal   %idle
          45.82    0.00    6.84   34.43    0.00   12.91

Device:         rrqm/s   wrqm/s     r/s     w/s    rMB/s    wMB/s avgrq-sz avgqu-sz   await  svctm  %util
xvda             58.00  9218.00   15.00  999.00     0.35    39.91    81.32   141.28  191.84   0.99 100.00

06/05/2017 12:19:04 AM
avg-cpu:  %user   %nice %system %iowait  %steal   %idle
          91.98    0.00    7.27    0.75    0.00    0.00

Device:         rrqm/s   wrqm/s     r/s     w/s    rMB/s    wMB/s avgrq-sz avgqu-sz   await  svctm  %util
xvda              0.00  9324.00    5.00 1016.00     0.04    40.09    80.49   145.41  143.60   0.98 100.00

06/05/2017 12:19:05 AM
avg-cpu:  %user   %nice %system %iowait  %steal   %idle
          96.25    0.00    2.75    0.50    0.00    0.50

Device:         rrqm/s   wrqm/s     r/s     w/s    rMB/s    wMB/s avgrq-sz avgqu-sz   await  svctm  %util
xvda              0.00  8534.00   12.00  923.00     0.14    37.09    81.55   142.64  146.81   1.07 100.00

06/05/2017 12:19:06 AM
avg-cpu:  %user   %nice %system %iowait  %steal   %idle
          93.00    0.00    4.25    1.00    0.00    1.75

Device:         rrqm/s   wrqm/s     r/s     w/s    rMB/s    wMB/s avgrq-sz avgqu-sz   await  svctm  %util
xvda              0.00  9250.00   11.00 1026.00     0.15    40.46    80.21   144.17  138.57   0.97 100.10

06/05/2017 12:19:07 AM
avg-cpu:  %user   %nice %system %iowait  %steal   %idle
          91.98    0.00    6.02    0.75    0.00    1.25

Device:         rrqm/s   wrqm/s     r/s     w/s    rMB/s    wMB/s avgrq-sz avgqu-sz   await  svctm  %util
xvda              0.00  2079.00    1.00  210.00     0.00     8.21    79.70   166.55  265.35   4.73  99.90

06/05/2017 12:19:08 AM
avg-cpu:  %user   %nice %system %iowait  %steal   %idle
          91.25    0.00    3.25    1.25    0.00    4.25

Device:         rrqm/s   wrqm/s     r/s     w/s    rMB/s    wMB/s avgrq-sz avgqu-sz   await  svctm  %util
xvda              0.00  4702.00   18.00  622.00     0.47    21.73    71.04   138.67  391.28   1.56 100.10

06/05/2017 12:19:09 AM
avg-cpu:  %user   %nice %system %iowait  %steal   %idle
          44.72    0.00    2.51   13.57    0.00   39.20

Device:         rrqm/s   wrqm/s     r/s     w/s    rMB/s    wMB/s avgrq-sz avgqu-sz   await  svctm  %util
xvda              0.00     0.00   85.00  133.00     0.88     4.93    54.53    11.50  129.98   4.43  96.50

06/05/2017 12:19:10 AM
avg-cpu:  %user   %nice %system %iowait  %steal   %idle
          94.72    0.00    3.52    0.00    0.00    1.76

Device:         rrqm/s   wrqm/s     r/s     w/s    rMB/s    wMB/s avgrq-sz avgqu-sz   await  svctm  %util
xvda              0.00     0.00  101.00    0.00     0.99     0.00    20.04     0.23    2.42   1.87  18.90

06/05/2017 12:19:11 AM
avg-cpu:  %user   %nice %system %iowait  %steal   %idle
          93.00    0.00    3.50    0.00    0.00    3.50

Device:         rrqm/s   wrqm/s     r/s     w/s    rMB/s    wMB/s avgrq-sz avgqu-sz   await  svctm  %util
xvda              0.00     0.00    0.00    0.00     0.00     0.00     0.00     0.00    0.00   0.00   0.00

06/05/2017 12:19:12 AM
avg-cpu:  %user   %nice %system %iowait  %steal   %idle
          94.75    0.00    2.25    0.00    0.00    3.00

Device:         rrqm/s   wrqm/s     r/s     w/s    rMB/s    wMB/s avgrq-sz avgqu-sz   await  svctm  %util
xvda              0.00     0.00    0.00    0.00     0.00     0.00     0.00     0.00    0.00   0.00   0.00

06/05/2017 12:19:13 AM
avg-cpu:  %user   %nice %system %iowait  %steal   %idle
          94.01    0.00    2.74    0.00    0.00    3.24

Device:         rrqm/s   wrqm/s     r/s     w/s    rMB/s    wMB/s avgrq-sz avgqu-sz   await  svctm  %util
xvda              0.00    62.00    3.00   41.00     0.02     0.40    19.82     0.43    9.80   0.91   4.00

06/05/2017 12:19:14 AM
avg-cpu:  %user   %nice %system %iowait  %steal   %idle
          95.23    0.00    2.01    0.00    0.00    2.76

Device:         rrqm/s   wrqm/s     r/s     w/s    rMB/s    wMB/s avgrq-sz avgqu-sz   await  svctm  %util
xvda              0.00     0.00    0.00    0.00     0.00     0.00     0.00     0.00    0.00   0.00   0.00

06/05/2017 12:19:15 AM
avg-cpu:  %user   %nice %system %iowait  %steal   %idle
          95.98    0.00    1.76    0.00    0.00    2.26

Device:         rrqm/s   wrqm/s     r/s     w/s    rMB/s    wMB/s avgrq-sz avgqu-sz   await  svctm  %util
xvda              0.00     0.00    0.00    0.00     0.00     0.00     0.00     0.00    0.00   0.00   0.00

06/05/2017 12:19:16 AM
avg-cpu:  %user   %nice %system %iowait  %steal   %idle
          94.99    0.00    1.75    0.00    0.00    3.26

Device:         rrqm/s   wrqm/s     r/s     w/s    rMB/s    wMB/s avgrq-sz avgqu-sz   await  svctm  %util
xvda              0.00     0.00    0.00    0.00     0.00     0.00     0.00     0.00    0.00   0.00   0.00

06/05/2017 12:19:17 AM
avg-cpu:  %user   %nice %system %iowait  %steal   %idle
          93.77    0.00    2.74    0.00    0.00    3.49

Device:         rrqm/s   wrqm/s     r/s     w/s    rMB/s    wMB/s avgrq-sz avgqu-sz   await  svctm  %util
xvda              0.00     0.00    0.00    0.00     0.00     0.00     0.00     0.00    0.00   0.00   0.00

06/05/2017 12:19:18 AM
avg-cpu:  %user   %nice %system %iowait  %steal   %idle
          94.74    0.00    2.76    0.00    0.00    2.51

Device:         rrqm/s   wrqm/s     r/s     w/s    rMB/s    wMB/s avgrq-sz avgqu-sz   await  svctm  %util
xvda              0.00    66.00    0.00   41.00     0.00     0.42    20.88     0.41    9.98   0.54   2.20

06/05/2017 12:19:19 AM
avg-cpu:  %user   %nice %system %iowait  %steal   %idle
          95.24    0.00    2.01    0.25    0.00    2.51

Device:         rrqm/s   wrqm/s     r/s     w/s    rMB/s    wMB/s avgrq-sz avgqu-sz   await  svctm  %util
xvda              0.00     0.00   38.00    0.00     0.21     0.00    11.16     0.32    8.42   0.87   3.30

06/05/2017 12:19:20 AM
avg-cpu:  %user   %nice %system %iowait  %steal   %idle
          93.22    0.00    2.51    0.00    0.00    4.27

Device:         rrqm/s   wrqm/s     r/s     w/s    rMB/s    wMB/s avgrq-sz avgqu-sz   await  svctm  %util
xvda              0.00     0.00    0.00    0.00     0.00     0.00     0.00     0.00    0.00   0.00   0.00

06/05/2017 12:19:21 AM
avg-cpu:  %user   %nice %system %iowait  %steal   %idle
          94.51    0.00    1.75    0.00    0.00    3.74

Device:         rrqm/s   wrqm/s     r/s     w/s    rMB/s    wMB/s avgrq-sz avgqu-sz   await  svctm  %util
xvda              0.00     0.00    0.00    0.00     0.00     0.00     0.00     0.00    0.00   0.00   0.00

06/05/2017 12:19:22 AM
avg-cpu:  %user   %nice %system %iowait  %steal   %idle
          94.99    0.00    2.76    0.00    0.00    2.26

Device:         rrqm/s   wrqm/s     r/s     w/s    rMB/s    wMB/s avgrq-sz avgqu-sz   await  svctm  %util
xvda              0.00     0.00    0.00    0.00     0.00     0.00     0.00     0.00    0.00   0.00   0.00

06/05/2017 12:19:23 AM
avg-cpu:  %user   %nice %system %iowait  %steal   %idle
          95.50    0.00    2.50    0.00    0.00    2.00

Device:         rrqm/s   wrqm/s     r/s     w/s    rMB/s    wMB/s avgrq-sz avgqu-sz   await  svctm  %util
xvda              0.00    41.58    0.00   38.61     0.00     0.31    16.62     0.52   13.54   0.74   2.87

06/05/2017 12:19:24 AM
avg-cpu:  %user   %nice %system %iowait  %steal   %idle
          95.24    0.00    2.26    0.00    0.00    2.51

Device:         rrqm/s   wrqm/s     r/s     w/s    rMB/s    wMB/s avgrq-sz avgqu-sz   await  svctm  %util
xvda              0.00     0.00    0.00    0.00     0.00     0.00     0.00     0.00    0.00   0.00   0.00

06/05/2017 12:19:25 AM
avg-cpu:  %user   %nice %system %iowait  %steal   %idle
          94.76    0.00    2.49    0.00    0.00    2.74

Device:         rrqm/s   wrqm/s     r/s     w/s    rMB/s    wMB/s avgrq-sz avgqu-sz   await  svctm  %util
xvda              0.00     0.00    0.00    0.00     0.00     0.00     0.00     0.00    0.00   0.00   0.00

06/05/2017 12:19:26 AM
avg-cpu:  %user   %nice %system %iowait  %steal   %idle
          95.49    0.00    2.01    0.00    0.00    2.51

Device:         rrqm/s   wrqm/s     r/s     w/s    rMB/s    wMB/s avgrq-sz avgqu-sz   await  svctm  %util
xvda              0.00     0.00    0.00    0.00     0.00     0.00     0.00     0.00    0.00   0.00   0.00

06/05/2017 12:19:27 AM
avg-cpu:  %user   %nice %system %iowait  %steal   %idle
          94.24    0.00    2.51    0.00    0.00    3.26

Device:         rrqm/s   wrqm/s     r/s     w/s    rMB/s    wMB/s avgrq-sz avgqu-sz   await  svctm  %util
xvda              0.00     0.00    0.00    0.00     0.00     0.00     0.00     0.00    0.00   0.00   0.00

06/05/2017 12:19:28 AM
avg-cpu:  %user   %nice %system %iowait  %steal   %idle
          94.00    0.00    2.25    0.00    0.00    3.75

Device:         rrqm/s   wrqm/s     r/s     w/s    rMB/s    wMB/s avgrq-sz avgqu-sz   await  svctm  %util
xvda              0.00    44.00    0.00   44.00     0.00     0.34    16.00     0.39    8.82   0.57   2.50

06/05/2017 12:19:29 AM
avg-cpu:  %user   %nice %system %iowait  %steal   %idle
          93.73    0.00    3.01    0.00    0.00    3.26

Device:         rrqm/s   wrqm/s     r/s     w/s    rMB/s    wMB/s avgrq-sz avgqu-sz   await  svctm  %util
xvda              0.00     0.00    0.00    0.00     0.00     0.00     0.00     0.00    0.00   0.00   0.00

06/05/2017 12:19:30 AM
avg-cpu:  %user   %nice %system %iowait  %steal   %idle
          95.02    0.00    2.24    0.00    0.00    2.74

Device:         rrqm/s   wrqm/s     r/s     w/s    rMB/s    wMB/s avgrq-sz avgqu-sz   await  svctm  %util
xvda              0.00     0.00    0.00    0.00     0.00     0.00     0.00     0.00    0.00   0.00   0.00

06/05/2017 12:19:31 AM
avg-cpu:  %user   %nice %system %iowait  %steal   %idle
          94.26    0.00    2.00    0.00    0.00    3.74

Device:         rrqm/s   wrqm/s     r/s     w/s    rMB/s    wMB/s avgrq-sz avgqu-sz   await  svctm  %util
xvda              0.00     0.00    0.00    0.00     0.00     0.00     0.00     0.00    0.00   0.00   0.00

06/05/2017 12:19:32 AM
avg-cpu:  %user   %nice %system %iowait  %steal   %idle
          94.75    0.00    2.25    0.00    0.00    3.00

Device:         rrqm/s   wrqm/s     r/s     w/s    rMB/s    wMB/s avgrq-sz avgqu-sz   await  svctm  %util
xvda              0.00     0.00    0.00    0.00     0.00     0.00     0.00     0.00    0.00   0.00   0.00

06/05/2017 12:19:33 AM
avg-cpu:  %user   %nice %system %iowait  %steal   %idle
          94.71    0.00    2.52    0.00    0.00    2.77

Device:         rrqm/s   wrqm/s     r/s     w/s    rMB/s    wMB/s avgrq-sz avgqu-sz   await  svctm  %util
xvda              0.00    53.00    2.00   40.00     0.01     0.36    18.10     0.50   11.93   3.88  16.30

06/05/2017 12:19:34 AM
avg-cpu:  %user   %nice %system %iowait  %steal   %idle
          94.76    0.00    2.24    0.00    0.00    2.99

Device:         rrqm/s   wrqm/s     r/s     w/s    rMB/s    wMB/s avgrq-sz avgqu-sz   await  svctm  %util
xvda              0.00     0.00    0.00    0.00     0.00     0.00     0.00     0.00    0.00   0.00   0.00

06/05/2017 12:19:35 AM
avg-cpu:  %user   %nice %system %iowait  %steal   %idle
          94.25    0.00    2.00    0.00    0.00    3.75

Device:         rrqm/s   wrqm/s     r/s     w/s    rMB/s    wMB/s avgrq-sz avgqu-sz   await  svctm  %util
xvda              0.00     0.00    0.00    0.00     0.00     0.00     0.00     0.00    0.00   0.00   0.00

06/05/2017 12:19:36 AM
avg-cpu:  %user   %nice %system %iowait  %steal   %idle
          95.74    0.00    2.26    0.00    0.00    2.01

Device:         rrqm/s   wrqm/s     r/s     w/s    rMB/s    wMB/s avgrq-sz avgqu-sz   await  svctm  %util
xvda              0.00     0.00    0.00    0.00     0.00     0.00     0.00     0.00    0.00   0.00   0.00

06/05/2017 12:19:37 AM
avg-cpu:  %user   %nice %system %iowait  %steal   %idle
          95.00    0.00    2.50    0.00    0.00    2.50

Device:         rrqm/s   wrqm/s     r/s     w/s    rMB/s    wMB/s avgrq-sz avgqu-sz   await  svctm  %util
xvda              0.00     0.00    0.00    0.00     0.00     0.00     0.00     0.00    0.00   0.00   0.00

06/05/2017 12:19:38 AM
avg-cpu:  %user   %nice %system %iowait  %steal   %idle
          94.00    0.00    3.25    0.50    0.00    2.25

Device:         rrqm/s   wrqm/s     r/s     w/s    rMB/s    wMB/s avgrq-sz avgqu-sz   await  svctm  %util
xvda              0.00   471.00    0.00  178.00     0.00     1.41    16.27    53.51  123.16   2.05  36.50

06/05/2017 12:19:39 AM
avg-cpu:  %user   %nice %system %iowait  %steal   %idle
          79.35    0.00    2.02    0.25    0.00   18.39

Device:         rrqm/s   wrqm/s     r/s     w/s    rMB/s    wMB/s avgrq-sz avgqu-sz   await  svctm  %util
xvda              0.00   620.00    0.00  355.00     0.00     4.93    28.44    98.46  366.33   2.37  84.20

